#
# A fatal error has been detected by the Java Runtime Environment:
#
#  Internal Error (0xc000000d), pid=1048, tid=0x000000000000367c
#
# JRE version: Java(TM) SE Runtime Environment (8.0_111-b14) (build 1.8.0_111-b14)
# Java VM: Java HotSpot(TM) 64-Bit Server VM (25.111-b14 mixed mode windows-amd64 compressed oops)
# Problematic frame:
# C  [ntdll.dll+0x105a50]
#
# Failed to write core dump. Minidumps are not enabled by default on client versions of Windows
#
# If you would like to submit a bug report, please visit:
#   http://bugreport.java.com/bugreport/crash.jsp
#

---------------  T H R E A D  ---------------

Current thread (0x0000000019528000):  VMThread [stack: 0x000000001a5c0000,0x000000001a6c0000] [id=13948]

siginfo: ExceptionCode=0xc000000d

Registers:
RAX=0x00000000777cd79a, RBX=0x000000001bd21660, RCX=0x00000af44ec29003, RDX=0x00000000777e4e7e
RSP=0x000000001a6bed40, RBP=0x0000000000000000, RSI=0x000000001bd21660, RDI=0x000000001bd69d30
R8 =0x00000000777e4e7e, R9 =0x000000001a6bec00, R10=0x00000000777b5695, R11=0x00000000778437e0
R12=0x0000000000000001, R13=0x000000001bd61a30, R14=0x000000001bd39920, R15=0x00000000ffffffff
RIP=0x00007ff80af05a50, EFLAGS=0x0000000000000206

Top of Stack: (sp=0x000000001a6bed40)
0x000000001a6bed40:   0000000000000057 000000001bd21660
0x000000001a6bed50:   000000001bd21660 000000001bd69d30
0x000000001a6bed60:   00000000c000000d 0000000000000000
0x000000001a6bed70:   00007ff80af05a50 0000000000000000
0x000000001a6bed80:   0000000000000000 0000000000000000
0x000000001a6bed90:   0000000000000000 0000000000000000
0x000000001a6beda0:   0000000000000000 0000000000000000
0x000000001a6bedb0:   0000000000000000 0000000000000000
0x000000001a6bedc0:   0000000000000000 0000000000000000
0x000000001a6bedd0:   0000000000000000 0000000000000000
0x000000001a6bede0:   0000000000000000 0000000000000000
0x000000001a6bedf0:   0000000000000000 0000000000000000
0x000000001a6bee00:   00000af44ec29ac3 000000001bd69d30
0x000000001a6bee10:   000000001bd21660 00007ffff9a9577d
0x000000001a6bee20:   000000001bd69d30 000000001bd21660
0x000000001a6bee30:   0000000000000000 000000001a6bef68 

Instructions: (pc=0x00007ff80af05a50)
0x00007ff80af05a30:   64 fa ff c7 44 24 20 0d 00 00 c0 b9 57 00 00 00
0x00007ff80af05a40:   e8 eb 4b f5 ff 90 48 8d 4c 24 20 e8 f0 fa f0 ff
0x00007ff80af05a50:   eb 00 48 8b 8c 24 c0 00 00 00 48 33 cc e8 1e 05
0x00007ff80af05a60:   f9 ff 48 81 c4 d8 00 00 00 c3 40 55 48 83 ec 20 


Register to memory mapping:

RAX=0x00000000777cd79a is an unknown value
RBX=0x000000001bd21660 is an unknown value
RCX=0x00000af44ec29003 is an unknown value
RDX=0x00000000777e4e7e is an unknown value
RSP=0x000000001a6bed40 is an unknown value
RBP=0x0000000000000000 is an unknown value
RSI=0x000000001bd21660 is an unknown value
RDI=0x000000001bd69d30 is an unknown value
R8 =0x00000000777e4e7e is an unknown value
R9 =0x000000001a6bec00 is an unknown value
R10=0x00000000777b5695 is an unknown value
R11=0x00000000778437e0 is an unknown value
R12=0x0000000000000001 is an unknown value
R13=0x000000001bd61a30 is an unknown value
R14=0x000000001bd39920 is an unknown value
R15=0x00000000ffffffff is an unknown value


Stack: [0x000000001a5c0000,0x000000001a6c0000],  sp=0x000000001a6bed40,  free space=1019k
Native frames: (J=compiled Java code, j=interpreted, Vv=VM code, C=native code)

VM_Operation (0x00000000027ff310): Exit, mode: safepoint, requested by thread 0x00000000025fd800


---------------  P R O C E S S  ---------------

Java Threads: ( => current thread )
  0x000000001feef000 JavaThread "D3D Screen Updater" daemon [_thread_blocked, id=984, stack(0x00000000217e0000,0x00000000218e0000)]
  0x000000001fed6000 JavaThread "Thread-3" [_thread_blocked, id=18492, stack(0x00000000216e0000,0x00000000217e0000)]
  0x000000001fe7c800 JavaThread "AWT-EventQueue-0" [_thread_blocked, id=11184, stack(0x00000000213e0000,0x00000000214e0000)]
  0x000000001fe4d000 JavaThread "AWT-Windows" daemon [_thread_in_native, id=10972, stack(0x00000000207d0000,0x00000000208d0000)]
  0x000000001fe4a800 JavaThread "AWT-Shutdown" [_thread_blocked, id=22068, stack(0x00000000206d0000,0x00000000207d0000)]
  0x000000001fe3d800 JavaThread "Java2D Disposer" daemon [_thread_blocked, id=14500, stack(0x00000000205d0000,0x00000000206d0000)]
  0x000000001aee8800 JavaThread "Service Thread" daemon [_thread_blocked, id=15964, stack(0x000000001b2c0000,0x000000001b3c0000)]
  0x000000001956c000 JavaThread "C1 CompilerThread2" daemon [_thread_blocked, id=11760, stack(0x000000001adc0000,0x000000001aec0000)]
  0x0000000019567000 JavaThread "C2 CompilerThread1" daemon [_thread_blocked, id=11328, stack(0x000000001acc0000,0x000000001adc0000)]
  0x0000000019560800 JavaThread "C2 CompilerThread0" daemon [_thread_blocked, id=16136, stack(0x000000001abc0000,0x000000001acc0000)]
  0x000000001955f800 JavaThread "Attach Listener" daemon [_thread_blocked, id=18120, stack(0x000000001aac0000,0x000000001abc0000)]
  0x000000001955e000 JavaThread "Signal Dispatcher" daemon [_thread_blocked, id=18316, stack(0x000000001a9c0000,0x000000001aac0000)]
  0x000000001954a000 JavaThread "Finalizer" daemon [_thread_blocked, id=21140, stack(0x000000001a7c0000,0x000000001a8c0000)]
  0x0000000019528800 JavaThread "Reference Handler" daemon [_thread_blocked, id=20984, stack(0x000000001a6c0000,0x000000001a7c0000)]
  0x00000000025fd800 JavaThread "main" [_thread_blocked, id=4628, stack(0x0000000002700000,0x0000000002800000)]

Other Threads:
=>0x0000000019528000 VMThread [stack: 0x000000001a5c0000,0x000000001a6c0000] [id=13948]

VM state:at safepoint (shutting down)

VM Mutex/Monitor currently owned by a thread:  ([mutex/lock_event])
[0x00000000025fd1a0] Threads_lock - owner thread: 0x0000000019528000

Heap:
 PSYoungGen      total 196096K, used 132347K [0x0000000782f00000, 0x000000078f600000, 0x00000007c0000000)
  eden space 188416K, 66% used [0x0000000782f00000,0x000000078a8c2718,0x000000078e700000)
  from space 7680K, 99% used [0x000000078ee80000,0x000000078f5fc858,0x000000078f600000)
  to   space 7680K, 0% used [0x000000078e700000,0x000000078e700000,0x000000078ee80000)
 ParOldGen       total 125952K, used 39170K [0x0000000708c00000, 0x0000000710700000, 0x0000000782f00000)
  object space 125952K, 31% used [0x0000000708c00000,0x000000070b240ae8,0x0000000710700000)
 Metaspace       used 10472K, capacity 10612K, committed 10752K, reserved 1058816K
  class space    used 1197K, capacity 1259K, committed 1280K, reserved 1048576K

Card table byte_map: [0x0000000011cc0000,0x0000000012280000] byte_map_base: 0x000000000e47a000

Marking Bits: (ParMarkBitMap*) 0x00000000773ea6c0
 Begin Bits: [0x0000000012a60000, 0x0000000015830000)
 End Bits:   [0x0000000015830000, 0x0000000018600000)

Polling page: 0x0000000000d70000

CodeCache: size=245760Kb used=4138Kb max_used=4149Kb free=241621Kb
 bounds [0x0000000002900000, 0x0000000002d20000, 0x0000000011900000]
 total_blobs=1880 nmethods=1222 adapters=572
 compilation: enabled

Compilation events (10 events):
Event: 27.995 Thread 0x000000001956c000 nmethod 1230 0x0000000002d0c1d0 code [0x0000000002d0c340, 0x0000000002d0c628]
Event: 27.995 Thread 0x000000001956c000 1231       3       java.awt.image.BufferedImage::getSampleModel (8 bytes)
Event: 27.995 Thread 0x000000001956c000 nmethod 1231 0x0000000002d0c750 code [0x0000000002d0c8a0, 0x0000000002d0ca90]
Event: 28.200 Thread 0x0000000019567000 1232       4       java.util.HashMap$HashIterator::<init> (79 bytes)
Event: 28.205 Thread 0x0000000019567000 nmethod 1232 0x0000000002d0f990 code [0x0000000002d0fae0, 0x0000000002d0fd38]
Event: 29.114 Thread 0x0000000019560800 1233       4       java.util.HashMap$ValueIterator::next (8 bytes)
Event: 29.118 Thread 0x0000000019560800 nmethod 1233 0x0000000002d0fe90 code [0x0000000002d0ffe0, 0x0000000002d101d8]
Event: 29.150 Thread 0x0000000019567000 1234       4       java.util.LinkedList::linkLast (59 bytes)
Event: 29.152 Thread 0x0000000019567000 nmethod 1234 0x0000000002d10350 code [0x0000000002d104a0, 0x0000000002d105d8]
Event: 31.420 Thread 0x000000001956c000 1235       1       java.nio.Buffer::limit (5 bytes)

GC Heap History (8 events):
Event: 5.029 GC heap before
{Heap before GC invocations=1 (full 0):
 PSYoungGen      total 54784K, used 47104K [0x0000000782f00000, 0x0000000786c00000, 0x00000007c0000000)
  eden space 47104K, 100% used [0x0000000782f00000,0x0000000785d00000,0x0000000785d00000)
  from space 7680K, 0% used [0x0000000786480000,0x0000000786480000,0x0000000786c00000)
  to   space 7680K, 0% used [0x0000000785d00000,0x0000000785d00000,0x0000000786480000)
 ParOldGen       total 125952K, used 118K [0x0000000708c00000, 0x0000000710700000, 0x0000000782f00000)
  object space 125952K, 0% used [0x0000000708c00000,0x0000000708c1d888,0x0000000710700000)
 Metaspace       used 10229K, capacity 10420K, committed 10496K, reserved 1058816K
  class space    used 1196K, capacity 1259K, committed 1280K, reserved 1048576K
Event: 5.093 GC heap after
Heap after GC invocations=1 (full 0):
 PSYoungGen      total 54784K, used 7670K [0x0000000782f00000, 0x0000000789a00000, 0x00000007c0000000)
  eden space 47104K, 0% used [0x0000000782f00000,0x0000000782f00000,0x0000000785d00000)
  from space 7680K, 99% used [0x0000000785d00000,0x000000078647d868,0x0000000786480000)
  to   space 7680K, 0% used [0x0000000789280000,0x0000000789280000,0x0000000789a00000)
 ParOldGen       total 125952K, used 5276K [0x0000000708c00000, 0x0000000710700000, 0x0000000782f00000)
  object space 125952K, 4% used [0x0000000708c00000,0x0000000709127280,0x0000000710700000)
 Metaspace       used 10229K, capacity 10420K, committed 10496K, reserved 1058816K
  class space    used 1196K, capacity 1259K, committed 1280K, reserved 1048576K
}
Event: 8.255 GC heap before
{Heap before GC invocations=2 (full 0):
 PSYoungGen      total 54784K, used 54774K [0x0000000782f00000, 0x0000000789a00000, 0x00000007c0000000)
  eden space 47104K, 100% used [0x0000000782f00000,0x0000000785d00000,0x0000000785d00000)
  from space 7680K, 99% used [0x0000000785d00000,0x000000078647d868,0x0000000786480000)
  to   space 7680K, 0% used [0x0000000789280000,0x0000000789280000,0x0000000789a00000)
 ParOldGen       total 125952K, used 5626K [0x0000000708c00000, 0x0000000710700000, 0x0000000782f00000)
  object space 125952K, 4% used [0x0000000708c00000,0x000000070917eb50,0x0000000710700000)
 Metaspace       used 10299K, capacity 10484K, committed 10752K, reserved 1058816K
  class space    used 1196K, capacity 1259K, committed 1280K, reserved 1048576K
Event: 8.310 GC heap after
Heap after GC invocations=2 (full 0):
 PSYoungGen      total 101888K, used 7658K [0x0000000782f00000, 0x0000000789a00000, 0x00000007c0000000)
  eden space 94208K, 0% used [0x0000000782f00000,0x0000000782f00000,0x0000000788b00000)
  from space 7680K, 99% used [0x0000000789280000,0x00000007899fa858,0x0000000789a00000)
  to   space 7680K, 0% used [0x0000000788b00000,0x0000000788b00000,0x0000000789280000)
 ParOldGen       total 125952K, used 12626K [0x0000000708c00000, 0x0000000710700000, 0x0000000782f00000)
  object space 125952K, 10% used [0x0000000708c00000,0x0000000709854b50,0x0000000710700000)
 Metaspace       used 10299K, capacity 10484K, committed 10752K, reserved 1058816K
  class space    used 1196K, capacity 1259K, committed 1280K, reserved 1048576K
}
Event: 15.231 GC heap before
{Heap before GC invocations=3 (full 0):
 PSYoungGen      total 101888K, used 101866K [0x0000000782f00000, 0x0000000789a00000, 0x00000007c0000000)
  eden space 94208K, 100% used [0x0000000782f00000,0x0000000788b00000,0x0000000788b00000)
  from space 7680K, 99% used [0x0000000789280000,0x00000007899fa858,0x0000000789a00000)
  to   space 7680K, 0% used [0x0000000788b00000,0x0000000788b00000,0x0000000789280000)
 ParOldGen       total 125952K, used 12631K [0x0000000708c00000, 0x0000000710700000, 0x0000000782f00000)
  object space 125952K, 10% used [0x0000000708c00000,0x0000000709855d48,0x0000000710700000)
 Metaspace       used 10372K, capacity 10548K, committed 10752K, reserved 1058816K
  class space    used 1197K, capacity 1259K, committed 1280K, reserved 1048576K
Event: 15.315 GC heap after
Heap after GC invocations=3 (full 0):
 PSYoungGen      total 101888K, used 7678K [0x0000000782f00000, 0x000000078f600000, 0x00000007c0000000)
  eden space 94208K, 0% used [0x0000000782f00000,0x0000000782f00000,0x0000000788b00000)
  from space 7680K, 99% used [0x0000000788b00000,0x000000078927f868,0x0000000789280000)
  to   space 7680K, 0% used [0x000000078ee80000,0x000000078ee80000,0x000000078f600000)
 ParOldGen       total 125952K, used 26255K [0x0000000708c00000, 0x0000000710700000, 0x0000000782f00000)
  object space 125952K, 20% used [0x0000000708c00000,0x000000070a5a3d48,0x0000000710700000)
 Metaspace       used 10372K, capacity 10548K, committed 10752K, reserved 1058816K
  class space    used 1197K, capacity 1259K, committed 1280K, reserved 1048576K
}
Event: 22.394 GC heap before
{Heap before GC invocations=4 (full 0):
 PSYoungGen      total 101888K, used 101886K [0x0000000782f00000, 0x000000078f600000, 0x00000007c0000000)
  eden space 94208K, 100% used [0x0000000782f00000,0x0000000788b00000,0x0000000788b00000)
  from space 7680K, 99% used [0x0000000788b00000,0x000000078927f868,0x0000000789280000)
  to   space 7680K, 0% used [0x000000078ee80000,0x000000078ee80000,0x000000078f600000)
 ParOldGen       total 125952K, used 27458K [0x0000000708c00000, 0x0000000710700000, 0x0000000782f00000)
  object space 125952K, 21% used [0x0000000708c00000,0x000000070a6d0ae8,0x0000000710700000)
 Metaspace       used 10406K, capacity 10548K, committed 10752K, reserved 1058816K
  class space    used 1197K, capacity 1259K, committed 1280K, reserved 1048576K
Event: 22.476 GC heap after
Heap after GC invocations=4 (full 0):
 PSYoungGen      total 196096K, used 7666K [0x0000000782f00000, 0x000000078f600000, 0x00000007c0000000)
  eden space 188416K, 0% used [0x0000000782f00000,0x0000000782f00000,0x000000078e700000)
  from space 7680K, 99% used [0x000000078ee80000,0x000000078f5fc858,0x000000078f600000)
  to   space 7680K, 0% used [0x000000078e700000,0x000000078e700000,0x000000078ee80000)
 ParOldGen       total 125952K, used 39170K [0x0000000708c00000, 0x0000000710700000, 0x0000000782f00000)
  object space 125952K, 31% used [0x0000000708c00000,0x000000070b240ae8,0x0000000710700000)
 Metaspace       used 10406K, capacity 10548K, committed 10752K, reserved 1058816K
  class space    used 1197K, capacity 1259K, committed 1280K, reserved 1048576K
}

Deoptimization events (3 events):
Event: 5.130 Thread 0x0000000019528800 Uncommon trap: reason=unstable_if action=reinterpret pc=0x0000000002be04b4 method=java.lang.ref.Reference.tryHandlePending(Z)Z @ 104
Event: 5.183 Thread 0x000000001fe3d800 Uncommon trap: reason=unstable_if action=reinterpret pc=0x0000000002be53f4 method=java.lang.ref.ReferenceQueue.reallyPoll()Ljava/lang/ref/Reference; @ 15
Event: 5.184 Thread 0x000000001fe3d800 Uncommon trap: reason=unstable_if action=reinterpret pc=0x0000000002be5e68 method=java.lang.ref.ReferenceQueue.remove(J)Ljava/lang/ref/Reference; @ 31

Internal exceptions (10 events):
Event: 0.234 Thread 0x00000000025fd800 Exception <a 'java/security/PrivilegedActionException'> (0x00000007830e10f0) thrown at [C:\re\workspace\8-2-build-windows-amd64-cygwin\jdk8u111\7883\hotspot\src\share\vm\prims\jvm.cpp, line 1386]
Event: 0.235 Thread 0x00000000025fd800 Exception <a 'java/security/PrivilegedActionException'> (0x00000007830e4d38) thrown at [C:\re\workspace\8-2-build-windows-amd64-cygwin\jdk8u111\7883\hotspot\src\share\vm\prims\jvm.cpp, line 1386]
Event: 0.235 Thread 0x00000000025fd800 Exception <a 'java/security/PrivilegedActionException'> (0x00000007830e4f48) thrown at [C:\re\workspace\8-2-build-windows-amd64-cygwin\jdk8u111\7883\hotspot\src\share\vm\prims\jvm.cpp, line 1386]
Event: 2.077 Thread 0x00000000025fd800 Exception <a 'java/io/FileNotFoundException'> (0x0000000783292f28) thrown at [C:\re\workspace\8-2-build-windows-amd64-cygwin\jdk8u111\7883\hotspot\src\share\vm\prims\jni.cpp, line 709]
Event: 2.141 Thread 0x00000000025fd800 Exception <a 'java/lang/NoSuchFieldError': method resolution failed> (0x0000000783360390) thrown at [C:\re\workspace\8-2-build-windows-amd64-cygwin\jdk8u111\7883\hotspot\src\share\vm\prims\methodHandles.cpp, line 1146]
Event: 2.144 Thread 0x00000000025fd800 Exception <a 'java/lang/NoSuchFieldError': method resolution failed> (0x000000078336d730) thrown at [C:\re\workspace\8-2-build-windows-amd64-cygwin\jdk8u111\7883\hotspot\src\share\vm\prims\methodHandles.cpp, line 1146]
Event: 2.296 Thread 0x00000000025fd800 Exception <a 'java/io/FileNotFoundException'> (0x0000000783607120) thrown at [C:\re\workspace\8-2-build-windows-amd64-cygwin\jdk8u111\7883\hotspot\src\share\vm\prims\jni.cpp, line 709]
Event: 5.184 Thread 0x000000001fe3d800 Implicit null exception at 0x0000000002be5bbc to 0x0000000002be5e3d
Event: 31.420 Thread 0x00000000025fd800 Implicit null exception at 0x0000000002c1c5fc to 0x0000000002c1ccb9
Event: 31.420 Thread 0x00000000025fd800 Exception <a 'java/lang/NullPointerException'> (0x000000078a770e00) thrown at [C:\re\workspace\8-2-build-windows-amd64-cygwin\jdk8u111\7883\hotspot\src\share\vm\runtime\sharedRuntime.cpp, line 605]

Events (10 events):
Event: 15.395 Thread 0x0000000019560800 flushing nmethod 0x0000000002a0dad0
Event: 15.395 Thread 0x0000000019560800 flushing nmethod 0x0000000002a1b010
Event: 15.464 Thread 0x0000000019567000 flushing nmethod 0x0000000002a2f410
Event: 15.464 Thread 0x0000000019567000 flushing nmethod 0x0000000002a35390
Event: 15.464 Thread 0x0000000019567000 flushing nmethod 0x0000000002a3a410
Event: 22.394 Executing VM operation: ParallelGCFailedAllocation
Event: 22.476 Executing VM operation: ParallelGCFailedAllocation done
Event: 23.234 Thread 0x00000000025fd800 DEOPT PACKING pc=0x0000000002a3cb0a sp=0x00000000027febf0
Event: 23.234 Thread 0x00000000025fd800 DEOPT UNPACKING pc=0x000000000294747f sp=0x00000000027fe908 mode 0
Event: 31.421 Executing VM operation: Exit


Dynamic libraries:
0x00007ff6bf9a0000 - 0x00007ff6bf9d7000 	C:\Program Files\Java\jre1.8.0_111\bin\javaw.exe
0x00007ff80ae00000 - 0x00007ff80afdb000 	C:\WINDOWS\SYSTEM32\ntdll.dll
0x00007ff8088a0000 - 0x00007ff80894e000 	C:\WINDOWS\System32\KERNEL32.DLL
0x00007ff807320000 - 0x00007ff807569000 	C:\WINDOWS\System32\KERNELBASE.dll
0x00007ff8083c0000 - 0x00007ff808461000 	C:\WINDOWS\System32\ADVAPI32.dll
0x00007ff8085b0000 - 0x00007ff80864d000 	C:\WINDOWS\System32\msvcrt.dll
0x00007ff808cf0000 - 0x00007ff808d49000 	C:\WINDOWS\System32\sechost.dll
0x00007ff8086c0000 - 0x00007ff8087e5000 	C:\WINDOWS\System32\RPCRT4.dll
0x00007ff808950000 - 0x00007ff808a9a000 	C:\WINDOWS\System32\USER32.dll
0x00007ff8082f0000 - 0x00007ff80830e000 	C:\WINDOWS\System32\win32u.dll
0x00007ff8087f0000 - 0x00007ff808817000 	C:\WINDOWS\System32\GDI32.dll
0x00007ff807820000 - 0x00007ff8079a7000 	C:\WINDOWS\System32\gdi32full.dll
0x00007ff8075d0000 - 0x00007ff80766a000 	C:\WINDOWS\System32\msvcp_win.dll
0x00007ff807670000 - 0x00007ff807766000 	C:\WINDOWS\System32\ucrtbase.dll
0x00007ffffbcb0000 - 0x00007ffffbf17000 	C:\WINDOWS\WinSxS\amd64_microsoft.windows.common-controls_6595b64144ccf1df_6.0.15063.483_none_26002d27e7c744a2\COMCTL32.dll
0x00007ff808f20000 - 0x00007ff809219000 	C:\WINDOWS\System32\combase.dll
0x00007ff8079b0000 - 0x00007ff807a1a000 	C:\WINDOWS\System32\bcryptPrimitives.dll
0x00007ff808470000 - 0x00007ff80849d000 	C:\WINDOWS\System32\IMM32.DLL
0x0000000077790000 - 0x0000000077862000 	C:\Program Files\Java\jre1.8.0_111\bin\msvcr100.dll
0x0000000076bd0000 - 0x000000007746a000 	C:\Program Files\Java\jre1.8.0_111\bin\server\jvm.dll
0x00007ff808aa0000 - 0x00007ff808aa8000 	C:\WINDOWS\System32\PSAPI.DLL
0x00007ffff7e50000 - 0x00007ffff7e59000 	C:\WINDOWS\SYSTEM32\WSOCK32.dll
0x00007ff808c80000 - 0x00007ff808cec000 	C:\WINDOWS\System32\WS2_32.dll
0x00007ff804e30000 - 0x00007ff804e53000 	C:\WINDOWS\SYSTEM32\WINMM.dll
0x00007ff805740000 - 0x00007ff80574a000 	C:\WINDOWS\SYSTEM32\VERSION.dll
0x00007ff804cd0000 - 0x00007ff804cfb000 	C:\WINDOWS\SYSTEM32\WINMMBASE.dll
0x00007ff808310000 - 0x00007ff808359000 	C:\WINDOWS\System32\cfgmgr32.dll
0x0000000076bc0000 - 0x0000000076bcf000 	C:\Program Files\Java\jre1.8.0_111\bin\verify.dll
0x0000000076b90000 - 0x0000000076bb9000 	C:\Program Files\Java\jre1.8.0_111\bin\java.dll
0x0000000076b70000 - 0x0000000076b86000 	C:\Program Files\Java\jre1.8.0_111\bin\zip.dll
0x00007ff8097d0000 - 0x00007ff80ac07000 	C:\WINDOWS\System32\SHELL32.dll
0x00007ff808ab0000 - 0x00007ff808b5a000 	C:\WINDOWS\System32\shcore.dll
0x00007ff807a20000 - 0x00007ff808111000 	C:\WINDOWS\System32\windows.storage.dll
0x00007ff808360000 - 0x00007ff8083b1000 	C:\WINDOWS\System32\shlwapi.dll
0x00007ff8072e0000 - 0x00007ff8072f1000 	C:\WINDOWS\System32\kernel.appcore.dll
0x00007ff807290000 - 0x00007ff8072dc000 	C:\WINDOWS\System32\powrprof.dll
0x00007ff807300000 - 0x00007ff807315000 	C:\WINDOWS\System32\profapi.dll
0x00007fffd91c0000 - 0x00007fffd9b06000 	C:\Users\finma\Documents\GitHub\TrackerboxReloaded\build\opencv\opencv_java310.dll
0x00007ff80ac10000 - 0x00007ff80ad55000 	C:\WINDOWS\System32\ole32.dll
0x00007ff808b60000 - 0x00007ff808c20000 	C:\WINDOWS\System32\OLEAUT32.dll
0x00007ffffb130000 - 0x00007ffffb159000 	C:\WINDOWS\SYSTEM32\MSVFW32.dll
0x00007ffffd8a0000 - 0x00007ffffd8bf000 	C:\WINDOWS\SYSTEM32\AVIFIL32.dll
0x00007ffffb090000 - 0x00007ffffb0a8000 	C:\WINDOWS\SYSTEM32\AVICAP32.dll
0x00007ffff9450000 - 0x00007ffff946c000 	C:\WINDOWS\SYSTEM32\MSACM32.dll
0x00007ff806dd0000 - 0x00007ff806de7000 	C:\WINDOWS\SYSTEM32\CRYPTSP.dll
0x00007ff806410000 - 0x00007ff806444000 	C:\WINDOWS\system32\rsaenh.dll
0x00007ff807140000 - 0x00007ff807165000 	C:\WINDOWS\SYSTEM32\bcrypt.dll
0x00007ff807170000 - 0x00007ff807199000 	C:\WINDOWS\SYSTEM32\USERENV.dll
0x00007ff806990000 - 0x00007ff80699b000 	C:\WINDOWS\SYSTEM32\CRYPTBASE.dll
0x0000000076b50000 - 0x0000000076b6a000 	C:\Program Files\Java\jre1.8.0_111\bin\net.dll
0x00007ff8067f0000 - 0x00007ff80684c000 	C:\WINDOWS\system32\mswsock.dll
0x00007ff806590000 - 0x00007ff8065c7000 	C:\WINDOWS\SYSTEM32\IPHLPAPI.DLL
0x00007ff8086b0000 - 0x00007ff8086b8000 	C:\WINDOWS\System32\NSI.dll
0x00007ffffef70000 - 0x00007ffffef86000 	C:\WINDOWS\SYSTEM32\dhcpcsvc6.DLL
0x00007fffff000000 - 0x00007fffff01a000 	C:\WINDOWS\SYSTEM32\dhcpcsvc.DLL
0x0000000076b30000 - 0x0000000076b41000 	C:\Program Files\Java\jre1.8.0_111\bin\nio.dll
0x00007fffe67b0000 - 0x00007fffe6899000 	C:\Users\finma\AppData\Local\Temp\NetworkTablesJNI4941031446261298982.dll
0x00007fffdbdf0000 - 0x00007fffdc0dc000 	C:\Users\finma\AppData\Local\Temp\CameraServerJNI6995556296430743507.dll
0x00007ff805180000 - 0x00007ff805215000 	C:\WINDOWS\system32\uxtheme.dll
0x00007ff80ad60000 - 0x00007ff80adfe000 	C:\WINDOWS\System32\clbcatq.dll
0x00007ffffab50000 - 0x00007ffffab67000 	C:\Windows\System32\devenum.dll
0x00007ff809390000 - 0x00007ff8097cb000 	C:\WINDOWS\System32\setupapi.dll
0x00007ff8060f0000 - 0x00007ff806121000 	C:\WINDOWS\SYSTEM32\ntmarta.dll
0x00007ff8053c0000 - 0x00007ff8053e8000 	C:\WINDOWS\SYSTEM32\DEVOBJ.dll
0x00007ff807570000 - 0x00007ff8075c6000 	C:\WINDOWS\System32\WINTRUST.dll
0x00007ff807270000 - 0x00007ff807281000 	C:\WINDOWS\System32\MSASN1.dll
0x00007ff808120000 - 0x00007ff8082e9000 	C:\WINDOWS\System32\CRYPT32.dll
0x00007ff8016a0000 - 0x00007ff8016ab000 	C:\WINDOWS\SYSTEM32\msdmo.dll
0x00007ffff4b90000 - 0x00007ffff4bc2000 	C:\Windows\System32\qcap.dll
0x00007fffe4a50000 - 0x00007fffe4c0c000 	C:\Windows\System32\quartz.dll
0x00007ff809220000 - 0x00007ff809386000 	C:\WINDOWS\System32\MSCTF.dll
0x00007ff803560000 - 0x00007ff80358a000 	C:\WINDOWS\system32\dwmapi.dll
0x00007fffee700000 - 0x00007fffee74d000 	C:\Windows\System32\mfksproxy.dll
0x00007ffff3c90000 - 0x00007ffff3cac000 	C:\Windows\System32\ATL.DLL
0x00007fffef4c0000 - 0x00007fffef4f2000 	C:\Windows\System32\MFSENSORGROUP.dll
0x00007ffff98f0000 - 0x00007ffff9a90000 	C:\Windows\System32\MFPlat.DLL
0x00007ffff9a90000 - 0x00007ffff9ac2000 	C:\Windows\System32\RTWorkQ.DLL
0x00007fffca300000 - 0x00007fffca778000 	C:\Windows\System32\MFCORE.dll
0x00007ffff4a30000 - 0x00007ffff4a39000 	C:\Windows\System32\ksuser.dll
0x00007fffedee0000 - 0x00007fffedf2a000 	C:\Windows\System32\FSClient.dll
0x00007ff804520000 - 0x00007ff8047ff000 	C:\Windows\System32\d3d11.dll
0x00007ff805880000 - 0x00007ff805924000 	C:\Windows\System32\dxgi.dll
0x00007ff8026b0000 - 0x00007ff8026bb000 	C:\Windows\System32\AVRT.dll
0x00007ff803a00000 - 0x00007ff803a0c000 	C:\Windows\System32\vidcap.ax
0x00007ffff4b40000 - 0x00007ffff4b66000 	C:\Windows\System32\kswdmcap.ax
0x00007fffe24c0000 - 0x00007fffe2624000 	C:\Windows\System32\MFC42.dll
0x00007ff803400000 - 0x00007ff803477000 	C:\WINDOWS\SYSTEM32\policymanager.dll
0x00007ff803230000 - 0x00007ff8032bf000 	C:\Windows\System32\msvcp110_win.dll
0x00007fffe42f0000 - 0x00007fffe43e4000 	C:\Windows\System32\MFReadWrite.dll
0x00007fffe2250000 - 0x00007fffe22ef000 	C:\Windows\System32\qedit.dll
0x00007ff8084a0000 - 0x00007ff8085a8000 	C:\WINDOWS\System32\COMDLG32.dll
0x00007ffffbf20000 - 0x00007ffffc0b5000 	C:\WINDOWS\WinSxS\amd64_microsoft.windows.gdiplus_6595b64144ccf1df_1.1.15063.608_none_56f0266b425534e9\gdiplus.dll
0x00007fffdce70000 - 0x00007fffdcf66000 	C:\Windows\System32\DDRAW.dll
0x00007ffffbbf0000 - 0x00007ffffbbf8000 	C:\Windows\System32\DCIMAN32.dll
0x00007ff801420000 - 0x00007ff80142c000 	C:\WINDOWS\SYSTEM32\msyuv.dll
0x0000000075eb0000 - 0x0000000076048000 	C:\Program Files\Java\jre1.8.0_111\bin\awt.dll
0x00007ff805060000 - 0x00007ff8050de000 	C:\WINDOWS\SYSTEM32\apphelp.dll
0x0000000077750000 - 0x0000000077781000 	C:\Program Files\Java\jre1.8.0_111\bin\jpeg.dll
0x00007fffd7350000 - 0x00007fffd74d9000 	C:\WINDOWS\system32\d3d9.dll
0x00007ff802c90000 - 0x00007ff802e08000 	C:\WINDOWS\SYSTEM32\aticfx64.dll
0x00007fffeeb50000 - 0x00007fffeeb79000 	C:\WINDOWS\SYSTEM32\atiu9p64.dll
0x00007fffcc630000 - 0x00007fffcce9e000 	C:\WINDOWS\SYSTEM32\atiumd64.dll
0x0000000076100000 - 0x0000000076ae7000 	C:\WINDOWS\SYSTEM32\atiumd6a.dll
0x0000000077700000 - 0x0000000077747000 	C:\Program Files\Java\jre1.8.0_111\bin\fontmanager.dll
0x00007fffff4a0000 - 0x00007fffff522000 	C:\WINDOWS\System32\TextInputFramework.dll
0x00007ff804830000 - 0x00007ff804913000 	C:\WINDOWS\System32\CoreMessaging.dll
0x00007fffff070000 - 0x00007fffff342000 	C:\WINDOWS\System32\CoreUIComponents.dll
0x00007ff8034a0000 - 0x00007ff8034b5000 	C:\WINDOWS\SYSTEM32\usermgrcli.dll
0x00007ff8035d0000 - 0x00007ff803709000 	C:\WINDOWS\SYSTEM32\wintypes.dll
0x00007ff8065e0000 - 0x00007ff806684000 	C:\WINDOWS\SYSTEM32\DNSAPI.dll
0x0000000077660000 - 0x0000000077686000 	C:\Program Files\Bonjour\mdnsNSP.dll
0x00000000776b0000 - 0x00000000776c9000 	C:\WINDOWS\SYSTEM32\dnssd.dll
0x00007ffff57f0000 - 0x00007ffff57fa000 	C:\Windows\System32\rasadhlp.dll
0x00007ff806bb0000 - 0x00007ff806d59000 	C:\WINDOWS\SYSTEM32\dbghelp.dll

VM Arguments:
jvm_args: -Djava.library.path=C:\Users\finma\Documents\GitHub\TrackerboxReloaded\build\opencv -Dfile.encoding=Cp1252 
java_command: main.java.Main
java_class_path (initial): C:\Users\finma\Documents\GitHub\TrackerboxReloaded\bin;C:\Users\finma\Documents\GitHub\TrackerboxReloaded\build\libs\CameraVision-all.jar;C:\Users\finma\Documents\GitHub\TrackerboxReloaded\build\libs\CameraVision.jar
Launcher Type: SUN_STANDARD

Environment Variables:
JAVA_HOME=C:\Program Files\Java\jdk1.8.0_111\
CLASSPATH=C:\Program Files\Java\jre7\lib\ext\mysql-connector.jar;C:\Program Files\OpenNI\Bin64\org.OpenNI.jar
PATH=C:/Program Files/Java/jre1.8.0_111/bin/server;C:/Program Files/Java/jre1.8.0_111/bin;C:/Program Files/Java/jre1.8.0_111/lib/amd64;C:\ProgramData\Oracle\Java\javapath;C:\Program Files\Java\jdk1.8.0_111\bin;C:\WINDOWS\system32;C:\WINDOWS;C:\WINDOWS\System32\Wbem;C:\WINDOWS\System32\WindowsPowerShell\v1.0\;C:\Program Files (x86)\Windows Live\Shared;C:\Program Files (x86)\Skype\Phone\;C:\Program Files\Git\cmd;C:\Users\finma\Desktop\ant\bin;C:\Gradle\bin;C:\Program Files\Intel\WiFi\bin\;C:\Program Files\Common Files\Intel\WirelessCommon\;C:\Users\finma\Desktop\BackedUpFiles\maven\bin;C:\Program Files\CMake\bin;C:\Program Files (x86)\Windows Kits\8.1\Windows Performance Toolkit\;C:\Program Files\PrimeSense\NITE\bin64;C:\Program Files\PuTTY\;C:\Program Files\OpenNI\Bin64;C:\Program Files\PCL 1.6.0\bin;C:\Program Files (x86)\OpenNI\Bin;C:\Users\finma\AppData\Local\Programs\Python\Python36\Scripts\;C:\Users\finma\AppData\Local\Programs\Python\Python36\;C:\Users\finma\AppData\Local\Microsoft\WindowsApps;;C:\WINDOWS\system32;
USERNAME=finma
OS=Windows_NT
PROCESSOR_IDENTIFIER=AMD64 Family 21 Model 101 Stepping 1, AuthenticAMD



---------------  S Y S T E M  ---------------

OS: Windows 10.0 , 64 bit Build 15063 (10.0.15063.296)

CPU:total 4 (4 cores per cpu, 1 threads per core) family 21 model 101 stepping 1, cmov, cx8, fxsr, mmx, sse, sse2, sse3, ssse3, sse4.1, sse4.2, popcnt, avx, avx2, aes, clmul, mmxext, 3dnowpref, lzcnt, sse4a, tsc, tscinvbit, tscinv, bmi1

Memory: 4k page, physical 12005684k(5786456k free), swap 15824724k(6569380k free)

vm_info: Java HotSpot(TM) 64-Bit Server VM (25.111-b14) for windows-amd64 JRE (1.8.0_111-b14), built on Sep 22 2016 19:24:05 by "java_re" with MS VC++ 10.0 (VS2010)

time: Sun Jan 14 15:58:00 2018
elapsed time: 35 seconds (0d 0h 0m 35s)

