#
# A fatal error has been detected by the Java Runtime Environment:
#
#  Internal Error (0xc000000d), pid=13336, tid=0x0000000000002e8c
#
# JRE version: Java(TM) SE Runtime Environment (8.0_111-b14) (build 1.8.0_111-b14)
# Java VM: Java HotSpot(TM) 64-Bit Server VM (25.111-b14 mixed mode windows-amd64 compressed oops)
# Problematic frame:
# C  [ntdll.dll+0x105a50]
#
# Failed to write core dump. Minidumps are not enabled by default on client versions of Windows
#
# If you would like to submit a bug report, please visit:
#   http://bugreport.java.com/bugreport/crash.jsp
#

---------------  T H R E A D  ---------------

Current thread (0x0000000019798000):  VMThread [stack: 0x000000001a840000,0x000000001a940000] [id=11916]

siginfo: ExceptionCode=0xc000000d

Registers:
RAX=0x0000000000000000, RBX=0x000000001c0b28f0, RCX=0x0000000000000000, RDX=0x0000000000000000
RSP=0x000000001a93ea90, RBP=0x0000000000000000, RSI=0x000000001c0b28f0, RDI=0x000000001c0f9f60
R8 =0x0000000000000000, R9 =0x0000000000c40000, R10=0x00007ff80ae2e57a, R11=0x0000000000000001
R12=0x0000000000000001, R13=0x000000001c0e1b70, R14=0x000000001c0c9920, R15=0x00000000ffffffff
RIP=0x00007ff80af05a50, EFLAGS=0x0000000000000202

Top of Stack: (sp=0x000000001a93ea90)
0x000000001a93ea90:   0000000000000057 000000001c0b28f0
0x000000001a93eaa0:   000000001c0b28f0 000000001c0f9f60
0x000000001a93eab0:   00000000c000000d 0000000000000000
0x000000001a93eac0:   00007ff80af05a50 0000000000000000
0x000000001a93ead0:   0000000000000000 0000000000000000
0x000000001a93eae0:   0000000000000000 0000000000000000
0x000000001a93eaf0:   0000000000000000 0000000000000000
0x000000001a93eb00:   0000000000000000 0000000000000000
0x000000001a93eb10:   0000000000000000 0000000000000000
0x000000001a93eb20:   0000000000000000 0000000000000000
0x000000001a93eb30:   0000000000000000 0000000000000000
0x000000001a93eb40:   0000000000000000 0000000000000000
0x000000001a93eb50:   00002a2950728a3b 000000001c0f9f60
0x000000001a93eb60:   000000001c0b28f0 00007ffff9a9577d
0x000000001a93eb70:   000000001c0f9f60 000000001c0b28f0
0x000000001a93eb80:   0000000000000000 000000001a93ecb8 

Instructions: (pc=0x00007ff80af05a50)
0x00007ff80af05a30:   64 fa ff c7 44 24 20 0d 00 00 c0 b9 57 00 00 00
0x00007ff80af05a40:   e8 eb 4b f5 ff 90 48 8d 4c 24 20 e8 f0 fa f0 ff
0x00007ff80af05a50:   eb 00 48 8b 8c 24 c0 00 00 00 48 33 cc e8 1e 05
0x00007ff80af05a60:   f9 ff 48 81 c4 d8 00 00 00 c3 40 55 48 83 ec 20 


Register to memory mapping:

RAX=0x0000000000000000 is an unknown value
RBX=0x000000001c0b28f0 is an unknown value
RCX=0x0000000000000000 is an unknown value
RDX=0x0000000000000000 is an unknown value
RSP=0x000000001a93ea90 is an unknown value
RBP=0x0000000000000000 is an unknown value
RSI=0x000000001c0b28f0 is an unknown value
RDI=0x000000001c0f9f60 is an unknown value
R8 =0x0000000000000000 is an unknown value
R9 =0x0000000000c40000 is an unknown value
R10=0x00007ff80ae2e57a is an unknown value
R11=0x0000000000000001 is an unknown value
R12=0x0000000000000001 is an unknown value
R13=0x000000001c0e1b70 is an unknown value
R14=0x000000001c0c9920 is an unknown value
R15=0x00000000ffffffff is an unknown value


Stack: [0x000000001a840000,0x000000001a940000],  sp=0x000000001a93ea90,  free space=1018k
Native frames: (J=compiled Java code, j=interpreted, Vv=VM code, C=native code)

VM_Operation (0x0000000002a6f560): Exit, mode: safepoint, requested by thread 0x00000000028bd800


---------------  P R O C E S S  ---------------

Java Threads: ( => current thread )
  0x00000000202b3800 JavaThread "D3D Screen Updater" daemon [_thread_blocked, id=17684, stack(0x0000000021cc0000,0x0000000021dc0000)]
  0x000000002029c800 JavaThread "Thread-3" [_thread_blocked, id=14840, stack(0x0000000021bc0000,0x0000000021cc0000)]
  0x0000000020249000 JavaThread "AWT-EventQueue-0" [_thread_blocked, id=12560, stack(0x00000000218c0000,0x00000000219c0000)]
  0x000000002020c800 JavaThread "AWT-Windows" daemon [_thread_blocked, id=18488, stack(0x0000000020bc0000,0x0000000020cc0000)]
  0x000000002020a000 JavaThread "AWT-Shutdown" [_thread_blocked, id=16276, stack(0x0000000020ac0000,0x0000000020bc0000)]
  0x0000000020206800 JavaThread "Java2D Disposer" daemon [_thread_blocked, id=340, stack(0x00000000209c0000,0x0000000020ac0000)]
  0x000000001982d800 JavaThread "Service Thread" daemon [_thread_blocked, id=7488, stack(0x000000001b630000,0x000000001b730000)]
  0x00000000197d8800 JavaThread "C1 CompilerThread2" daemon [_thread_blocked, id=22444, stack(0x000000001b130000,0x000000001b230000)]
  0x00000000197d3000 JavaThread "C2 CompilerThread1" daemon [_thread_blocked, id=17816, stack(0x000000001b030000,0x000000001b130000)]
  0x00000000197d0000 JavaThread "C2 CompilerThread0" daemon [_thread_blocked, id=10524, stack(0x000000001af30000,0x000000001b030000)]
  0x00000000197ce800 JavaThread "Attach Listener" daemon [_thread_blocked, id=924, stack(0x000000001ae30000,0x000000001af30000)]
  0x00000000197ba800 JavaThread "Finalizer" daemon [_thread_blocked, id=21472, stack(0x000000001aa40000,0x000000001ab40000)]
  0x0000000002b5f000 JavaThread "Reference Handler" daemon [_thread_blocked, id=15616, stack(0x000000001a940000,0x000000001aa40000)]
  0x00000000028bd800 JavaThread "main" [_thread_blocked, id=15160, stack(0x0000000002970000,0x0000000002a70000)]

Other Threads:
=>0x0000000019798000 VMThread [stack: 0x000000001a840000,0x000000001a940000] [id=11916]

VM state:at safepoint (shutting down)

VM Mutex/Monitor currently owned by a thread:  ([mutex/lock_event])
[0x00000000028bc7a0] Threads_lock - owner thread: 0x0000000019798000

Heap:
 PSYoungGen      total 54784K, used 11266K [0x0000000782f00000, 0x0000000786c00000, 0x00000007c0000000)
  eden space 47104K, 23% used [0x0000000782f00000,0x0000000783a008a8,0x0000000785d00000)
  from space 7680K, 0% used [0x0000000786480000,0x0000000786480000,0x0000000786c00000)
  to   space 7680K, 0% used [0x0000000785d00000,0x0000000785d00000,0x0000000786480000)
 ParOldGen       total 125952K, used 0K [0x0000000708c00000, 0x0000000710700000, 0x0000000782f00000)
  object space 125952K, 0% used [0x0000000708c00000,0x0000000708c00000,0x0000000710700000)
 Metaspace       used 9805K, capacity 9996K, committed 10240K, reserved 1058816K
  class space    used 1168K, capacity 1227K, committed 1280K, reserved 1048576K

Card table byte_map: [0x0000000011f30000,0x00000000124f0000] byte_map_base: 0x000000000e6ea000

Marking Bits: (ParMarkBitMap*) 0x00000000773ea6c0
 Begin Bits: [0x0000000012cd0000, 0x0000000015aa0000)
 End Bits:   [0x0000000015aa0000, 0x0000000018870000)

Polling page: 0x00000000028a0000

CodeCache: size=245760Kb used=2259Kb max_used=2271Kb free=243500Kb
 bounds [0x0000000002b70000, 0x0000000002de0000, 0x0000000011b70000]
 total_blobs=1128 nmethods=472 adapters=570
 compilation: enabled

Compilation events (10 events):
Event: 2.749 Thread 0x00000000197d8800 nmethod 469 0x0000000002d90610 code [0x0000000002d90780, 0x0000000002d90a30]
Event: 2.750 Thread 0x00000000197d8800  470       1       sun.java2d.loops.GraphicsPrimitive::getUniqueID (5 bytes)
Event: 2.750 Thread 0x00000000197d8800 nmethod 470 0x0000000002d9abd0 code [0x0000000002d9ad20, 0x0000000002d9ae30]
Event: 2.750 Thread 0x00000000197d8800  471       3       sun.java2d.loops.GraphicsPrimitiveMgr$1::compare (39 bytes)
Event: 2.751 Thread 0x00000000197d8800 nmethod 471 0x0000000002d9d3d0 code [0x0000000002d9d540, 0x0000000002d9da50]
Event: 2.752 Thread 0x00000000197d3000  472       4       sun.java2d.loops.GraphicsPrimitiveMgr$1::compare (39 bytes)
Event: 2.753 Thread 0x00000000197d3000 nmethod 472 0x0000000002da74d0 code [0x0000000002da7620, 0x0000000002da7718]
Event: 2.757 Thread 0x00000000197d0000 nmethod 468 0x0000000002da5790 code [0x0000000002da58e0, 0x0000000002da5d38]
Event: 2.772 Thread 0x00000000197d8800  473       1       java.nio.Buffer::limit (5 bytes)
Event: 2.773 Thread 0x00000000197d8800 nmethod 473 0x0000000002da54d0 code [0x0000000002da5620, 0x0000000002da5730]

GC Heap History (0 events):
No events

Deoptimization events (0 events):
No events

Internal exceptions (10 events):
Event: 0.055 Thread 0x00000000028bd800 Exception <a 'java/lang/NoSuchMethodError': Method sun.misc.Unsafe.prefetchRead(Ljava/lang/Object;J)V name or signature does not match> (0x0000000782f07f60) thrown at [C:\re\workspace\8-2-build-windows-amd64-cygwin\jdk8u111\7883\hotspot\src\share\vm\prims
Event: 0.201 Thread 0x00000000028bd800 Exception <a 'java/security/PrivilegedActionException'> (0x00000007830df238) thrown at [C:\re\workspace\8-2-build-windows-amd64-cygwin\jdk8u111\7883\hotspot\src\share\vm\prims\jvm.cpp, line 1386]
Event: 0.201 Thread 0x00000000028bd800 Exception <a 'java/security/PrivilegedActionException'> (0x00000007830df448) thrown at [C:\re\workspace\8-2-build-windows-amd64-cygwin\jdk8u111\7883\hotspot\src\share\vm\prims\jvm.cpp, line 1386]
Event: 0.203 Thread 0x00000000028bd800 Exception <a 'java/security/PrivilegedActionException'> (0x00000007830e3090) thrown at [C:\re\workspace\8-2-build-windows-amd64-cygwin\jdk8u111\7883\hotspot\src\share\vm\prims\jvm.cpp, line 1386]
Event: 0.203 Thread 0x00000000028bd800 Exception <a 'java/security/PrivilegedActionException'> (0x00000007830e32a0) thrown at [C:\re\workspace\8-2-build-windows-amd64-cygwin\jdk8u111\7883\hotspot\src\share\vm\prims\jvm.cpp, line 1386]
Event: 2.271 Thread 0x00000000028bd800 Exception <a 'java/io/FileNotFoundException'> (0x0000000783292018) thrown at [C:\re\workspace\8-2-build-windows-amd64-cygwin\jdk8u111\7883\hotspot\src\share\vm\prims\jni.cpp, line 709]
Event: 2.338 Thread 0x00000000028bd800 Exception <a 'java/lang/NoSuchFieldError': method resolution failed> (0x000000078335f3c8) thrown at [C:\re\workspace\8-2-build-windows-amd64-cygwin\jdk8u111\7883\hotspot\src\share\vm\prims\methodHandles.cpp, line 1146]
Event: 2.341 Thread 0x00000000028bd800 Exception <a 'java/lang/NoSuchFieldError': method resolution failed> (0x000000078336c768) thrown at [C:\re\workspace\8-2-build-windows-amd64-cygwin\jdk8u111\7883\hotspot\src\share\vm\prims\methodHandles.cpp, line 1146]
Event: 2.543 Thread 0x00000000028bd800 Exception <a 'java/io/FileNotFoundException'> (0x00000007836011e0) thrown at [C:\re\workspace\8-2-build-windows-amd64-cygwin\jdk8u111\7883\hotspot\src\share\vm\prims\jni.cpp, line 709]
Event: 2.772 Thread 0x00000000028bd800 Exception <a 'org/opencv/core/CvException': cv::Exception: C:\Users\thadh\Documents\GitHub\wpilibsuite\opencv\modules\imgproc\src\corner.cpp:287: error: (-215) src.type() == CV_8UC1 || src.type() == CV_32FC1 in function cv::cornerEigenValsVecs
> (0x000000

Events (10 events):
Event: 2.771 loading class java/util/ArrayList$ListItr
Event: 2.771 loading class org/opencv/core/CvException
Event: 2.771 loading class java/util/ArrayList$ListItr done
Event: 2.771 loading class org/opencv/core/CvException done
Event: 2.772 loading class sun/awt/CausedFocusEvent$Cause
Event: 2.772 loading class sun/awt/CausedFocusEvent$Cause done
Event: 2.772 loading class java/awt/KeyboardFocusManager$HeavyweightFocusRequest
Event: 2.773 loading class java/awt/KeyboardFocusManager$HeavyweightFocusRequest done
Event: 2.773 Thread 0x00000000197cd000 Thread exited: 0x00000000197cd000
Event: 2.773 Executing VM operation: Exit


Dynamic libraries:
0x00007ff6bf9a0000 - 0x00007ff6bf9d7000 	C:\Program Files\Java\jre1.8.0_111\bin\javaw.exe
0x00007ff80ae00000 - 0x00007ff80afdb000 	C:\WINDOWS\SYSTEM32\ntdll.dll
0x00007ff8088a0000 - 0x00007ff80894e000 	C:\WINDOWS\System32\KERNEL32.DLL
0x00007ff807320000 - 0x00007ff807569000 	C:\WINDOWS\System32\KERNELBASE.dll
0x00007ff8083c0000 - 0x00007ff808461000 	C:\WINDOWS\System32\ADVAPI32.dll
0x00007ff8085b0000 - 0x00007ff80864d000 	C:\WINDOWS\System32\msvcrt.dll
0x00007ff808cf0000 - 0x00007ff808d49000 	C:\WINDOWS\System32\sechost.dll
0x00007ff8086c0000 - 0x00007ff8087e5000 	C:\WINDOWS\System32\RPCRT4.dll
0x00007ff808950000 - 0x00007ff808a9a000 	C:\WINDOWS\System32\USER32.dll
0x00007ff8082f0000 - 0x00007ff80830e000 	C:\WINDOWS\System32\win32u.dll
0x00007ff8087f0000 - 0x00007ff808817000 	C:\WINDOWS\System32\GDI32.dll
0x00007ff807820000 - 0x00007ff8079a7000 	C:\WINDOWS\System32\gdi32full.dll
0x00007ff8075d0000 - 0x00007ff80766a000 	C:\WINDOWS\System32\msvcp_win.dll
0x00007ff807670000 - 0x00007ff807766000 	C:\WINDOWS\System32\ucrtbase.dll
0x00007ffffbcb0000 - 0x00007ffffbf17000 	C:\WINDOWS\WinSxS\amd64_microsoft.windows.common-controls_6595b64144ccf1df_6.0.15063.483_none_26002d27e7c744a2\COMCTL32.dll
0x00007ff808f20000 - 0x00007ff809219000 	C:\WINDOWS\System32\combase.dll
0x00007ff8079b0000 - 0x00007ff807a1a000 	C:\WINDOWS\System32\bcryptPrimitives.dll
0x00007ff808470000 - 0x00007ff80849d000 	C:\WINDOWS\System32\IMM32.DLL
0x0000000075f70000 - 0x0000000076042000 	C:\Program Files\Java\jre1.8.0_111\bin\msvcr100.dll
0x0000000076bd0000 - 0x000000007746a000 	C:\Program Files\Java\jre1.8.0_111\bin\server\jvm.dll
0x00007ff808aa0000 - 0x00007ff808aa8000 	C:\WINDOWS\System32\PSAPI.DLL
0x00007ffff7e50000 - 0x00007ffff7e59000 	C:\WINDOWS\SYSTEM32\WSOCK32.dll
0x00007ff804e30000 - 0x00007ff804e53000 	C:\WINDOWS\SYSTEM32\WINMM.dll
0x00007ff808c80000 - 0x00007ff808cec000 	C:\WINDOWS\System32\WS2_32.dll
0x00007ff805740000 - 0x00007ff80574a000 	C:\WINDOWS\SYSTEM32\VERSION.dll
0x00007ff804cd0000 - 0x00007ff804cfb000 	C:\WINDOWS\SYSTEM32\WINMMBASE.dll
0x00007ff808310000 - 0x00007ff808359000 	C:\WINDOWS\System32\cfgmgr32.dll
0x0000000076bc0000 - 0x0000000076bcf000 	C:\Program Files\Java\jre1.8.0_111\bin\verify.dll
0x0000000076b90000 - 0x0000000076bb9000 	C:\Program Files\Java\jre1.8.0_111\bin\java.dll
0x0000000076b70000 - 0x0000000076b86000 	C:\Program Files\Java\jre1.8.0_111\bin\zip.dll
0x00007ff8097d0000 - 0x00007ff80ac07000 	C:\WINDOWS\System32\SHELL32.dll
0x00007ff808ab0000 - 0x00007ff808b5a000 	C:\WINDOWS\System32\shcore.dll
0x00007ff807a20000 - 0x00007ff808111000 	C:\WINDOWS\System32\windows.storage.dll
0x00007ff808360000 - 0x00007ff8083b1000 	C:\WINDOWS\System32\shlwapi.dll
0x00007ff8072e0000 - 0x00007ff8072f1000 	C:\WINDOWS\System32\kernel.appcore.dll
0x00007ff807290000 - 0x00007ff8072dc000 	C:\WINDOWS\System32\powrprof.dll
0x00007ff807300000 - 0x00007ff807315000 	C:\WINDOWS\System32\profapi.dll
0x00007fffd91c0000 - 0x00007fffd9b06000 	C:\Users\finma\Documents\GitHub\TrackerboxReloaded\build\opencv\opencv_java310.dll
0x00007ff80ac10000 - 0x00007ff80ad55000 	C:\WINDOWS\System32\ole32.dll
0x00007ff808b60000 - 0x00007ff808c20000 	C:\WINDOWS\System32\OLEAUT32.dll
0x00007ffffab50000 - 0x00007ffffab6f000 	C:\WINDOWS\SYSTEM32\AVIFIL32.dll
0x00007fffee720000 - 0x00007fffee749000 	C:\WINDOWS\SYSTEM32\MSVFW32.dll
0x00007ffff9450000 - 0x00007ffff946c000 	C:\WINDOWS\SYSTEM32\MSACM32.dll
0x00007ffff9870000 - 0x00007ffff9888000 	C:\WINDOWS\SYSTEM32\AVICAP32.dll
0x00007ff806dd0000 - 0x00007ff806de7000 	C:\WINDOWS\SYSTEM32\CRYPTSP.dll
0x00007ff806410000 - 0x00007ff806444000 	C:\WINDOWS\system32\rsaenh.dll
0x00007ff807140000 - 0x00007ff807165000 	C:\WINDOWS\SYSTEM32\bcrypt.dll
0x00007ff807170000 - 0x00007ff807199000 	C:\WINDOWS\SYSTEM32\USERENV.dll
0x00007ff806990000 - 0x00007ff80699b000 	C:\WINDOWS\SYSTEM32\CRYPTBASE.dll
0x0000000076b50000 - 0x0000000076b6a000 	C:\Program Files\Java\jre1.8.0_111\bin\net.dll
0x00007ff8067f0000 - 0x00007ff80684c000 	C:\WINDOWS\system32\mswsock.dll
0x00007ff806590000 - 0x00007ff8065c7000 	C:\WINDOWS\SYSTEM32\IPHLPAPI.DLL
0x00007ff8086b0000 - 0x00007ff8086b8000 	C:\WINDOWS\System32\NSI.dll
0x00007ffffef70000 - 0x00007ffffef86000 	C:\WINDOWS\SYSTEM32\dhcpcsvc6.DLL
0x00007fffff000000 - 0x00007fffff01a000 	C:\WINDOWS\SYSTEM32\dhcpcsvc.DLL
0x0000000076b30000 - 0x0000000076b41000 	C:\Program Files\Java\jre1.8.0_111\bin\nio.dll
0x00007fffe4530000 - 0x00007fffe4619000 	C:\Users\finma\AppData\Local\Temp\NetworkTablesJNI4802914968442045801.dll
0x00007fffdbb30000 - 0x00007fffdbe1c000 	C:\Users\finma\AppData\Local\Temp\CameraServerJNI6366615812629486308.dll
0x00007ff805180000 - 0x00007ff805215000 	C:\WINDOWS\system32\uxtheme.dll
0x00007ff80ad60000 - 0x00007ff80adfe000 	C:\WINDOWS\System32\clbcatq.dll
0x00007ffff96f0000 - 0x00007ffff9707000 	C:\Windows\System32\devenum.dll
0x00007ff809390000 - 0x00007ff8097cb000 	C:\WINDOWS\System32\setupapi.dll
0x00007ff8060f0000 - 0x00007ff806121000 	C:\WINDOWS\SYSTEM32\ntmarta.dll
0x00007ff8053c0000 - 0x00007ff8053e8000 	C:\WINDOWS\SYSTEM32\DEVOBJ.dll
0x00007ff807570000 - 0x00007ff8075c6000 	C:\WINDOWS\System32\WINTRUST.dll
0x00007ff807270000 - 0x00007ff807281000 	C:\WINDOWS\System32\MSASN1.dll
0x00007ff808120000 - 0x00007ff8082e9000 	C:\WINDOWS\System32\CRYPT32.dll
0x00007ff8016a0000 - 0x00007ff8016ab000 	C:\WINDOWS\SYSTEM32\msdmo.dll
0x00007fffea000000 - 0x00007fffea032000 	C:\Windows\System32\qcap.dll
0x00007fffe2470000 - 0x00007fffe262c000 	C:\Windows\System32\quartz.dll
0x00007ff809220000 - 0x00007ff809386000 	C:\WINDOWS\System32\MSCTF.dll
0x00007ff803560000 - 0x00007ff80358a000 	C:\WINDOWS\system32\dwmapi.dll
0x00007fffe7ac0000 - 0x00007fffe7b0d000 	C:\Windows\System32\mfksproxy.dll
0x00007ffff3c90000 - 0x00007ffff3cac000 	C:\Windows\System32\ATL.DLL
0x00007fffef4c0000 - 0x00007fffef4f2000 	C:\Windows\System32\MFSENSORGROUP.dll
0x00007ffff98f0000 - 0x00007ffff9a90000 	C:\Windows\System32\MFPlat.DLL
0x00007ffff9a90000 - 0x00007ffff9ac2000 	C:\Windows\System32\RTWorkQ.DLL
0x00007fffca300000 - 0x00007fffca778000 	C:\Windows\System32\MFCORE.dll
0x00007ffff4a30000 - 0x00007ffff4a39000 	C:\Windows\System32\ksuser.dll
0x00007fffe61e0000 - 0x00007fffe622a000 	C:\Windows\System32\FSClient.dll
0x00007ff805880000 - 0x00007ff805924000 	C:\Windows\System32\dxgi.dll
0x00007ff804520000 - 0x00007ff8047ff000 	C:\Windows\System32\d3d11.dll
0x00007ff8026b0000 - 0x00007ff8026bb000 	C:\Windows\System32\AVRT.dll
0x00007ff801420000 - 0x00007ff80142c000 	C:\Windows\System32\vidcap.ax
0x00007fffeeb50000 - 0x00007fffeeb76000 	C:\Windows\System32\kswdmcap.ax
0x00007fffe4aa0000 - 0x00007fffe4c04000 	C:\Windows\System32\MFC42.dll
0x00007ff803400000 - 0x00007ff803477000 	C:\WINDOWS\SYSTEM32\policymanager.dll
0x00007ff803230000 - 0x00007ff8032bf000 	C:\Windows\System32\msvcp110_win.dll
0x00007fffe5a00000 - 0x00007fffe5af4000 	C:\Windows\System32\MFReadWrite.dll
0x00007fffe4350000 - 0x00007fffe43ef000 	C:\Windows\System32\qedit.dll
0x00007ff8084a0000 - 0x00007ff8085a8000 	C:\WINDOWS\System32\COMDLG32.dll
0x00007ffffbf20000 - 0x00007ffffc0b5000 	C:\WINDOWS\WinSxS\amd64_microsoft.windows.gdiplus_6595b64144ccf1df_1.1.15063.608_none_56f0266b425534e9\gdiplus.dll
0x00007fffdce70000 - 0x00007fffdcf66000 	C:\Windows\System32\DDRAW.dll
0x00007ffffbbf0000 - 0x00007ffffbbf8000 	C:\Windows\System32\DCIMAN32.dll
0x00007ffffd9c0000 - 0x00007ffffd9cc000 	C:\WINDOWS\SYSTEM32\msyuv.dll
0x0000000075430000 - 0x00000000755c8000 	C:\Program Files\Java\jre1.8.0_111\bin\awt.dll
0x00007ff805060000 - 0x00007ff8050de000 	C:\WINDOWS\SYSTEM32\apphelp.dll
0x0000000075f30000 - 0x0000000075f61000 	C:\Program Files\Java\jre1.8.0_111\bin\jpeg.dll
0x00007fffd7350000 - 0x00007fffd74d9000 	C:\WINDOWS\system32\d3d9.dll
0x00007ff802c90000 - 0x00007ff802e08000 	C:\WINDOWS\SYSTEM32\aticfx64.dll
0x00007fffea2c0000 - 0x00007fffea2e9000 	C:\WINDOWS\SYSTEM32\atiu9p64.dll
0x00007fffcc630000 - 0x00007fffcce9e000 	C:\WINDOWS\SYSTEM32\atiumd64.dll
0x0000000076100000 - 0x0000000076ae7000 	C:\WINDOWS\SYSTEM32\atiumd6a.dll
0x0000000075ee0000 - 0x0000000075f27000 	C:\Program Files\Java\jre1.8.0_111\bin\fontmanager.dll
0x00007fffff4a0000 - 0x00007fffff522000 	C:\WINDOWS\System32\TextInputFramework.dll
0x00007fffff070000 - 0x00007fffff342000 	C:\WINDOWS\System32\CoreUIComponents.dll
0x00007ff804830000 - 0x00007ff804913000 	C:\WINDOWS\System32\CoreMessaging.dll
0x00007ff8034a0000 - 0x00007ff8034b5000 	C:\WINDOWS\SYSTEM32\usermgrcli.dll
0x00007ff8035d0000 - 0x00007ff803709000 	C:\WINDOWS\SYSTEM32\wintypes.dll
0x00007ff806bb0000 - 0x00007ff806d59000 	C:\WINDOWS\SYSTEM32\dbghelp.dll

VM Arguments:
jvm_args: -Djava.library.path=C:\Users\finma\Documents\GitHub\TrackerboxReloaded\build\opencv -Dfile.encoding=Cp1252 
java_command: main.java.Main
java_class_path (initial): C:\Users\finma\Documents\GitHub\TrackerboxReloaded\bin;C:\Users\finma\Documents\GitHub\TrackerboxReloaded\build\libs\CameraVision-all.jar;C:\Users\finma\Documents\GitHub\TrackerboxReloaded\build\libs\CameraVision.jar
Launcher Type: SUN_STANDARD

Environment Variables:
JAVA_HOME=C:\Program Files\Java\jdk1.8.0_111\
CLASSPATH=C:\Program Files\Java\jre7\lib\ext\mysql-connector.jar;C:\Program Files\OpenNI\Bin64\org.OpenNI.jar
PATH=C:/Program Files/Java/jre1.8.0_111/bin/server;C:/Program Files/Java/jre1.8.0_111/bin;C:/Program Files/Java/jre1.8.0_111/lib/amd64;C:\ProgramData\Oracle\Java\javapath;C:\Program Files\Java\jdk1.8.0_111\bin;C:\WINDOWS\system32;C:\WINDOWS;C:\WINDOWS\System32\Wbem;C:\WINDOWS\System32\WindowsPowerShell\v1.0\;C:\Program Files (x86)\Windows Live\Shared;C:\Program Files (x86)\Skype\Phone\;C:\Program Files\Git\cmd;C:\Users\finma\Desktop\ant\bin;C:\Gradle\bin;C:\Program Files\Intel\WiFi\bin\;C:\Program Files\Common Files\Intel\WirelessCommon\;C:\Users\finma\Desktop\BackedUpFiles\maven\bin;C:\Program Files\CMake\bin;C:\Program Files (x86)\Windows Kits\8.1\Windows Performance Toolkit\;C:\Program Files\PrimeSense\NITE\bin64;C:\Program Files\PuTTY\;C:\Program Files\OpenNI\Bin64;C:\Program Files\PCL 1.6.0\bin;C:\Program Files (x86)\OpenNI\Bin;C:\Users\finma\AppData\Local\Programs\Python\Python36\Scripts\;C:\Users\finma\AppData\Local\Programs\Python\Python36\;C:\Users\finma\AppData\Local\Microsoft\WindowsApps;;C:\WINDOWS\system32;
USERNAME=finma
OS=Windows_NT
PROCESSOR_IDENTIFIER=AMD64 Family 21 Model 101 Stepping 1, AuthenticAMD



---------------  S Y S T E M  ---------------

OS: Windows 10.0 , 64 bit Build 15063 (10.0.15063.296)

CPU:total 4 (4 cores per cpu, 1 threads per core) family 21 model 101 stepping 1, cmov, cx8, fxsr, mmx, sse, sse2, sse3, ssse3, sse4.1, sse4.2, popcnt, avx, avx2, aes, clmul, mmxext, 3dnowpref, lzcnt, sse4a, tsc, tscinvbit, tscinv, bmi1

Memory: 4k page, physical 12005684k(5937296k free), swap 15824724k(6939660k free)

vm_info: Java HotSpot(TM) 64-Bit Server VM (25.111-b14) for windows-amd64 JRE (1.8.0_111-b14), built on Sep 22 2016 19:24:05 by "java_re" with MS VC++ 10.0 (VS2010)

time: Sun Jan 14 15:20:30 2018
elapsed time: 22 seconds (0d 0h 0m 22s)

