#
# A fatal error has been detected by the Java Runtime Environment:
#
#  Internal Error (0xc000000d), pid=12636, tid=0x00000504
#
# JRE version: Java(TM) SE Runtime Environment (8.0_151-b12) (build 1.8.0_151-b12)
# Java VM: Java HotSpot(TM) Client VM (25.151-b12 mixed mode windows-x86 )
# Problematic frame:
# C  [ntdll.dll+0xf4bb0]
#
# Failed to write core dump. Minidumps are not enabled by default on client versions of Windows
#
# If you would like to submit a bug report, please visit:
#   http://bugreport.java.com/bugreport/crash.jsp
#

---------------  T H R E A D  ---------------

Current thread (0x0127d800):  VMThread [stack: 0x16c60000,0x16cb0000] [id=1284]

siginfo: ExceptionCode=0xc000000d

Registers:
EAX=0x16caf100, EBX=0x18277328, ECX=0xebeb0fff, EDX=0x00000000
ESP=0x16caf0f0, EBP=0x16caf170, ESI=0x00000002, EDI=0x18277398
EIP=0x77bf4bb0, EFLAGS=0x00000246

Top of Stack: (sp=0x16caf0f0)
0x16caf0f0:   fd21fe8f 18277398 00000002 18277328
0x16caf100:   c000000d 00000000 00000000 77bf4bb0
0x16caf110:   00000000 00000000 00000000 00000000
0x16caf120:   00000000 00000000 00000000 00000000
0x16caf130:   00000000 00000000 00000000 00000000
0x16caf140:   00000000 00000000 00000000 00000000
0x16caf150:   18020000 fd21fe8f 16caf0f0 16caeb00
0x16caf160:   16caf3d8 77b76a50 9c2b04b7 00000000 

Instructions: (pc=0x77bf4bb0)
0x77bf4b90:   f8 ff 83 c4 0c c7 45 90 0d 00 00 c0 6a 57 e8 0d
0x77bf4ba0:   51 f6 ff 83 65 fc 00 8d 45 90 50 e8 80 53 f9 ff
0x77bf4bb0:   eb 0c 8b 4d ec e8 11 00 00 00 c3 8b 65 e8 c7 45
0x77bf4bc0:   fc fe ff ff ff e8 c6 45 f9 ff c3 8b ff 51 6a 03 


Register to memory mapping:

EAX=
[error occurred during error reporting (printing register info), id 0xc0000005]

Stack: [0x16c60000,0x16cb0000],  sp=0x16caf0f0,  free space=316k
Native frames: (J=compiled Java code, j=interpreted, Vv=VM code, C=native code)
C  [ntdll.dll+0xf4bb0]
C  [ntdll.dll+0x3552e]
C  [RTWorkQ.DLL+0x7227]
C  [RTWorkQ.DLL+0x3f61]
C  [RTWorkQ.DLL+0x4fdc]
C  [RTWorkQ.DLL+0x45e7]
C  [MFPlat.DLL+0x2d844]
C  [MFReadWrite.dll+0xfdc0]
C  [MFReadWrite.dll+0x237fd]
C  [MFReadWrite.dll+0x2357e]
C  [mfksproxy.dll+0x1356d]
C  [mfksproxy.dll+0x12ab1]
C  [mfksproxy.dll+0x82eb]
C  [quartz.dll+0x73291]
C  [quartz.dll+0x82345]
C  [quartz.dll+0x844ee]
C  [quartz.dll+0x8397e]
C  [opencv_java310.dll+0x3325e9]
C  [opencv_java310.dll+0x3327ad]
C  [opencv_java310.dll+0x4e51e2]
C  [opencv_java310.dll+0x4e52a9]
C  [opencv_java310.dll+0x4e5558]
C  [opencv_java310.dll+0x4e185b]
C  [opencv_java310.dll+0x4e179a]
C  [opencv_java310.dll+0x4e17de]
C  [opencv_java310.dll+0x4e1912]
C  [opencv_java310.dll+0x4e1a31]
C  [opencv_java310.dll+0x4ae4be]
C  [opencv_java310.dll+0x4ae701]
C  [opencv_java310.dll+0x4ae794]
C  [ntdll.dll+0x6e746]
C  [ntdll.dll+0x3cbef]
C  [ntdll.dll+0x3792c]
C  [ntdll.dll+0x679fc]
C  [KERNEL32.DLL+0x13bd3]
C  [msvcr100.dll+0x27997]
C  [msvcr100.dll+0x27ab0]
C  [msvcr100.dll+0x27b1d]
V  [jvm.dll+0x159742]
V  [jvm.dll+0x1832bd]
V  [jvm.dll+0x182711]
V  [jvm.dll+0x182b27]
V  [jvm.dll+0x182d22]
V  [jvm.dll+0x1c2cb6]
C  [msvcr100.dll+0x5c556]
C  [msvcr100.dll+0x5c600]
C  [KERNEL32.DLL+0x18654]
C  [ntdll.dll+0x64a77]
C  [ntdll.dll+0x64a47]

VM_Operation (0x0108f8d0): Exit, mode: safepoint, requested by thread 0x0111c800


---------------  P R O C E S S  ---------------

Java Threads: ( => current thread )
  0x1df95800 JavaThread "Thread-1" daemon [_thread_blocked, id=12688, stack(0x1c310000,0x1c360000)]
  0x1df95400 JavaThread "Thread-2" [_thread_blocked, id=6556, stack(0x188a0000,0x188f0000)]
  0x1de28c00 JavaThread "Thread-0" [_thread_blocked, id=13552, stack(0x18810000,0x18860000)]
  0x1de59000 JavaThread "Thread-4" [_thread_blocked, id=7352, stack(0x1e540000,0x1e590000)]
  0x1de57000 JavaThread "Thread-3" [_thread_blocked, id=13912, stack(0x1e3b0000,0x1e400000)]
  0x1dde9c00 JavaThread "AWT-EventQueue-0" [_thread_blocked, id=15736, stack(0x1e320000,0x1e370000)]
  0x16e8d000 JavaThread "AWT-Windows" daemon [_thread_in_native, id=14944, stack(0x1d980000,0x1d9d0000)]
  0x16e93800 JavaThread "AWT-Shutdown" [_thread_blocked, id=13652, stack(0x1d8f0000,0x1d940000)]
  0x16e7e800 JavaThread "Java2D Disposer" daemon [_thread_blocked, id=6164, stack(0x1d760000,0x1d7b0000)]
  0x16d0b400 JavaThread "Service Thread" daemon [_thread_blocked, id=12976, stack(0x17270000,0x172c0000)]
  0x16cde800 JavaThread "C1 CompilerThread0" daemon [_thread_blocked, id=7344, stack(0x171e0000,0x17230000)]
  0x16cdd000 JavaThread "Attach Listener" daemon [_thread_blocked, id=14248, stack(0x17150000,0x171a0000)]
  0x16cc6000 JavaThread "Finalizer" daemon [_thread_blocked, id=14872, stack(0x16f40000,0x16f90000)]
  0x0127ec00 JavaThread "Reference Handler" daemon [_thread_blocked, id=10364, stack(0x16eb0000,0x16f00000)]
  0x0111c800 JavaThread "main" [_thread_blocked, id=14724, stack(0x01040000,0x01090000)]

Other Threads:
=>0x0127d800 VMThread [stack: 0x16c60000,0x16cb0000] [id=1284]

VM state:at safepoint (shutting down)

VM Mutex/Monitor currently owned by a thread:  ([mutex/lock_event])
[0x0111bbb0] Threads_lock - owner thread: 0x0127d800

Heap:
 def new generation   total 27392K, used 19251K [0x06800000, 0x085b0000, 0x0bd50000)
  eden space 24384K,  69% used [0x06800000, 0x078a9f70, 0x07fd0000)
  from space 3008K,  72% used [0x07fd0000, 0x081f2fb8, 0x082c0000)
  to   space 3008K,   0% used [0x082c0000, 0x082c0000, 0x085b0000)
 tenured generation   total 60696K, used 18632K [0x0bd50000, 0x0f896000, 0x16800000)
   the space 60696K,  30% used [0x0bd50000, 0x0cf821d0, 0x0cf82200, 0x0f896000)
 Metaspace       used 6356K, capacity 6527K, committed 6656K, reserved 7552K

Card table byte_map: [0x06710000,0x067a0000] byte_map_base: 0x066dc000

Polling page: 0x00db0000

CodeCache: size=32768Kb used=1413Kb max_used=1413Kb free=31354Kb
 bounds [0x04710000, 0x04878000, 0x06710000]
 total_blobs=908 nmethods=529 adapters=310
 compilation: enabled

Compilation events (10 events):
Event: 101.602 Thread 0x16cde800  525             java.util.Dictionary::<init> (5 bytes)
Event: 101.602 Thread 0x16cde800 nmethod 525 0x0486f8c8 code [0x0486f9c0, 0x0486fa40]
Event: 101.752 Thread 0x16cde800  526  s          java.io.FileDescriptor::attach (73 bytes)
Event: 101.753 Thread 0x16cde800 nmethod 526 0x0486fa88 code [0x0486fbc0, 0x0486ff54]
Event: 107.652 Thread 0x16cde800  527             java.util.Hashtable::<init> (114 bytes)
Event: 107.653 Thread 0x16cde800 nmethod 527 0x048701c8 code [0x04870380, 0x04870958]
Event: 107.675 Thread 0x16cde800  528             java.util.Hashtable::<init> (9 bytes)
Event: 107.675 Thread 0x16cde800 nmethod 528 0x04870d48 code [0x04870e60, 0x04870efc]
Event: 113.043 Thread 0x16cde800  529             java.util.ArrayList$Itr::hasNext (20 bytes)
Event: 113.044 Thread 0x16cde800 nmethod 529 0x04871248 code [0x04871340, 0x048713e0]

GC Heap History (10 events):
Event: 108.092 GC heap before
{Heap before GC invocations=146 (full 6):
 def new generation   total 27392K, used 26215K [0x06800000, 0x085b0000, 0x0bd50000)
  eden space 24384K,  97% used [0x06800000, 0x07f343a8, 0x07fd0000)
  from space 3008K,  81% used [0x082c0000, 0x08525ba0, 0x085b0000)
  to   space 3008K,   0% used [0x07fd0000, 0x07fd0000, 0x082c0000)
 tenured generation   total 60696K, used 18630K [0x0bd50000, 0x0f896000, 0x16800000)
   the space 60696K,  30% used [0x0bd50000, 0x0cf81bb8, 0x0cf81c00, 0x0f896000)
 Metaspace       used 6346K, capacity 6527K, committed 6656K, reserved 7552K
Event: 108.094 GC heap after
Heap after GC invocations=147 (full 6):
 def new generation   total 27392K, used 2186K [0x06800000, 0x085b0000, 0x0bd50000)
  eden space 24384K,   0% used [0x06800000, 0x06800000, 0x07fd0000)
  from space 3008K,  72% used [0x07fd0000, 0x081f28b8, 0x082c0000)
  to   space 3008K,   0% used [0x082c0000, 0x082c0000, 0x085b0000)
 tenured generation   total 60696K, used 18631K [0x0bd50000, 0x0f896000, 0x16800000)
   the space 60696K,  30% used [0x0bd50000, 0x0cf81d48, 0x0cf81e00, 0x0f896000)
 Metaspace       used 6346K, capacity 6527K, committed 6656K, reserved 7552K
}
Event: 109.548 GC heap before
{Heap before GC invocations=147 (full 6):
 def new generation   total 27392K, used 26714K [0x06800000, 0x085b0000, 0x0bd50000)
  eden space 24384K,  99% used [0x06800000, 0x07fa9110, 0x07fd0000)
  from space 3008K,  82% used [0x07fd0000, 0x0823d8c8, 0x082c0000)
  to   space 3008K,   0% used [0x082c0000, 0x082c0000, 0x085b0000)
 tenured generation   total 60696K, used 18631K [0x0bd50000, 0x0f896000, 0x16800000)
   the space 60696K,  30% used [0x0bd50000, 0x0cf81d48, 0x0cf81e00, 0x0f896000)
 Metaspace       used 6346K, capacity 6527K, committed 6656K, reserved 7552K
Event: 109.549 GC heap after
Heap after GC invocations=148 (full 6):
 def new generation   total 27392K, used 1558K [0x06800000, 0x085b0000, 0x0bd50000)
  eden space 24384K,   0% used [0x06800000, 0x06800000, 0x07fd0000)
  from space 3008K,  51% used [0x082c0000, 0x08445800, 0x085b0000)
  to   space 3008K,   0% used [0x07fd0000, 0x07fd0000, 0x082c0000)
 tenured generation   total 60696K, used 18631K [0x0bd50000, 0x0f896000, 0x16800000)
   the space 60696K,  30% used [0x0bd50000, 0x0cf81ee0, 0x0cf82000, 0x0f896000)
 Metaspace       used 6346K, capacity 6527K, committed 6656K, reserved 7552K
}
Event: 110.930 GC heap before
{Heap before GC invocations=148 (full 6):
 def new generation   total 27392K, used 26269K [0x06800000, 0x085b0000, 0x0bd50000)
  eden space 24384K,  97% used [0x06800000, 0x07f40cb0, 0x07fd0000)
  from space 3008K,  81% used [0x082c0000, 0x08526810, 0x085b0000)
  to   space 3008K,   0% used [0x07fd0000, 0x07fd0000, 0x082c0000)
 tenured generation   total 60696K, used 18631K [0x0bd50000, 0x0f896000, 0x16800000)
   the space 60696K,  30% used [0x0bd50000, 0x0cf81ee0, 0x0cf82000, 0x0f896000)
 Metaspace       used 6346K, capacity 6527K, committed 6656K, reserved 7552K
Event: 110.932 GC heap after
Heap after GC invocations=149 (full 6):
 def new generation   total 27392K, used 2186K [0x06800000, 0x085b0000, 0x0bd50000)
  eden space 24384K,   0% used [0x06800000, 0x06800000, 0x07fd0000)
  from space 3008K,  72% used [0x07fd0000, 0x081f2968, 0x082c0000)
  to   space 3008K,   0% used [0x082c0000, 0x082c0000, 0x085b0000)
 tenured generation   total 60696K, used 18632K [0x0bd50000, 0x0f896000, 0x16800000)
   the space 60696K,  30% used [0x0bd50000, 0x0cf82070, 0x0cf82200, 0x0f896000)
 Metaspace       used 6346K, capacity 6527K, committed 6656K, reserved 7552K
}
Event: 112.436 GC heap before
{Heap before GC invocations=149 (full 6):
 def new generation   total 27392K, used 26457K [0x06800000, 0x085b0000, 0x0bd50000)
  eden space 24384K,  99% used [0x06800000, 0x07fb3da8, 0x07fd0000)
  from space 3008K,  72% used [0x07fd0000, 0x081f2968, 0x082c0000)
  to   space 3008K,   0% used [0x082c0000, 0x082c0000, 0x085b0000)
 tenured generation   total 60696K, used 18632K [0x0bd50000, 0x0f896000, 0x16800000)
   the space 60696K,  30% used [0x0bd50000, 0x0cf82070, 0x0cf82200, 0x0f896000)
 Metaspace       used 6346K, capacity 6527K, committed 6656K, reserved 7552K
Event: 112.437 GC heap after
Heap after GC invocations=150 (full 6):
 def new generation   total 27392K, used 1254K [0x06800000, 0x085b0000, 0x0bd50000)
  eden space 24384K,   0% used [0x06800000, 0x06800000, 0x07fd0000)
  from space 3008K,  41% used [0x082c0000, 0x083f9908, 0x085b0000)
  to   space 3008K,   0% used [0x07fd0000, 0x07fd0000, 0x082c0000)
 tenured generation   total 60696K, used 18632K [0x0bd50000, 0x0f896000, 0x16800000)
   the space 60696K,  30% used [0x0bd50000, 0x0cf821d0, 0x0cf82200, 0x0f896000)
 Metaspace       used 6346K, capacity 6527K, committed 6656K, reserved 7552K
}
Event: 114.016 GC heap before
{Heap before GC invocations=150 (full 6):
 def new generation   total 27392K, used 26185K [0x06800000, 0x085b0000, 0x0bd50000)
  eden space 24384K,  98% used [0x06800000, 0x07f77d10, 0x07fd0000)
  from space 3008K,  71% used [0x082c0000, 0x084da918, 0x085b0000)
  to   space 3008K,   0% used [0x07fd0000, 0x07fd0000, 0x082c0000)
 tenured generation   total 60696K, used 18632K [0x0bd50000, 0x0f896000, 0x16800000)
   the space 60696K,  30% used [0x0bd50000, 0x0cf821d0, 0x0cf82200, 0x0f896000)
 Metaspace       used 6349K, capacity 6527K, committed 6656K, reserved 7552K
Event: 114.018 GC heap after
Heap after GC invocations=151 (full 6):
 def new generation   total 27392K, used 2187K [0x06800000, 0x085b0000, 0x0bd50000)
  eden space 24384K,   0% used [0x06800000, 0x06800000, 0x07fd0000)
  from space 3008K,  72% used [0x07fd0000, 0x081f2fb8, 0x082c0000)
  to   space 3008K,   0% used [0x082c0000, 0x082c0000, 0x085b0000)
 tenured generation   total 60696K, used 18632K [0x0bd50000, 0x0f896000, 0x16800000)
   the space 60696K,  30% used [0x0bd50000, 0x0cf821d0, 0x0cf82200, 0x0f896000)
 Metaspace       used 6349K, capacity 6527K, committed 6656K, reserved 7552K
}

Deoptimization events (0 events):
No events

Internal exceptions (10 events):
Event: 0.194 Thread 0x0111c800 Exception <a 'java/security/PrivilegedActionException'> (0x0686c6a0) thrown at [C:\workspace\8-2-build-windows-i586-cygwin\jdk8u151\9699\hotspot\src\share\vm\prims\jvm.cpp, line 1390]
Event: 0.194 Thread 0x0111c800 Exception <a 'java/security/PrivilegedActionException'> (0x0686c8a0) thrown at [C:\workspace\8-2-build-windows-i586-cygwin\jdk8u151\9699\hotspot\src\share\vm\prims\jvm.cpp, line 1390]
Event: 0.257 Thread 0x0111c800 Exception <a 'java/security/PrivilegedActionException'> (0x068fc240) thrown at [C:\workspace\8-2-build-windows-i586-cygwin\jdk8u151\9699\hotspot\src\share\vm\prims\jvm.cpp, line 1390]
Event: 0.257 Thread 0x0111c800 Exception <a 'java/security/PrivilegedActionException'> (0x068fc440) thrown at [C:\workspace\8-2-build-windows-i586-cygwin\jdk8u151\9699\hotspot\src\share\vm\prims\jvm.cpp, line 1390]
Event: 0.257 Thread 0x0111c800 Exception <a 'java/security/PrivilegedActionException'> (0x06900518) thrown at [C:\workspace\8-2-build-windows-i586-cygwin\jdk8u151\9699\hotspot\src\share\vm\prims\jvm.cpp, line 1390]
Event: 0.257 Thread 0x0111c800 Exception <a 'java/security/PrivilegedActionException'> (0x06900718) thrown at [C:\workspace\8-2-build-windows-i586-cygwin\jdk8u151\9699\hotspot\src\share\vm\prims\jvm.cpp, line 1390]
Event: 2.500 Thread 0x0111c800 Exception <a 'java/io/FileNotFoundException'> (0x069c7460) thrown at [C:\workspace\8-2-build-windows-i586-cygwin\jdk8u151\9699\hotspot\src\share\vm\prims\jni.cpp, line 709]
Event: 2.564 Thread 0x0111c800 Exception <a 'java/lang/NoSuchFieldError': method resolution failed> (0x06a81ce8) thrown at [C:\workspace\8-2-build-windows-i586-cygwin\jdk8u151\9699\hotspot\src\share\vm\prims\methodHandles.cpp, line 1146]
Event: 2.568 Thread 0x0111c800 Exception <a 'java/lang/NoSuchFieldError': method resolution failed> (0x06a8deb0) thrown at [C:\workspace\8-2-build-windows-i586-cygwin\jdk8u151\9699\hotspot\src\share\vm\prims\methodHandles.cpp, line 1146]
Event: 2.719 Thread 0x0111c800 Exception <a 'java/io/FileNotFoundException'> (0x068c52f8) thrown at [C:\workspace\8-2-build-windows-i586-cygwin\jdk8u151\9699\hotspot\src\share\vm\prims\jni.cpp, line 709]

Events (10 events):
Event: 115.205 loading class java/util/WeakHashMap$KeyIterator
Event: 115.206 loading class java/util/WeakHashMap$HashIterator
Event: 115.206 loading class java/util/WeakHashMap$HashIterator done
Event: 115.206 loading class java/util/WeakHashMap$KeyIterator done
Event: 115.207 loading class java/lang/Throwable$WrappedPrintStream
Event: 115.207 loading class java/lang/Throwable$PrintStreamOrWriter
Event: 115.207 loading class java/lang/Throwable$PrintStreamOrWriter done
Event: 115.207 loading class java/lang/Throwable$WrappedPrintStream done
Event: 115.209 Thread 0x16cdb000 Thread exited: 0x16cdb000
Event: 115.209 Executing VM operation: Exit


Dynamic libraries:
0x012c0000 - 0x012f3000 	C:\Program Files (x86)\Java\jdk1.8.0_151\bin\java.exe
0x77b00000 - 0x77c8d000 	C:\WINDOWS\SYSTEM32\ntdll.dll
0x77890000 - 0x77960000 	C:\WINDOWS\System32\KERNEL32.DLL
0x74df0000 - 0x74fc7000 	C:\WINDOWS\System32\KERNELBASE.dll
0x6d300000 - 0x6d39a000 	C:\WINDOWS\SYSTEM32\apphelp.dll
0x77130000 - 0x771a8000 	C:\WINDOWS\System32\ADVAPI32.dll
0x77540000 - 0x775fd000 	C:\WINDOWS\System32\msvcrt.dll
0x74fd0000 - 0x75013000 	C:\WINDOWS\System32\sechost.dll
0x77070000 - 0x7712e000 	C:\WINDOWS\System32\RPCRT4.dll
0x74520000 - 0x74540000 	C:\WINDOWS\System32\SspiCli.dll
0x74510000 - 0x7451a000 	C:\WINDOWS\System32\CRYPTBASE.dll
0x77aa0000 - 0x77af7000 	C:\WINDOWS\System32\bcryptPrimitives.dll
0x75420000 - 0x75595000 	C:\WINDOWS\System32\USER32.dll
0x74dd0000 - 0x74de6000 	C:\WINDOWS\System32\win32u.dll
0x779e0000 - 0x77a02000 	C:\WINDOWS\System32\GDI32.dll
0x75190000 - 0x752ee000 	C:\WINDOWS\System32\gdi32full.dll
0x753a0000 - 0x7541c000 	C:\WINDOWS\System32\msvcp_win.dll
0x76f00000 - 0x77017000 	C:\WINDOWS\System32\ucrtbase.dll
0x71c50000 - 0x71e61000 	C:\WINDOWS\WinSxS\x86_microsoft.windows.common-controls_6595b64144ccf1df_6.0.16299.192_none_5d760485a7e0eb41\COMCTL32.dll
0x77640000 - 0x77886000 	C:\WINDOWS\System32\combase.dll
0x771f0000 - 0x77215000 	C:\WINDOWS\System32\IMM32.DLL
0x6a550000 - 0x6a60f000 	C:\Program Files (x86)\Java\jdk1.8.0_151\jre\bin\msvcr100.dll
0x6a180000 - 0x6a54e000 	C:\Program Files (x86)\Java\jdk1.8.0_151\jre\bin\client\jvm.dll
0x77960000 - 0x77966000 	C:\WINDOWS\System32\PSAPI.DLL
0x730d0000 - 0x730d8000 	C:\WINDOWS\SYSTEM32\WSOCK32.dll
0x73f70000 - 0x73f78000 	C:\WINDOWS\SYSTEM32\VERSION.dll
0x76940000 - 0x769a6000 	C:\WINDOWS\System32\WS2_32.dll
0x73490000 - 0x734b4000 	C:\WINDOWS\SYSTEM32\WINMM.dll
0x730a0000 - 0x730c3000 	C:\WINDOWS\SYSTEM32\WINMMBASE.dll
0x771b0000 - 0x771e8000 	C:\WINDOWS\System32\cfgmgr32.dll
0x6a170000 - 0x6a17c000 	C:\Program Files (x86)\Java\jdk1.8.0_151\jre\bin\verify.dll
0x6a140000 - 0x6a161000 	C:\Program Files (x86)\Java\jdk1.8.0_151\jre\bin\java.dll
0x6a120000 - 0x6a134000 	C:\Program Files (x86)\Java\jdk1.8.0_151\jre\bin\zip.dll
0x75600000 - 0x76933000 	C:\WINDOWS\System32\SHELL32.dll
0x76a40000 - 0x76ac8000 	C:\WINDOWS\System32\shcore.dll
0x746d0000 - 0x74c96000 	C:\WINDOWS\System32\windows.storage.dll
0x774e0000 - 0x77525000 	C:\WINDOWS\System32\shlwapi.dll
0x75180000 - 0x7518e000 	C:\WINDOWS\System32\kernel.appcore.dll
0x77020000 - 0x77065000 	C:\WINDOWS\System32\powrprof.dll
0x77600000 - 0x77614000 	C:\WINDOWS\System32\profapi.dll
0x17350000 - 0x17a82000 	C:\Users\USER\Documents\GitHub\TrackerboxReloaded\build\opencv\opencv_java310.dll
0x75020000 - 0x75117000 	C:\WINDOWS\System32\ole32.dll
0x68180000 - 0x681a2000 	C:\WINDOWS\SYSTEM32\MSVFW32.dll
0x752f0000 - 0x75383000 	C:\WINDOWS\System32\OLEAUT32.dll
0x61240000 - 0x61254000 	C:\WINDOWS\SYSTEM32\AVICAP32.dll
0x61220000 - 0x6123b000 	C:\WINDOWS\SYSTEM32\AVIFIL32.dll
0x52cb0000 - 0x52cc9000 	C:\WINDOWS\SYSTEM32\MSACM32.dll
0x72bb0000 - 0x72bc3000 	C:\WINDOWS\SYSTEM32\CRYPTSP.dll
0x72b80000 - 0x72baf000 	C:\WINDOWS\system32\rsaenh.dll
0x73ea0000 - 0x73eb9000 	C:\WINDOWS\SYSTEM32\bcrypt.dll
0x74350000 - 0x74372000 	C:\WINDOWS\SYSTEM32\USERENV.dll
0x6a100000 - 0x6a116000 	C:\Program Files (x86)\Java\jdk1.8.0_151\jre\bin\net.dll
0x72d90000 - 0x72de5000 	C:\WINDOWS\system32\mswsock.dll
0x743f0000 - 0x74420000 	C:\WINDOWS\SYSTEM32\IPHLPAPI.DLL
0x77970000 - 0x77977000 	C:\WINDOWS\System32\NSI.dll
0x72e10000 - 0x72e23000 	C:\WINDOWS\SYSTEM32\dhcpcsvc6.DLL
0x72df0000 - 0x72e04000 	C:\WINDOWS\SYSTEM32\dhcpcsvc.DLL
0x6a0f0000 - 0x6a0ff000 	C:\Program Files (x86)\Java\jdk1.8.0_151\jre\bin\nio.dll
0x504c0000 - 0x50570000 	C:\Users\USER\AppData\Local\Temp\NetworkTablesJNI6125340272650073151.dll
0x72ae0000 - 0x72b59000 	C:\WINDOWS\system32\uxtheme.dll
0x769b0000 - 0x76a32000 	C:\WINDOWS\System32\clbcatq.dll
0x52200000 - 0x52215000 	C:\Windows\System32\devenum.dll
0x76ad0000 - 0x76ef6000 	C:\WINDOWS\System32\setupapi.dll
0x72d60000 - 0x72d88000 	C:\WINDOWS\SYSTEM32\ntmarta.dll
0x73070000 - 0x73092000 	C:\WINDOWS\SYSTEM32\DEVOBJ.dll
0x74d80000 - 0x74dc6000 	C:\WINDOWS\System32\WINTRUST.dll
0x75390000 - 0x7539e000 	C:\WINDOWS\System32\MSASN1.dll
0x74540000 - 0x746c2000 	C:\WINDOWS\System32\CRYPT32.dll
0x52ca0000 - 0x52ca9000 	C:\WINDOWS\SYSTEM32\msdmo.dll
0x681b0000 - 0x681eb000 	C:\Windows\System32\qcap.dll
0x67fd0000 - 0x68174000 	C:\Windows\System32\quartz.dll
0x77390000 - 0x774d4000 	C:\WINDOWS\System32\MSCTF.dll
0x723a0000 - 0x723c3000 	C:\WINDOWS\system32\dwmapi.dll
0x51b30000 - 0x51b66000 	C:\Windows\System32\mfksproxy.dll
0x53210000 - 0x53228000 	C:\Windows\System32\ATL.DLL
0x51af0000 - 0x51b21000 	C:\Windows\System32\MFSENSORGROUP.dll
0x5c030000 - 0x5c1a4000 	C:\Windows\System32\MFPlat.DLL
0x5c000000 - 0x5c027000 	C:\Windows\System32\RTWorkQ.DLL
0x69aa0000 - 0x69f07000 	C:\Windows\System32\MFCORE.dll
0x51aa0000 - 0x51aa7000 	C:\Windows\System32\ksuser.dll
0x5bb10000 - 0x5bc17000 	C:\Windows\System32\mfperfhelper.dll
0x69a60000 - 0x69a9f000 	C:\Windows\System32\FSClient.dll
0x5fe30000 - 0x6006e000 	C:\Windows\System32\d3d11.dll
0x719e0000 - 0x71a73000 	C:\Windows\System32\dxgi.dll
0x5e2a0000 - 0x5e2a8000 	C:\Windows\System32\AVRT.dll
0x519b0000 - 0x519bc000 	C:\Windows\System32\vidcap.ax
0x51990000 - 0x519b0000 	C:\Windows\System32\kswdmcap.ax
0x51860000 - 0x5198e000 	C:\Windows\System32\MFC42.dll
0x51a30000 - 0x51a99000 	C:\WINDOWS\SYSTEM32\policymanager.dll
0x519c0000 - 0x51a27000 	C:\Windows\System32\msvcp110_win.dll
0x69960000 - 0x69a5d000 	C:\Windows\System32\MFReadWrite.dll
0x61420000 - 0x614af000 	C:\Windows\System32\qedit.dll
0x74ca0000 - 0x74d74000 	C:\WINDOWS\System32\COMDLG32.dll
0x6ed30000 - 0x6ee9b000 	C:\WINDOWS\WinSxS\x86_microsoft.windows.gdiplus_6595b64144ccf1df_1.1.16299.192_none_8e60f76b0273650f\gdiplus.dll
0x53110000 - 0x531fa000 	C:\Windows\System32\DDRAW.dll
0x53100000 - 0x53107000 	C:\Windows\System32\DCIMAN32.dll
0x67f60000 - 0x67fcd000 	C:\WINDOWS\SYSTEM32\D3DIM700.DLL
0x1c930000 - 0x1cacf000 	C:\Program Files (x86)\Adobe\Elements 9 Organizer\CAHeadless\mc_demux_mp2_ds.ax
0x61200000 - 0x6120a000 	C:\WINDOWS\SYSTEM32\msyuv.dll
0x50370000 - 0x504b5000 	C:\Program Files (x86)\Java\jdk1.8.0_151\jre\bin\awt.dll
0x611d0000 - 0x611f6000 	C:\Program Files (x86)\Java\jdk1.8.0_151\jre\bin\jpeg.dll
0x50290000 - 0x5036f000 	C:\WINDOWS\system32\opengl32.dll
0x611a0000 - 0x611c5000 	C:\WINDOWS\SYSTEM32\GLU32.dll
0x50250000 - 0x50289000 	C:\Program Files (x86)\Java\jdk1.8.0_151\jre\bin\fontmanager.dll
0x736c0000 - 0x73754000 	C:\WINDOWS\SYSTEM32\DNSAPI.dll
0x729d0000 - 0x729d8000 	C:\Windows\System32\rasadhlp.dll
0x72e90000 - 0x73011000 	C:\WINDOWS\SYSTEM32\dbghelp.dll

VM Arguments:
jvm_args: -Djava.library.path=C:\Users\USER\Documents\GitHub\TrackerboxReloaded\build/opencv -Dfile.encoding=windows-1252 -Duser.country=CA -Duser.language=en -Duser.variant 
java_command: ca.team2706.vision.trackerboxreloaded.Main
java_class_path (initial): C:\Users\USER\Documents\GitHub\TrackerboxReloaded\build\classes\main;C:\Users\USER\Documents\GitHub\TrackerboxReloaded\build\resources\main;C:\Users\USER\.gradle\caches\modules-2\files-2.1\edu.wpi.first.wpilib.networktables.java\NetworkTables\3.1.7\766d5b571622c87837d76040515eebbf25b53154\NetworkTables-3.1.7-windows2015.jar;C:\Users\USER\.gradle\caches\modules-2\files-2.1\edu.wpi.cscore.java\cscore\1.0.2\4ee6982b312e295f4dad74a001dce1e3c64e51ba\cscore-1.0.2-windows2015.jar;C:\Users\USER\.gradle\caches\modules-2\files-2.1\org.opencv\opencv-java\3.1.0\2a534baab7f01c049ba9768adb645f9b0128f987\opencv-java-3.1.0.jar
Launcher Type: SUN_STANDARD

Environment Variables:
CLASSPATH=C:\Users\USER\Documents\GitHub\TrackerboxReloaded\\gradle\wrapper\gradle-wrapper.jar
PATH=C:\Program Files (x86)\Java\jdk1.8.0_151\bin;C:\Program Files (x86)\Intel\iCLS Client\;C:\Program Files\Intel\iCLS Client\;C:\WINDOWS\system32;C:\WINDOWS;C:\WINDOWS\System32\Wbem;C:\WINDOWS\System32\WindowsPowerShell\v1.0\;C:\Program Files (x86)\Intel\Intel(R) Management Engine Components\DAL;C:\Program Files\Intel\Intel(R) Management Engine Components\DAL;C:\Program Files (x86)\Intel\Intel(R) Management Engine Components\IPT;C:\Program Files\Intel\Intel(R) Management Engine Components\IPT;C:\Program Files\PuTTY\;C:\Program Files (x86)\metasploit-framework\bin\;C:\Program Files\Git\cmd;C:\Users\USER\AppData\Local\Microsoft\WindowsApps;C:\Program Files (x86)\Nmap;C:\Program Files\Docker Toolbox;C:\Users\USER\AppData\Roaming\Dashlane\5.3.2.14186\bin\Firefox_Extension\{442718d9-475e-452a-b3e1-fb1ee16b8e9f}\components;C:\Users\USER\AppData\Roaming\Dashlane\5.3.2.14186\ucrt;C:\Users\USER\AppData\Local\GitHubDesktop\bin
USERNAME=USER
OS=Windows_NT
PROCESSOR_IDENTIFIER=Intel64 Family 6 Model 61 Stepping 4, GenuineIntel



---------------  S Y S T E M  ---------------

OS: Windows 10.0 , 64 bit Build 16299 (10.0.16299.15)

CPU:total 4 (initial active 4) (2 cores per cpu, 2 threads per core) family 6 model 61 stepping 4, cmov, cx8, fxsr, mmx, sse, sse2, sse3, ssse3, sse4.1, sse4.2, popcnt, avx, avx2, aes, clmul, erms, 3dnowpref, lzcnt, ht, tsc, tscinvbit, bmi1, bmi2, adx

Memory: 4k page, physical 8301896k(3644684k free), swap 10333512k(4170632k free)

vm_info: Java HotSpot(TM) Client VM (25.151-b12) for windows-x86 JRE (1.8.0_151-b12), built on Sep  5 2017 19:31:49 by "java_re" with MS VC++ 10.0 (VS2010)

time: Wed Jan 24 19:04:12 2018
elapsed time: 118 seconds (0d 0h 1m 58s)

