#
# A fatal error has been detected by the Java Runtime Environment:
#
#  Internal Error (0xc000000d), pid=8904, tid=0x00000000000055c8
#
# JRE version: Java(TM) SE Runtime Environment (8.0_111-b14) (build 1.8.0_111-b14)
# Java VM: Java HotSpot(TM) 64-Bit Server VM (25.111-b14 mixed mode windows-amd64 compressed oops)
# Problematic frame:
# C  [ntdll.dll+0x105a50]
#
# Failed to write core dump. Minidumps are not enabled by default on client versions of Windows
#
# If you would like to submit a bug report, please visit:
#   http://bugreport.java.com/bugreport/crash.jsp
#

---------------  T H R E A D  ---------------

Current thread (0x0000000019408000):  VMThread [stack: 0x000000001a4b0000,0x000000001a5b0000] [id=21960]

siginfo: ExceptionCode=0xc000000d

Registers:
RAX=0x00007ff80ae5a670, RBX=0x000000001bc01450, RCX=0x00007307c36d6b1b, RDX=0x0000000075fc4e7e
RSP=0x000000001a5aeca0, RBP=0x0000000000000000, RSI=0x000000001bc01450, RDI=0x000000001bc4a550
R8 =0x0000000075fc4e7e, R9 =0x000000001a5aeb90, R10=0x0000000075f920da, R11=0x000000000000004b
R12=0x0000000000000001, R13=0x000000001bc41a30, R14=0x000000001bc19920, R15=0x00000000ffffffff
RIP=0x00007ff80af05a50, EFLAGS=0x0000000000000206

Top of Stack: (sp=0x000000001a5aeca0)
0x000000001a5aeca0:   0000000000000057 000000001bc01450
0x000000001a5aecb0:   000000001bc01450 000000001bc4a550
0x000000001a5aecc0:   00000000c000000d 0000000000000000
0x000000001a5aecd0:   00007ff80af05a50 0000000000000000
0x000000001a5aece0:   0000000000000000 0000000000000000
0x000000001a5aecf0:   0000000000000000 0000000000000000
0x000000001a5aed00:   0000000000000000 0000000000000000
0x000000001a5aed10:   0000000000000000 0000000000000000
0x000000001a5aed20:   0000000000000000 0000000000000000
0x000000001a5aed30:   0000000000000000 0000000000000000
0x000000001a5aed40:   0000000000000000 0000000000000000
0x000000001a5aed50:   0000000000000000 0000000000000000
0x000000001a5aed60:   00007307c36d615b 000000001bc4a550
0x000000001a5aed70:   000000001bc01450 00007ffff9a9577d
0x000000001a5aed80:   000000001bc4a550 000000001bc01450
0x000000001a5aed90:   0000000000000000 000000001a5aeec8 

Instructions: (pc=0x00007ff80af05a50)
0x00007ff80af05a30:   64 fa ff c7 44 24 20 0d 00 00 c0 b9 57 00 00 00
0x00007ff80af05a40:   e8 eb 4b f5 ff 90 48 8d 4c 24 20 e8 f0 fa f0 ff
0x00007ff80af05a50:   eb 00 48 8b 8c 24 c0 00 00 00 48 33 cc e8 1e 05
0x00007ff80af05a60:   f9 ff 48 81 c4 d8 00 00 00 c3 40 55 48 83 ec 20 


Register to memory mapping:

RAX=0x00007ff80ae5a670 is an unknown value
RBX=0x000000001bc01450 is an unknown value
RCX=0x00007307c36d6b1b is an unknown value
RDX=0x0000000075fc4e7e is an unknown value
RSP=0x000000001a5aeca0 is an unknown value
RBP=0x0000000000000000 is an unknown value
RSI=0x000000001bc01450 is an unknown value
RDI=0x000000001bc4a550 is an unknown value
R8 =0x0000000075fc4e7e is an unknown value
R9 =0x000000001a5aeb90 is an unknown value
R10=0x0000000075f920da is an unknown value
R11=0x000000000000004b is an unknown value
R12=0x0000000000000001 is an unknown value
R13=0x000000001bc41a30 is an unknown value
R14=0x000000001bc19920 is an unknown value
R15=0x00000000ffffffff is an unknown value


Stack: [0x000000001a4b0000,0x000000001a5b0000],  sp=0x000000001a5aeca0,  free space=1019k
Native frames: (J=compiled Java code, j=interpreted, Vv=VM code, C=native code)

VM_Operation (0x000000000263f5d0): Exit, mode: safepoint, requested by thread 0x00000000026dd800


---------------  P R O C E S S  ---------------

Java Threads: ( => current thread )
  0x000000001ae9c000 JavaThread "Thread-1" daemon [_thread_in_native, id=19912, stack(0x00000000242b0000,0x00000000243b0000)]
  0x000000001ffd6000 JavaThread "Thread-0" [_thread_blocked, id=304, stack(0x00000000240b0000,0x00000000241b0000)]
  0x000000001fd6b800 JavaThread "Thread-3" [_thread_in_native, id=10128, stack(0x00000000215e0000,0x00000000216e0000)]
  0x000000001fd79800 JavaThread "AWT-EventQueue-0" [_thread_blocked, id=13140, stack(0x00000000212e0000,0x00000000213e0000)]
  0x000000001fd76000 JavaThread "AWT-Windows" daemon [_thread_blocked, id=10704, stack(0x00000000206d0000,0x00000000207d0000)]
  0x000000001fd75800 JavaThread "AWT-Shutdown" [_thread_blocked, id=13532, stack(0x00000000205d0000,0x00000000206d0000)]
  0x000000001fd77000 JavaThread "Java2D Disposer" daemon [_thread_blocked, id=20624, stack(0x00000000204d0000,0x00000000205d0000)]
  0x000000001add9800 JavaThread "Service Thread" daemon [_thread_blocked, id=14472, stack(0x000000001b1b0000,0x000000001b2b0000)]
  0x000000001947c800 JavaThread "C1 CompilerThread2" daemon [_thread_blocked, id=4608, stack(0x000000001acb0000,0x000000001adb0000)]
  0x0000000019443800 JavaThread "C2 CompilerThread1" daemon [_thread_blocked, id=10328, stack(0x000000001abb0000,0x000000001acb0000)]
  0x0000000019440000 JavaThread "C2 CompilerThread0" daemon [_thread_blocked, id=17028, stack(0x000000001aab0000,0x000000001abb0000)]
  0x000000001943e800 JavaThread "Attach Listener" daemon [_thread_blocked, id=16160, stack(0x000000001a9b0000,0x000000001aab0000)]
  0x000000001943d000 JavaThread "Signal Dispatcher" daemon [_thread_blocked, id=17652, stack(0x000000001a8b0000,0x000000001a9b0000)]
  0x000000001942a800 JavaThread "Finalizer" daemon [_thread_blocked, id=17004, stack(0x000000001a6b0000,0x000000001a7b0000)]
  0x00000000027cf000 JavaThread "Reference Handler" daemon [_thread_blocked, id=9684, stack(0x000000001a5b0000,0x000000001a6b0000)]
  0x00000000026dd800 JavaThread "main" [_thread_blocked, id=21460, stack(0x0000000002540000,0x0000000002640000)]

Other Threads:
=>0x0000000019408000 VMThread [stack: 0x000000001a4b0000,0x000000001a5b0000] [id=21960]

VM state:at safepoint (shutting down)

VM Mutex/Monitor currently owned by a thread:  ([mutex/lock_event])
[0x00000000026dd1a0] Threads_lock - owner thread: 0x0000000019408000

Heap:
 PSYoungGen      total 51200K, used 26134K [0x0000000782f00000, 0x0000000786b00000, 0x00000007c0000000)
  eden space 46080K, 46% used [0x0000000782f00000,0x0000000784402028,0x0000000785c00000)
  from space 5120K, 90% used [0x0000000785d00000,0x0000000786183b18,0x0000000786200000)
  to   space 7680K, 0% used [0x0000000786380000,0x0000000786380000,0x0000000786b00000)
 ParOldGen       total 125952K, used 1070K [0x0000000708c00000, 0x0000000710700000, 0x0000000782f00000)
  object space 125952K, 0% used [0x0000000708c00000,0x0000000708d0b878,0x0000000710700000)
 Metaspace       used 10525K, capacity 10680K, committed 10752K, reserved 1058816K
  class space    used 1200K, capacity 1259K, committed 1280K, reserved 1048576K

Card table byte_map: [0x0000000011ba0000,0x0000000012160000] byte_map_base: 0x000000000e35a000

Marking Bits: (ParMarkBitMap*) 0x00000000773ea6c0
 Begin Bits: [0x0000000012940000, 0x0000000015710000)
 End Bits:   [0x0000000015710000, 0x00000000184e0000)

Polling page: 0x0000000000c00000

CodeCache: size=245760Kb used=4107Kb max_used=4118Kb free=241652Kb
 bounds [0x00000000027e0000, 0x0000000002bf0000, 0x00000000117e0000]
 total_blobs=1873 nmethods=1213 adapters=574
 compilation: enabled

Compilation events (10 events):
Event: 22.781 Thread 0x000000001947c800 1226       3       java.util.concurrent.locks.AbstractQueuedSynchronizer$ConditionObject::await (98 bytes)
Event: 22.782 Thread 0x000000001947c800 nmethod 1226 0x0000000002be2b50 code [0x0000000002be2e00, 0x0000000002be4008]
Event: 22.782 Thread 0x000000001947c800 1225       3       java.util.HashSet::remove (20 bytes)
Event: 22.783 Thread 0x000000001947c800 nmethod 1225 0x0000000002bd5390 code [0x0000000002bd5500, 0x0000000002bd5788]
Event: 22.783 Thread 0x000000001947c800 1227       3       java.util.concurrent.locks.AbstractQueuedSynchronizer::transferForSignal (45 bytes)
Event: 22.783 Thread 0x000000001947c800 nmethod 1227 0x0000000002be4810 code [0x0000000002be49a0, 0x0000000002be4e78]
Event: 22.981 Thread 0x0000000019440000 1228       4       java.util.HashMap::getNode (148 bytes)
Event: 22.986 Thread 0x0000000019440000 nmethod 1228 0x0000000002be7e50 code [0x0000000002be7fa0, 0x0000000002be81d8]
Event: 23.707 Thread 0x000000001947c800 1229       1       java.nio.Buffer::limit (5 bytes)
Event: 23.708 Thread 0x000000001947c800 nmethod 1229 0x0000000002bc9110 code [0x0000000002bc9260, 0x0000000002bc9370]

GC Heap History (10 events):
Event: 5.477 GC heap before
{Heap before GC invocations=1 (full 0):
 PSYoungGen      total 54784K, used 46816K [0x0000000782f00000, 0x0000000786c00000, 0x00000007c0000000)
  eden space 47104K, 99% used [0x0000000782f00000,0x0000000785cb8080,0x0000000785d00000)
  from space 7680K, 0% used [0x0000000786480000,0x0000000786480000,0x0000000786c00000)
  to   space 7680K, 0% used [0x0000000785d00000,0x0000000785d00000,0x0000000786480000)
 ParOldGen       total 125952K, used 0K [0x0000000708c00000, 0x0000000710700000, 0x0000000782f00000)
  object space 125952K, 0% used [0x0000000708c00000,0x0000000708c00000,0x0000000710700000)
 Metaspace       used 10218K, capacity 10360K, committed 10496K, reserved 1058816K
  class space    used 1198K, capacity 1259K, committed 1280K, reserved 1048576K
Event: 5.485 GC heap after
Heap after GC invocations=1 (full 0):
 PSYoungGen      total 54784K, used 4784K [0x0000000782f00000, 0x0000000786c00000, 0x00000007c0000000)
  eden space 47104K, 0% used [0x0000000782f00000,0x0000000782f00000,0x0000000785d00000)
  from space 7680K, 62% used [0x0000000785d00000,0x00000007861ac258,0x0000000786480000)
  to   space 7680K, 0% used [0x0000000786480000,0x0000000786480000,0x0000000786c00000)
 ParOldGen       total 125952K, used 16K [0x0000000708c00000, 0x0000000710700000, 0x0000000782f00000)
  object space 125952K, 0% used [0x0000000708c00000,0x0000000708c04000,0x0000000710700000)
 Metaspace       used 10218K, capacity 10360K, committed 10496K, reserved 1058816K
  class space    used 1198K, capacity 1259K, committed 1280K, reserved 1048576K
}
Event: 9.438 GC heap before
{Heap before GC invocations=2 (full 0):
 PSYoungGen      total 54784K, used 51726K [0x0000000782f00000, 0x0000000786c00000, 0x00000007c0000000)
  eden space 47104K, 99% used [0x0000000782f00000,0x0000000785cd7650,0x0000000785d00000)
  from space 7680K, 62% used [0x0000000785d00000,0x00000007861ac258,0x0000000786480000)
  to   space 7680K, 0% used [0x0000000786480000,0x0000000786480000,0x0000000786c00000)
 ParOldGen       total 125952K, used 16K [0x0000000708c00000, 0x0000000710700000, 0x0000000782f00000)
  object space 125952K, 0% used [0x0000000708c00000,0x0000000708c04000,0x0000000710700000)
 Metaspace       used 10303K, capacity 10488K, committed 10752K, reserved 1058816K
  class space    used 1198K, capacity 1259K, committed 1280K, reserved 1048576K
Event: 9.444 GC heap after
Heap after GC invocations=2 (full 0):
 PSYoungGen      total 54784K, used 7306K [0x0000000782f00000, 0x0000000786c00000, 0x00000007c0000000)
  eden space 47104K, 0% used [0x0000000782f00000,0x0000000782f00000,0x0000000785d00000)
  from space 7680K, 95% used [0x0000000786480000,0x0000000786ba2860,0x0000000786c00000)
  to   space 7680K, 0% used [0x0000000785d00000,0x0000000785d00000,0x0000000786480000)
 ParOldGen       total 125952K, used 24K [0x0000000708c00000, 0x0000000710700000, 0x0000000782f00000)
  object space 125952K, 0% used [0x0000000708c00000,0x0000000708c06000,0x0000000710700000)
 Metaspace       used 10303K, capacity 10488K, committed 10752K, reserved 1058816K
  class space    used 1198K, capacity 1259K, committed 1280K, reserved 1048576K
}
Event: 13.707 GC heap before
{Heap before GC invocations=3 (full 0):
 PSYoungGen      total 54784K, used 54370K [0x0000000782f00000, 0x0000000786c00000, 0x00000007c0000000)
  eden space 47104K, 99% used [0x0000000782f00000,0x0000000785cf6108,0x0000000785d00000)
  from space 7680K, 95% used [0x0000000786480000,0x0000000786ba2860,0x0000000786c00000)
  to   space 7680K, 0% used [0x0000000785d00000,0x0000000785d00000,0x0000000786480000)
 ParOldGen       total 125952K, used 77K [0x0000000708c00000, 0x0000000710700000, 0x0000000782f00000)
  object space 125952K, 0% used [0x0000000708c00000,0x0000000708c136d8,0x0000000710700000)
 Metaspace       used 10358K, capacity 10552K, committed 10752K, reserved 1058816K
  class space    used 1198K, capacity 1259K, committed 1280K, reserved 1048576K
Event: 13.712 GC heap after
Heap after GC invocations=3 (full 0):
 PSYoungGen      total 54784K, used 4598K [0x0000000782f00000, 0x0000000786c00000, 0x00000007c0000000)
  eden space 47104K, 0% used [0x0000000782f00000,0x0000000782f00000,0x0000000785d00000)
  from space 7680K, 59% used [0x0000000785d00000,0x000000078617d868,0x0000000786480000)
  to   space 7680K, 0% used [0x0000000786480000,0x0000000786480000,0x0000000786c00000)
 ParOldGen       total 125952K, used 85K [0x0000000708c00000, 0x0000000710700000, 0x0000000782f00000)
  object space 125952K, 0% used [0x0000000708c00000,0x0000000708c156d8,0x0000000710700000)
 Metaspace       used 10358K, capacity 10552K, committed 10752K, reserved 1058816K
  class space    used 1198K, capacity 1259K, committed 1280K, reserved 1048576K
}
Event: 17.767 GC heap before
{Heap before GC invocations=4 (full 0):
 PSYoungGen      total 54784K, used 51702K [0x0000000782f00000, 0x0000000786c00000, 0x00000007c0000000)
  eden space 47104K, 100% used [0x0000000782f00000,0x0000000785d00000,0x0000000785d00000)
  from space 7680K, 59% used [0x0000000785d00000,0x000000078617d868,0x0000000786480000)
  to   space 7680K, 0% used [0x0000000786480000,0x0000000786480000,0x0000000786c00000)
 ParOldGen       total 125952K, used 754K [0x0000000708c00000, 0x0000000710700000, 0x0000000782f00000)
  object space 125952K, 0% used [0x0000000708c00000,0x0000000708cbc868,0x0000000710700000)
 Metaspace       used 10395K, capacity 10552K, committed 10752K, reserved 1058816K
  class space    used 1198K, capacity 1259K, committed 1280K, reserved 1048576K
Event: 17.772 GC heap after
Heap after GC invocations=4 (full 0):
 PSYoungGen      total 54784K, used 4250K [0x0000000782f00000, 0x0000000786c00000, 0x00000007c0000000)
  eden space 47104K, 0% used [0x0000000782f00000,0x0000000782f00000,0x0000000785d00000)
  from space 7680K, 55% used [0x0000000786480000,0x00000007868a6848,0x0000000786c00000)
  to   space 7680K, 0% used [0x0000000785d00000,0x0000000785d00000,0x0000000786480000)
 ParOldGen       total 125952K, used 762K [0x0000000708c00000, 0x0000000710700000, 0x0000000782f00000)
  object space 125952K, 0% used [0x0000000708c00000,0x0000000708cbe868,0x0000000710700000)
 Metaspace       used 10395K, capacity 10552K, committed 10752K, reserved 1058816K
  class space    used 1198K, capacity 1259K, committed 1280K, reserved 1048576K
}
Event: 21.943 GC heap before
{Heap before GC invocations=5 (full 0):
 PSYoungGen      total 54784K, used 51354K [0x0000000782f00000, 0x0000000786c00000, 0x00000007c0000000)
  eden space 47104K, 100% used [0x0000000782f00000,0x0000000785d00000,0x0000000785d00000)
  from space 7680K, 55% used [0x0000000786480000,0x00000007868a6848,0x0000000786c00000)
  to   space 7680K, 0% used [0x0000000785d00000,0x0000000785d00000,0x0000000786480000)
 ParOldGen       total 125952K, used 1062K [0x0000000708c00000, 0x0000000710700000, 0x0000000782f00000)
  object space 125952K, 0% used [0x0000000708c00000,0x0000000708d09878,0x0000000710700000)
 Metaspace       used 10474K, capacity 10616K, committed 10752K, reserved 1058816K
  class space    used 1198K, capacity 1259K, committed 1280K, reserved 1048576K
Event: 21.949 GC heap after
Heap after GC invocations=5 (full 0):
 PSYoungGen      total 51200K, used 4622K [0x0000000782f00000, 0x0000000786b00000, 0x00000007c0000000)
  eden space 46080K, 0% used [0x0000000782f00000,0x0000000782f00000,0x0000000785c00000)
  from space 5120K, 90% used [0x0000000785d00000,0x0000000786183b18,0x0000000786200000)
  to   space 7680K, 0% used [0x0000000786380000,0x0000000786380000,0x0000000786b00000)
 ParOldGen       total 125952K, used 1070K [0x0000000708c00000, 0x0000000710700000, 0x0000000782f00000)
  object space 125952K, 0% used [0x0000000708c00000,0x0000000708d0b878,0x0000000710700000)
 Metaspace       used 10474K, capacity 10616K, committed 10752K, reserved 1058816K
  class space    used 1198K, capacity 1259K, committed 1280K, reserved 1048576K
}

Deoptimization events (4 events):
Event: 23.705 Thread 0x000000001fd6b800 Uncommon trap: reason=unstable_if action=reinterpret pc=0x0000000002b96efc method=sun.java2d.d3d.D3DScreenUpdateManager.createGraphics(Lsun/java2d/SurfaceData;Lsun/awt/windows/WComponentPeer;Ljava/awt/Color;Ljava/awt/Color;Ljava/awt/Font;)Ljava/awt/Graphi
Event: 23.707 Thread 0x00000000026dd800 Uncommon trap: reason=unstable_if action=reinterpret pc=0x0000000002bba3ec method=javax.imageio.stream.ImageInputStreamImpl.checkClosed()V @ 4
Event: 23.707 Thread 0x00000000026dd800 Uncommon trap: reason=unstable_if action=reinterpret pc=0x0000000002bb3e98 method=javax.imageio.stream.ImageInputStreamImpl.checkClosed()V @ 4
Event: 23.707 Thread 0x00000000026dd800 Uncommon trap: reason=unstable_if action=reinterpret pc=0x0000000002b64cbc method=javax.imageio.stream.ImageInputStreamImpl.checkClosed()V @ 4

Internal exceptions (10 events):
Event: 0.049 Thread 0x00000000026dd800 Exception <a 'java/lang/NoSuchMethodError': Method sun.misc.Unsafe.defineClass(Ljava/lang/String;[BII)Ljava/lang/Class; name or signature does not match> (0x0000000782f07c78) thrown at [C:\re\workspace\8-2-build-windows-amd64-cygwin\jdk8u111\7883\hotspot\
Event: 0.049 Thread 0x00000000026dd800 Exception <a 'java/lang/NoSuchMethodError': Method sun.misc.Unsafe.prefetchRead(Ljava/lang/Object;J)V name or signature does not match> (0x0000000782f07f60) thrown at [C:\re\workspace\8-2-build-windows-amd64-cygwin\jdk8u111\7883\hotspot\src\share\vm\prims
Event: 0.225 Thread 0x00000000026dd800 Exception <a 'java/security/PrivilegedActionException'> (0x00000007830df058) thrown at [C:\re\workspace\8-2-build-windows-amd64-cygwin\jdk8u111\7883\hotspot\src\share\vm\prims\jvm.cpp, line 1386]
Event: 0.225 Thread 0x00000000026dd800 Exception <a 'java/security/PrivilegedActionException'> (0x00000007830df268) thrown at [C:\re\workspace\8-2-build-windows-amd64-cygwin\jdk8u111\7883\hotspot\src\share\vm\prims\jvm.cpp, line 1386]
Event: 0.227 Thread 0x00000000026dd800 Exception <a 'java/security/PrivilegedActionException'> (0x00000007830e2eb0) thrown at [C:\re\workspace\8-2-build-windows-amd64-cygwin\jdk8u111\7883\hotspot\src\share\vm\prims\jvm.cpp, line 1386]
Event: 0.227 Thread 0x00000000026dd800 Exception <a 'java/security/PrivilegedActionException'> (0x00000007830e30c0) thrown at [C:\re\workspace\8-2-build-windows-amd64-cygwin\jdk8u111\7883\hotspot\src\share\vm\prims\jvm.cpp, line 1386]
Event: 1.926 Thread 0x00000000026dd800 Exception <a 'java/io/FileNotFoundException'> (0x00000007832903f0) thrown at [C:\re\workspace\8-2-build-windows-amd64-cygwin\jdk8u111\7883\hotspot\src\share\vm\prims\jni.cpp, line 709]
Event: 1.987 Thread 0x00000000026dd800 Exception <a 'java/lang/NoSuchFieldError': method resolution failed> (0x000000078335d550) thrown at [C:\re\workspace\8-2-build-windows-amd64-cygwin\jdk8u111\7883\hotspot\src\share\vm\prims\methodHandles.cpp, line 1146]
Event: 1.990 Thread 0x00000000026dd800 Exception <a 'java/lang/NoSuchFieldError': method resolution failed> (0x000000078336a8f0) thrown at [C:\re\workspace\8-2-build-windows-amd64-cygwin\jdk8u111\7883\hotspot\src\share\vm\prims\methodHandles.cpp, line 1146]
Event: 2.172 Thread 0x00000000026dd800 Exception <a 'java/io/FileNotFoundException'> (0x0000000783601de8) thrown at [C:\re\workspace\8-2-build-windows-amd64-cygwin\jdk8u111\7883\hotspot\src\share\vm\prims\jni.cpp, line 709]

Events (10 events):
Event: 23.707 Executing VM operation: RevokeBias done
Event: 23.707 Thread 0x00000000026dd800 DEOPT PACKING pc=0x0000000002bba3ec sp=0x000000000263f260
Event: 23.707 Thread 0x00000000026dd800 DEOPT UNPACKING pc=0x000000000282582a sp=0x000000000263f180 mode 2
Event: 23.707 Thread 0x00000000026dd800 Uncommon trap: trap_request=0xffffff65 fr.pc=0x0000000002bb3e98
Event: 23.707 Thread 0x00000000026dd800 DEOPT PACKING pc=0x0000000002bb3e98 sp=0x000000000263f2c0
Event: 23.707 Thread 0x00000000026dd800 DEOPT UNPACKING pc=0x000000000282582a sp=0x000000000263f1d8 mode 2
Event: 23.707 Thread 0x00000000026dd800 Uncommon trap: trap_request=0xffffff65 fr.pc=0x0000000002b64cbc
Event: 23.707 Thread 0x00000000026dd800 DEOPT PACKING pc=0x0000000002b64cbc sp=0x000000000263f1e0
Event: 23.707 Thread 0x00000000026dd800 DEOPT UNPACKING pc=0x000000000282582a sp=0x000000000263f160 mode 2
Event: 23.708 Executing VM operation: Exit


Dynamic libraries:
0x00007ff6bf9a0000 - 0x00007ff6bf9d7000 	C:\Program Files\Java\jre1.8.0_111\bin\javaw.exe
0x00007ff80ae00000 - 0x00007ff80afdb000 	C:\WINDOWS\SYSTEM32\ntdll.dll
0x00007ff8088a0000 - 0x00007ff80894e000 	C:\WINDOWS\System32\KERNEL32.DLL
0x00007ff807320000 - 0x00007ff807569000 	C:\WINDOWS\System32\KERNELBASE.dll
0x00007ff8083c0000 - 0x00007ff808461000 	C:\WINDOWS\System32\ADVAPI32.dll
0x00007ff8085b0000 - 0x00007ff80864d000 	C:\WINDOWS\System32\msvcrt.dll
0x00007ff808cf0000 - 0x00007ff808d49000 	C:\WINDOWS\System32\sechost.dll
0x00007ff8086c0000 - 0x00007ff8087e5000 	C:\WINDOWS\System32\RPCRT4.dll
0x00007ff808950000 - 0x00007ff808a9a000 	C:\WINDOWS\System32\USER32.dll
0x00007ff8082f0000 - 0x00007ff80830e000 	C:\WINDOWS\System32\win32u.dll
0x00007ff8087f0000 - 0x00007ff808817000 	C:\WINDOWS\System32\GDI32.dll
0x00007ff807820000 - 0x00007ff8079a7000 	C:\WINDOWS\System32\gdi32full.dll
0x00007ff8075d0000 - 0x00007ff80766a000 	C:\WINDOWS\System32\msvcp_win.dll
0x00007ff807670000 - 0x00007ff807766000 	C:\WINDOWS\System32\ucrtbase.dll
0x00007ffffbcb0000 - 0x00007ffffbf17000 	C:\WINDOWS\WinSxS\amd64_microsoft.windows.common-controls_6595b64144ccf1df_6.0.15063.483_none_26002d27e7c744a2\COMCTL32.dll
0x00007ff808f20000 - 0x00007ff809219000 	C:\WINDOWS\System32\combase.dll
0x00007ff8079b0000 - 0x00007ff807a1a000 	C:\WINDOWS\System32\bcryptPrimitives.dll
0x00007ff808470000 - 0x00007ff80849d000 	C:\WINDOWS\System32\IMM32.DLL
0x0000000075f70000 - 0x0000000076042000 	C:\Program Files\Java\jre1.8.0_111\bin\msvcr100.dll
0x0000000076bd0000 - 0x000000007746a000 	C:\Program Files\Java\jre1.8.0_111\bin\server\jvm.dll
0x00007ff808aa0000 - 0x00007ff808aa8000 	C:\WINDOWS\System32\PSAPI.DLL
0x00007ff805740000 - 0x00007ff80574a000 	C:\WINDOWS\SYSTEM32\VERSION.dll
0x00007ffff7e50000 - 0x00007ffff7e59000 	C:\WINDOWS\SYSTEM32\WSOCK32.dll
0x00007ff804e30000 - 0x00007ff804e53000 	C:\WINDOWS\SYSTEM32\WINMM.dll
0x00007ff808c80000 - 0x00007ff808cec000 	C:\WINDOWS\System32\WS2_32.dll
0x00007ff804cd0000 - 0x00007ff804cfb000 	C:\WINDOWS\SYSTEM32\winmmbase.dll
0x00007ff808310000 - 0x00007ff808359000 	C:\WINDOWS\System32\cfgmgr32.dll
0x0000000076bc0000 - 0x0000000076bcf000 	C:\Program Files\Java\jre1.8.0_111\bin\verify.dll
0x0000000076b90000 - 0x0000000076bb9000 	C:\Program Files\Java\jre1.8.0_111\bin\java.dll
0x0000000076b70000 - 0x0000000076b86000 	C:\Program Files\Java\jre1.8.0_111\bin\zip.dll
0x00007ff8097d0000 - 0x00007ff80ac07000 	C:\WINDOWS\System32\SHELL32.dll
0x00007ff808ab0000 - 0x00007ff808b5a000 	C:\WINDOWS\System32\shcore.dll
0x00007ff807a20000 - 0x00007ff808111000 	C:\WINDOWS\System32\windows.storage.dll
0x00007ff808360000 - 0x00007ff8083b1000 	C:\WINDOWS\System32\shlwapi.dll
0x00007ff8072e0000 - 0x00007ff8072f1000 	C:\WINDOWS\System32\kernel.appcore.dll
0x00007ff807290000 - 0x00007ff8072dc000 	C:\WINDOWS\System32\powrprof.dll
0x00007ff807300000 - 0x00007ff807315000 	C:\WINDOWS\System32\profapi.dll
0x00007fffd91c0000 - 0x00007fffd9b06000 	C:\Users\finma\Documents\GitHub\TrackerboxReloaded\build\opencv\opencv_java310.dll
0x00007ff80ac10000 - 0x00007ff80ad55000 	C:\WINDOWS\System32\ole32.dll
0x00007ff808b60000 - 0x00007ff808c20000 	C:\WINDOWS\System32\OLEAUT32.dll
0x00007ffffb130000 - 0x00007ffffb159000 	C:\WINDOWS\SYSTEM32\MSVFW32.dll
0x00007ffffab50000 - 0x00007ffffab68000 	C:\WINDOWS\SYSTEM32\AVICAP32.dll
0x00007ffffd8a0000 - 0x00007ffffd8bf000 	C:\WINDOWS\SYSTEM32\AVIFIL32.dll
0x00007ffff9450000 - 0x00007ffff946c000 	C:\WINDOWS\SYSTEM32\MSACM32.dll
0x00007ff806dd0000 - 0x00007ff806de7000 	C:\WINDOWS\SYSTEM32\CRYPTSP.dll
0x00007ff806410000 - 0x00007ff806444000 	C:\WINDOWS\system32\rsaenh.dll
0x00007ff807140000 - 0x00007ff807165000 	C:\WINDOWS\SYSTEM32\bcrypt.dll
0x00007ff807170000 - 0x00007ff807199000 	C:\WINDOWS\SYSTEM32\USERENV.dll
0x00007ff806990000 - 0x00007ff80699b000 	C:\WINDOWS\SYSTEM32\CRYPTBASE.dll
0x0000000076b50000 - 0x0000000076b6a000 	C:\Program Files\Java\jre1.8.0_111\bin\net.dll
0x00007ff8067f0000 - 0x00007ff80684c000 	C:\WINDOWS\system32\mswsock.dll
0x00007ff806590000 - 0x00007ff8065c7000 	C:\WINDOWS\SYSTEM32\IPHLPAPI.DLL
0x00007ff8086b0000 - 0x00007ff8086b8000 	C:\WINDOWS\System32\NSI.dll
0x00007ffffef70000 - 0x00007ffffef86000 	C:\WINDOWS\SYSTEM32\dhcpcsvc6.DLL
0x00007fffff000000 - 0x00007fffff01a000 	C:\WINDOWS\SYSTEM32\dhcpcsvc.DLL
0x0000000076b30000 - 0x0000000076b41000 	C:\Program Files\Java\jre1.8.0_111\bin\nio.dll
0x00007fffe67b0000 - 0x00007fffe6899000 	C:\Users\finma\AppData\Local\Temp\NetworkTablesJNI6477362688722345482.dll
0x00007fffdc3e0000 - 0x00007fffdc6cc000 	C:\Users\finma\AppData\Local\Temp\CameraServerJNI3361105181869374996.dll
0x00007ff805180000 - 0x00007ff805215000 	C:\WINDOWS\system32\uxtheme.dll
0x00007ff80ad60000 - 0x00007ff80adfe000 	C:\WINDOWS\System32\clbcatq.dll
0x00007ffff9870000 - 0x00007ffff9887000 	C:\Windows\System32\devenum.dll
0x00007ff809390000 - 0x00007ff8097cb000 	C:\WINDOWS\System32\setupapi.dll
0x00007ff8060f0000 - 0x00007ff806121000 	C:\WINDOWS\SYSTEM32\ntmarta.dll
0x00007ff8053c0000 - 0x00007ff8053e8000 	C:\WINDOWS\SYSTEM32\DEVOBJ.dll
0x00007ff807570000 - 0x00007ff8075c6000 	C:\WINDOWS\System32\WINTRUST.dll
0x00007ff807270000 - 0x00007ff807281000 	C:\WINDOWS\System32\MSASN1.dll
0x00007ff808120000 - 0x00007ff8082e9000 	C:\WINDOWS\System32\CRYPT32.dll
0x00007ff8016a0000 - 0x00007ff8016ab000 	C:\WINDOWS\SYSTEM32\msdmo.dll
0x00007ffff4b90000 - 0x00007ffff4bc2000 	C:\Windows\System32\qcap.dll
0x00007fffe4a50000 - 0x00007fffe4c0c000 	C:\Windows\System32\quartz.dll
0x00007ff809220000 - 0x00007ff809386000 	C:\WINDOWS\System32\MSCTF.dll
0x00007ff803560000 - 0x00007ff80358a000 	C:\WINDOWS\system32\dwmapi.dll
0x00007fffee700000 - 0x00007fffee74d000 	C:\Windows\System32\mfksproxy.dll
0x00007ffff3c90000 - 0x00007ffff3cac000 	C:\Windows\System32\ATL.DLL
0x00007fffef4c0000 - 0x00007fffef4f2000 	C:\Windows\System32\MFSENSORGROUP.dll
0x00007ffff98f0000 - 0x00007ffff9a90000 	C:\Windows\System32\MFPlat.DLL
0x00007ffff9a90000 - 0x00007ffff9ac2000 	C:\Windows\System32\RTWorkQ.DLL
0x00007fffca300000 - 0x00007fffca778000 	C:\Windows\System32\MFCORE.dll
0x00007ffff4a30000 - 0x00007ffff4a39000 	C:\Windows\System32\ksuser.dll
0x00007fffedee0000 - 0x00007fffedf2a000 	C:\Windows\System32\FSClient.dll
0x00007ff805880000 - 0x00007ff805924000 	C:\Windows\System32\dxgi.dll
0x00007ff804520000 - 0x00007ff8047ff000 	C:\Windows\System32\d3d11.dll
0x00007ff8026b0000 - 0x00007ff8026bb000 	C:\Windows\System32\AVRT.dll
0x00007ff803a00000 - 0x00007ff803a0c000 	C:\Windows\System32\vidcap.ax
0x00007ffff4b40000 - 0x00007ffff4b66000 	C:\Windows\System32\kswdmcap.ax
0x00007fffe24c0000 - 0x00007fffe2624000 	C:\Windows\System32\MFC42.dll
0x00007ff803400000 - 0x00007ff803477000 	C:\WINDOWS\SYSTEM32\policymanager.dll
0x00007ff803230000 - 0x00007ff8032bf000 	C:\Windows\System32\msvcp110_win.dll
0x00007fffe4520000 - 0x00007fffe4614000 	C:\Windows\System32\MFReadWrite.dll
0x00007fffe59c0000 - 0x00007fffe5a5f000 	C:\Windows\System32\qedit.dll
0x00007ff8084a0000 - 0x00007ff8085a8000 	C:\WINDOWS\System32\COMDLG32.dll
0x00007ffffbf20000 - 0x00007ffffc0b5000 	C:\WINDOWS\WinSxS\amd64_microsoft.windows.gdiplus_6595b64144ccf1df_1.1.15063.608_none_56f0266b425534e9\gdiplus.dll
0x00007fffdce70000 - 0x00007fffdcf66000 	C:\Windows\System32\DDRAW.dll
0x00007ffffbbf0000 - 0x00007ffffbbf8000 	C:\Windows\System32\DCIMAN32.dll
0x00007ff801420000 - 0x00007ff80142c000 	C:\WINDOWS\SYSTEM32\msyuv.dll
0x0000000075430000 - 0x00000000755c8000 	C:\Program Files\Java\jre1.8.0_111\bin\awt.dll
0x00007ff805060000 - 0x00007ff8050de000 	C:\WINDOWS\SYSTEM32\apphelp.dll
0x0000000075f30000 - 0x0000000075f61000 	C:\Program Files\Java\jre1.8.0_111\bin\jpeg.dll
0x0000000075ee0000 - 0x0000000075f27000 	C:\Program Files\Java\jre1.8.0_111\bin\fontmanager.dll
0x00007fffff4a0000 - 0x00007fffff522000 	C:\WINDOWS\System32\TextInputFramework.dll
0x00007fffff070000 - 0x00007fffff342000 	C:\WINDOWS\System32\CoreUIComponents.dll
0x00007ff804830000 - 0x00007ff804913000 	C:\WINDOWS\System32\CoreMessaging.dll
0x00007ff8035d0000 - 0x00007ff803709000 	C:\WINDOWS\SYSTEM32\wintypes.dll
0x00007ff8034a0000 - 0x00007ff8034b5000 	C:\WINDOWS\SYSTEM32\usermgrcli.dll
0x00007ff8065e0000 - 0x00007ff806684000 	C:\WINDOWS\SYSTEM32\DNSAPI.dll
0x0000000077660000 - 0x0000000077686000 	C:\Program Files\Bonjour\mdnsNSP.dll
0x00000000776b0000 - 0x00000000776c9000 	C:\WINDOWS\SYSTEM32\dnssd.dll
0x00007ffff57f0000 - 0x00007ffff57fa000 	C:\Windows\System32\rasadhlp.dll
0x00007ff806bb0000 - 0x00007ff806d59000 	C:\WINDOWS\SYSTEM32\dbghelp.dll

VM Arguments:
jvm_args: -Djava.library.path=C:\Users\finma\Documents\GitHub\TrackerboxReloaded\build\opencv -Dfile.encoding=Cp1252 
java_command: main.java.Main
java_class_path (initial): C:\Users\finma\Documents\GitHub\TrackerboxReloaded\bin;C:\Users\finma\Documents\GitHub\TrackerboxReloaded\build\libs\CameraVision-all.jar;C:\Users\finma\Documents\GitHub\TrackerboxReloaded\build\libs\CameraVision.jar
Launcher Type: SUN_STANDARD

Environment Variables:
JAVA_HOME=C:\Program Files\Java\jdk1.8.0_111\
CLASSPATH=C:\Program Files\Java\jre7\lib\ext\mysql-connector.jar;C:\Program Files\OpenNI\Bin64\org.OpenNI.jar
PATH=C:/Program Files/Java/jre1.8.0_111/bin/server;C:/Program Files/Java/jre1.8.0_111/bin;C:/Program Files/Java/jre1.8.0_111/lib/amd64;C:\ProgramData\Oracle\Java\javapath;C:\Program Files\Java\jdk1.8.0_111\bin;C:\WINDOWS\system32;C:\WINDOWS;C:\WINDOWS\System32\Wbem;C:\WINDOWS\System32\WindowsPowerShell\v1.0\;C:\Program Files (x86)\Windows Live\Shared;C:\Program Files (x86)\Skype\Phone\;C:\Program Files\Git\cmd;C:\Users\finma\Desktop\ant\bin;C:\Gradle\bin;C:\Program Files\Intel\WiFi\bin\;C:\Program Files\Common Files\Intel\WirelessCommon\;C:\Users\finma\Desktop\BackedUpFiles\maven\bin;C:\Program Files\CMake\bin;C:\Program Files (x86)\Windows Kits\8.1\Windows Performance Toolkit\;C:\Program Files\PrimeSense\NITE\bin64;C:\Program Files\PuTTY\;C:\Program Files\OpenNI\Bin64;C:\Program Files\PCL 1.6.0\bin;C:\Program Files (x86)\OpenNI\Bin;C:\Users\finma\AppData\Local\Programs\Python\Python36\Scripts\;C:\Users\finma\AppData\Local\Programs\Python\Python36\;C:\Users\finma\AppData\Local\Microsoft\WindowsApps;;C:\WINDOWS\system32;
USERNAME=finma
OS=Windows_NT
PROCESSOR_IDENTIFIER=AMD64 Family 21 Model 101 Stepping 1, AuthenticAMD



---------------  S Y S T E M  ---------------

OS: Windows 10.0 , 64 bit Build 15063 (10.0.15063.296)

CPU:total 4 (4 cores per cpu, 1 threads per core) family 21 model 101 stepping 1, cmov, cx8, fxsr, mmx, sse, sse2, sse3, ssse3, sse4.1, sse4.2, popcnt, avx, avx2, aes, clmul, mmxext, 3dnowpref, lzcnt, sse4a, tsc, tscinvbit, tscinv, bmi1

Memory: 4k page, physical 12005684k(6069056k free), swap 15824724k(6920384k free)

vm_info: Java HotSpot(TM) 64-Bit Server VM (25.111-b14) for windows-amd64 JRE (1.8.0_111-b14), built on Sep 22 2016 19:24:05 by "java_re" with MS VC++ 10.0 (VS2010)

time: Sun Jan 14 15:37:59 2018
elapsed time: 25 seconds (0d 0h 0m 25s)

