#
# A fatal error has been detected by the Java Runtime Environment:
#
#  Internal Error (0xc000000d), pid=14220, tid=0x000034a4
#
# JRE version: Java(TM) SE Runtime Environment (8.0_151-b12) (build 1.8.0_151-b12)
# Java VM: Java HotSpot(TM) Client VM (25.151-b12 mixed mode windows-x86 )
# Problematic frame:
# C  [ntdll.dll+0xf4bb0]
#
# Failed to write core dump. Minidumps are not enabled by default on client versions of Windows
#
# If you would like to submit a bug report, please visit:
#   http://bugreport.java.com/bugreport/crash.jsp
#

---------------  T H R E A D  ---------------

Current thread (0x04e0d800):  VMThread [stack: 0x06f00000,0x06f50000] [id=13476]

siginfo: ExceptionCode=0xc000000d

Registers:
EAX=0x06f4ec90, EBX=0x0356aee8, ECX=0xc5991f66, EDX=0x00000000
ESP=0x06f4ec80, EBP=0x06f4ed00, ESI=0x00000002, EDI=0x18295a38
EIP=0x77bf4bb0, EFLAGS=0x00000246

Top of Stack: (sp=0x06f4ec80)
0x06f4ec80:   c36df266 18295a38 00000002 0356aee8
0x06f4ec90:   c000000d 00000000 00000000 77bf4bb0
0x06f4eca0:   00000000 00000000 00000000 00000000
0x06f4ecb0:   00000000 00000000 00000000 00000000
0x06f4ecc0:   00000000 00000000 00000000 00000000
0x06f4ecd0:   00000000 00000000 00000000 00000000
0x06f4ece0:   18020000 c36df266 06f4ec80 06f4e690
0x06f4ecf0:   06f4ef68 77b76a50 b259142e 00000000 

Instructions: (pc=0x77bf4bb0)
0x77bf4b90:   f8 ff 83 c4 0c c7 45 90 0d 00 00 c0 6a 57 e8 0d
0x77bf4ba0:   51 f6 ff 83 65 fc 00 8d 45 90 50 e8 80 53 f9 ff
0x77bf4bb0:   eb 0c 8b 4d ec e8 11 00 00 00 c3 8b 65 e8 c7 45
0x77bf4bc0:   fc fe ff ff ff e8 c6 45 f9 ff c3 8b ff 51 6a 03 


Register to memory mapping:

EAX=
[error occurred during error reporting (printing register info), id 0xc0000005]

Stack: [0x06f00000,0x06f50000],  sp=0x06f4ec80,  free space=315k
Native frames: (J=compiled Java code, j=interpreted, Vv=VM code, C=native code)
C  [ntdll.dll+0xf4bb0]
C  [ntdll.dll+0x3552e]
C  [RTWorkQ.DLL+0x7227]
C  [RTWorkQ.DLL+0x3f61]
C  [RTWorkQ.DLL+0x4fdc]
C  [RTWorkQ.DLL+0x45e7]
C  [MFPlat.DLL+0x2d844]
C  [MFReadWrite.dll+0xfdc0]
C  [MFReadWrite.dll+0x237fd]
C  [MFReadWrite.dll+0x2357e]
C  [mfksproxy.dll+0x1356d]
C  [mfksproxy.dll+0x12ab1]
C  [mfksproxy.dll+0x82eb]
C  [quartz.dll+0x73291]
C  [quartz.dll+0x82345]
C  [quartz.dll+0x844ee]
C  [quartz.dll+0x8397e]
C  [opencv_java310.dll+0x3325e9]
C  [opencv_java310.dll+0x3327ad]
C  [opencv_java310.dll+0x4e51e2]
C  [opencv_java310.dll+0x4e52a9]
C  [opencv_java310.dll+0x4e5558]
C  [opencv_java310.dll+0x4e185b]
C  [opencv_java310.dll+0x4e179a]
C  [opencv_java310.dll+0x4e17de]
C  [opencv_java310.dll+0x4e1912]
C  [opencv_java310.dll+0x4e1a31]
C  [opencv_java310.dll+0x4ae4be]
C  [opencv_java310.dll+0x4ae701]
C  [opencv_java310.dll+0x4ae794]
C  [ntdll.dll+0x6e746]
C  [ntdll.dll+0x3cbef]
C  [ntdll.dll+0x3792c]
C  [ntdll.dll+0x679fc]
C  [KERNEL32.DLL+0x13bd3]
C  [msvcr100.dll+0x27997]
C  [msvcr100.dll+0x27ab0]
C  [msvcr100.dll+0x27b1d]
V  [jvm.dll+0x159742]
V  [jvm.dll+0x1832bd]
V  [jvm.dll+0x182711]
V  [jvm.dll+0x182b27]
V  [jvm.dll+0x182d22]
V  [jvm.dll+0x1c2cb6]
C  [msvcr100.dll+0x5c556]
C  [msvcr100.dll+0x5c600]
C  [KERNEL32.DLL+0x18654]
C  [ntdll.dll+0x64a77]
C  [ntdll.dll+0x64a47]

VM_Operation (0x1e40e3a0): Exit, mode: safepoint, requested by thread 0x17651c00


---------------  P R O C E S S  ---------------

Java Threads: ( => current thread )
  0x1df05800 JavaThread "Thread-4" [_thread_blocked, id=7808, stack(0x1ede0000,0x1ee30000)]
  0x1762e800 JavaThread "Thread-3" [_thread_blocked, id=13828, stack(0x1e450000,0x1e4a0000)]
  0x17651c00 JavaThread "AWT-EventQueue-0" [_thread_blocked, id=16668, stack(0x1e3c0000,0x1e410000)]
  0x1763f000 JavaThread "AWT-Shutdown" [_thread_blocked, id=10504, stack(0x1d990000,0x1d9e0000)]
  0x17622c00 JavaThread "Java2D Disposer" daemon [_thread_blocked, id=16568, stack(0x1d800000,0x1d850000)]
  0x17496c00 JavaThread "Service Thread" daemon [_thread_blocked, id=7620, stack(0x179d0000,0x17a20000)]
  0x1748e800 JavaThread "C1 CompilerThread0" daemon [_thread_blocked, id=7624, stack(0x17940000,0x17990000)]
  0x1748d000 JavaThread "Attach Listener" daemon [_thread_blocked, id=2016, stack(0x178b0000,0x17900000)]
  0x1748b000 JavaThread "Signal Dispatcher" daemon [_thread_blocked, id=12864, stack(0x17820000,0x17870000)]
  0x17479800 JavaThread "Finalizer" daemon [_thread_blocked, id=15560, stack(0x176a0000,0x176f0000)]
  0x04e0ec00 JavaThread "Reference Handler" daemon [_thread_blocked, id=7280, stack(0x06f90000,0x06fe0000)]
  0x0350c800 JavaThread "main" [_thread_blocked, id=17920, stack(0x03430000,0x03480000)]

Other Threads:
=>0x04e0d800 VMThread [stack: 0x06f00000,0x06f50000] [id=13476]

VM state:at safepoint (shutting down)

VM Mutex/Monitor currently owned by a thread:  ([mutex/lock_event])
[0x0350bfc0] Threads_lock - owner thread: 0x04e0d800

Heap:
 def new generation   total 18816K, used 8956K [0x07000000, 0x08460000, 0x0c550000)
  eden space 16768K,  44% used [0x07000000, 0x077395a8, 0x08060000)
  from space 2048K,  76% used [0x08260000, 0x083e5e40, 0x08460000)
  to   space 2048K,   0% used [0x08060000, 0x08060000, 0x08260000)
 tenured generation   total 41684K, used 12732K [0x0c550000, 0x0ee05000, 0x17000000)
   the space 41684K,  30% used [0x0c550000, 0x0d1bf118, 0x0d1bf200, 0x0ee05000)
 Metaspace       used 6373K, capacity 6559K, committed 6656K, reserved 7552K

Card table byte_map: [0x06e10000,0x06ea0000] byte_map_base: 0x06dd8000

Polling page: 0x00df0000

CodeCache: size=32768Kb used=1402Kb max_used=1402Kb free=31365Kb
 bounds [0x04e10000, 0x04f70000, 0x06e10000]
 total_blobs=910 nmethods=531 adapters=310
 compilation: enabled

Compilation events (10 events):
Event: 46.241 Thread 0x1748e800  527             java.awt.image.PixelInterleavedSampleModel::createCompatibleSampleModel (124 bytes)
Event: 46.242 Thread 0x1748e800 nmethod 527 0x04f6d2c8 code [0x04f6d3e0, 0x04f6d62c]
Event: 46.761 Thread 0x1748e800  528             java.util.HashMap::values (25 bytes)
Event: 46.761 Thread 0x1748e800 nmethod 528 0x04f6d808 code [0x04f6d900, 0x04f6d9e0]
Event: 47.193 Thread 0x1748e800  529             java.io.FileDescriptor::<init> (17 bytes)
Event: 47.193 Thread 0x1748e800 nmethod 529 0x04f6da48 code [0x04f6db40, 0x04f6dbd0]
Event: 47.380 Thread 0x1748e800  530             java.awt.image.Raster::<init> (220 bytes)
Event: 47.381 Thread 0x1748e800 nmethod 530 0x04f6dc08 code [0x04f6dd90, 0x04f6e1f0]
Event: 47.549 Thread 0x1748e800  531             java.util.ArrayList::grow (45 bytes)
Event: 47.550 Thread 0x1748e800 nmethod 531 0x04f6e608 code [0x04f6e720, 0x04f6e888]

GC Heap History (10 events):
Event: 44.228 GC heap before
{Heap before GC invocations=91 (full 4):
 def new generation   total 12992K, used 12845K [0x07000000, 0x07e10000, 0x0c550000)
  eden space 11584K, 100% used [0x07000000, 0x07b50000, 0x07b50000)
  from space 1408K,  89% used [0x07b50000, 0x07c8b7d8, 0x07cb0000)
  to   space 1408K,   0% used [0x07cb0000, 0x07cb0000, 0x07e10000)
 tenured generation   total 41684K, used 41428K [0x0c550000, 0x0ee05000, 0x17000000)
   the space 41684K,  99% used [0x0c550000, 0x0edc51d8, 0x0edc5200, 0x0ee05000)
 Metaspace       used 6373K, capacity 6540K, committed 6656K, reserved 7552K
Event: 44.229 GC heap after
Heap after GC invocations=92 (full 4):
 def new generation   total 12992K, used 1258K [0x07000000, 0x07e10000, 0x0c550000)
  eden space 11584K,   0% used [0x07000000, 0x07000000, 0x07b50000)
  from space 1408K,  89% used [0x07cb0000, 0x07dea868, 0x07e10000)
  to   space 1408K,   0% used [0x07b50000, 0x07b50000, 0x07cb0000)
 tenured generation   total 41684K, used 41428K [0x0c550000, 0x0ee05000, 0x17000000)
   the space 41684K,  99% used [0x0c550000, 0x0edc5368, 0x0edc5400, 0x0ee05000)
 Metaspace       used 6373K, capacity 6540K, committed 6656K, reserved 7552K
}
Event: 44.748 GC heap before
{Heap before GC invocations=92 (full 4):
 def new generation   total 12992K, used 12842K [0x07000000, 0x07e10000, 0x0c550000)
  eden space 11584K, 100% used [0x07000000, 0x07b50000, 0x07b50000)
  from space 1408K,  89% used [0x07cb0000, 0x07dea868, 0x07e10000)
  to   space 1408K,   0% used [0x07b50000, 0x07b50000, 0x07cb0000)
 tenured generation   total 41684K, used 41428K [0x0c550000, 0x0ee05000, 0x17000000)
   the space 41684K,  99% used [0x0c550000, 0x0edc5368, 0x0edc5400, 0x0ee05000)
 Metaspace       used 6373K, capacity 6540K, committed 6656K, reserved 7552K
Event: 44.760 GC heap after
Heap after GC invocations=93 (full 5):
 def new generation   total 18816K, used 0K [0x07000000, 0x08460000, 0x0c550000)
  eden space 16768K,   0% used [0x07000000, 0x07000000, 0x08060000)
  from space 2048K,   0% used [0x08060000, 0x08060000, 0x08260000)
  to   space 2048K,   0% used [0x08260000, 0x08260000, 0x08460000)
 tenured generation   total 41684K, used 12731K [0x0c550000, 0x0ee05000, 0x17000000)
   the space 41684K,  30% used [0x0c550000, 0x0d1bee10, 0x0d1bf000, 0x0ee05000)
 Metaspace       used 6368K, capacity 6527K, committed 6656K, reserved 7552K
}
Event: 45.630 GC heap before
{Heap before GC invocations=93 (full 5):
 def new generation   total 18816K, used 17000K [0x07000000, 0x08460000, 0x0c550000)
  eden space 16768K,  99% used [0x07000000, 0x0804f3b8, 0x08060000)
  from space 2048K,  14% used [0x08060000, 0x080ab010, 0x08260000)
  to   space 2048K,   0% used [0x08260000, 0x08260000, 0x08460000)
 tenured generation   total 41684K, used 12731K [0x0c550000, 0x0ee05000, 0x17000000)
   the space 41684K,  30% used [0x0c550000, 0x0d1bee10, 0x0d1bf000, 0x0ee05000)
 Metaspace       used 6368K, capacity 6527K, committed 6656K, reserved 7552K
Event: 45.632 GC heap after
Heap after GC invocations=94 (full 5):
 def new generation   total 18816K, used 1562K [0x07000000, 0x08460000, 0x0c550000)
  eden space 16768K,   0% used [0x07000000, 0x07000000, 0x08060000)
  from space 2048K,  76% used [0x08260000, 0x083e6b50, 0x08460000)
  to   space 2048K,   0% used [0x08060000, 0x08060000, 0x08260000)
 tenured generation   total 41684K, used 12731K [0x0c550000, 0x0ee05000, 0x17000000)
   the space 41684K,  30% used [0x0c550000, 0x0d1bee10, 0x0d1bf000, 0x0ee05000)
 Metaspace       used 6368K, capacity 6527K, committed 6656K, reserved 7552K
}
Event: 46.488 GC heap before
{Heap before GC invocations=94 (full 5):
 def new generation   total 18816K, used 18330K [0x07000000, 0x08460000, 0x0c550000)
  eden space 16768K, 100% used [0x07000000, 0x08060000, 0x08060000)
  from space 2048K,  76% used [0x08260000, 0x083e6b50, 0x08460000)
  to   space 2048K,   0% used [0x08060000, 0x08060000, 0x08260000)
 tenured generation   total 41684K, used 12731K [0x0c550000, 0x0ee05000, 0x17000000)
   the space 41684K,  30% used [0x0c550000, 0x0d1bee10, 0x0d1bf000, 0x0ee05000)
 Metaspace       used 6368K, capacity 6527K, committed 6656K, reserved 7552K
Event: 46.489 GC heap after
Heap after GC invocations=95 (full 5):
 def new generation   total 18816K, used 1207K [0x07000000, 0x08460000, 0x0c550000)
  eden space 16768K,   0% used [0x07000000, 0x07000000, 0x08060000)
  from space 2048K,  58% used [0x08060000, 0x0818dee8, 0x08260000)
  to   space 2048K,   0% used [0x08260000, 0x08260000, 0x08460000)
 tenured generation   total 41684K, used 12732K [0x0c550000, 0x0ee05000, 0x17000000)
   the space 41684K,  30% used [0x0c550000, 0x0d1bf048, 0x0d1bf200, 0x0ee05000)
 Metaspace       used 6368K, capacity 6527K, committed 6656K, reserved 7552K
}
Event: 47.314 GC heap before
{Heap before GC invocations=95 (full 5):
 def new generation   total 18816K, used 17976K [0x07000000, 0x08460000, 0x0c550000)
  eden space 16768K, 100% used [0x07000000, 0x08060000, 0x08060000)
  from space 2048K,  58% used [0x08060000, 0x0818e030, 0x08260000)
  to   space 2048K,   0% used [0x08260000, 0x08260000, 0x08460000)
 tenured generation   total 41684K, used 12732K [0x0c550000, 0x0ee05000, 0x17000000)
   the space 41684K,  30% used [0x0c550000, 0x0d1bf048, 0x0d1bf200, 0x0ee05000)
 Metaspace       used 6368K, capacity 6527K, committed 6656K, reserved 7552K
Event: 47.315 GC heap after
Heap after GC invocations=96 (full 5):
 def new generation   total 18816K, used 1559K [0x07000000, 0x08460000, 0x0c550000)
  eden space 16768K,   0% used [0x07000000, 0x07000000, 0x08060000)
  from space 2048K,  76% used [0x08260000, 0x083e5e40, 0x08460000)
  to   space 2048K,   0% used [0x08060000, 0x08060000, 0x08260000)
 tenured generation   total 41684K, used 12732K [0x0c550000, 0x0ee05000, 0x17000000)
   the space 41684K,  30% used [0x0c550000, 0x0d1bf118, 0x0d1bf200, 0x0ee05000)
 Metaspace       used 6368K, capacity 6527K, committed 6656K, reserved 7552K
}

Deoptimization events (0 events):
No events

Internal exceptions (10 events):
Event: 0.101 Thread 0x0350c800 Exception <a 'java/security/PrivilegedActionException'> (0x0706c6a0) thrown at [C:\workspace\8-2-build-windows-i586-cygwin\jdk8u151\9699\hotspot\src\share\vm\prims\jvm.cpp, line 1390]
Event: 0.101 Thread 0x0350c800 Exception <a 'java/security/PrivilegedActionException'> (0x0706c8a0) thrown at [C:\workspace\8-2-build-windows-i586-cygwin\jdk8u151\9699\hotspot\src\share\vm\prims\jvm.cpp, line 1390]
Event: 0.136 Thread 0x0350c800 Exception <a 'java/security/PrivilegedActionException'> (0x070fc240) thrown at [C:\workspace\8-2-build-windows-i586-cygwin\jdk8u151\9699\hotspot\src\share\vm\prims\jvm.cpp, line 1390]
Event: 0.136 Thread 0x0350c800 Exception <a 'java/security/PrivilegedActionException'> (0x070fc440) thrown at [C:\workspace\8-2-build-windows-i586-cygwin\jdk8u151\9699\hotspot\src\share\vm\prims\jvm.cpp, line 1390]
Event: 0.137 Thread 0x0350c800 Exception <a 'java/security/PrivilegedActionException'> (0x07100518) thrown at [C:\workspace\8-2-build-windows-i586-cygwin\jdk8u151\9699\hotspot\src\share\vm\prims\jvm.cpp, line 1390]
Event: 0.137 Thread 0x0350c800 Exception <a 'java/security/PrivilegedActionException'> (0x07100718) thrown at [C:\workspace\8-2-build-windows-i586-cygwin\jdk8u151\9699\hotspot\src\share\vm\prims\jvm.cpp, line 1390]
Event: 4.093 Thread 0x0350c800 Exception <a 'java/io/FileNotFoundException'> (0x071c04e8) thrown at [C:\workspace\8-2-build-windows-i586-cygwin\jdk8u151\9699\hotspot\src\share\vm\prims\jni.cpp, line 709]
Event: 4.230 Thread 0x0350c800 Exception <a 'java/lang/NoSuchFieldError': method resolution failed> (0x0727ab38) thrown at [C:\workspace\8-2-build-windows-i586-cygwin\jdk8u151\9699\hotspot\src\share\vm\prims\methodHandles.cpp, line 1146]
Event: 4.237 Thread 0x0350c800 Exception <a 'java/lang/NoSuchFieldError': method resolution failed> (0x07286ea8) thrown at [C:\workspace\8-2-build-windows-i586-cygwin\jdk8u151\9699\hotspot\src\share\vm\prims\methodHandles.cpp, line 1146]
Event: 4.584 Thread 0x0350c800 Exception <a 'java/io/FileNotFoundException'> (0x070c05e8) thrown at [C:\workspace\8-2-build-windows-i586-cygwin\jdk8u151\9699\hotspot\src\share\vm\prims\jni.cpp, line 709]

Events (10 events):
Event: 47.616 Executing VM operation: RevokeBias done
Event: 47.616 loading class java/util/WeakHashMap$KeyIterator
Event: 47.616 Thread 0x1df6c400 Thread exited: 0x1df6c400
Event: 47.616 loading class java/util/WeakHashMap$HashIterator
Event: 47.617 loading class java/util/WeakHashMap$HashIterator done
Event: 47.617 loading class java/util/WeakHashMap$KeyIterator done
Event: 47.617 Thread 0x1df6bc00 Thread exited: 0x1df6bc00
Event: 47.631 Thread 0x1763f800 Thread exited: 0x1763f800
Event: 47.718 Thread 0x1df6c800 Thread exited: 0x1df6c800
Event: 47.719 Executing VM operation: Exit


Dynamic libraries:
0x012c0000 - 0x012f3000 	C:\Program Files (x86)\Java\jdk1.8.0_151\bin\java.exe
0x77b00000 - 0x77c8d000 	C:\WINDOWS\SYSTEM32\ntdll.dll
0x77890000 - 0x77960000 	C:\WINDOWS\System32\KERNEL32.DLL
0x74df0000 - 0x74fc7000 	C:\WINDOWS\System32\KERNELBASE.dll
0x6d300000 - 0x6d39a000 	C:\WINDOWS\SYSTEM32\apphelp.dll
0x77130000 - 0x771a8000 	C:\WINDOWS\System32\ADVAPI32.dll
0x77540000 - 0x775fd000 	C:\WINDOWS\System32\msvcrt.dll
0x74fd0000 - 0x75013000 	C:\WINDOWS\System32\sechost.dll
0x77070000 - 0x7712e000 	C:\WINDOWS\System32\RPCRT4.dll
0x74520000 - 0x74540000 	C:\WINDOWS\System32\SspiCli.dll
0x74510000 - 0x7451a000 	C:\WINDOWS\System32\CRYPTBASE.dll
0x77aa0000 - 0x77af7000 	C:\WINDOWS\System32\bcryptPrimitives.dll
0x75420000 - 0x75595000 	C:\WINDOWS\System32\USER32.dll
0x74dd0000 - 0x74de6000 	C:\WINDOWS\System32\win32u.dll
0x779e0000 - 0x77a02000 	C:\WINDOWS\System32\GDI32.dll
0x75190000 - 0x752ee000 	C:\WINDOWS\System32\gdi32full.dll
0x753a0000 - 0x7541c000 	C:\WINDOWS\System32\msvcp_win.dll
0x76f00000 - 0x77017000 	C:\WINDOWS\System32\ucrtbase.dll
0x71c50000 - 0x71e61000 	C:\WINDOWS\WinSxS\x86_microsoft.windows.common-controls_6595b64144ccf1df_6.0.16299.192_none_5d760485a7e0eb41\COMCTL32.dll
0x77640000 - 0x77886000 	C:\WINDOWS\System32\combase.dll
0x771f0000 - 0x77215000 	C:\WINDOWS\System32\IMM32.DLL
0x6a550000 - 0x6a60f000 	C:\Program Files (x86)\Java\jdk1.8.0_151\jre\bin\msvcr100.dll
0x6a180000 - 0x6a54e000 	C:\Program Files (x86)\Java\jdk1.8.0_151\jre\bin\client\jvm.dll
0x77960000 - 0x77966000 	C:\WINDOWS\System32\PSAPI.DLL
0x73490000 - 0x734b4000 	C:\WINDOWS\SYSTEM32\WINMM.dll
0x73f70000 - 0x73f78000 	C:\WINDOWS\SYSTEM32\VERSION.dll
0x730d0000 - 0x730d8000 	C:\WINDOWS\SYSTEM32\WSOCK32.dll
0x76940000 - 0x769a6000 	C:\WINDOWS\System32\WS2_32.dll
0x730a0000 - 0x730c3000 	C:\WINDOWS\SYSTEM32\winmmbase.dll
0x771b0000 - 0x771e8000 	C:\WINDOWS\System32\cfgmgr32.dll
0x6a170000 - 0x6a17c000 	C:\Program Files (x86)\Java\jdk1.8.0_151\jre\bin\verify.dll
0x6a140000 - 0x6a161000 	C:\Program Files (x86)\Java\jdk1.8.0_151\jre\bin\java.dll
0x6a120000 - 0x6a134000 	C:\Program Files (x86)\Java\jdk1.8.0_151\jre\bin\zip.dll
0x75600000 - 0x76933000 	C:\WINDOWS\System32\SHELL32.dll
0x76a40000 - 0x76ac8000 	C:\WINDOWS\System32\shcore.dll
0x746d0000 - 0x74c96000 	C:\WINDOWS\System32\windows.storage.dll
0x774e0000 - 0x77525000 	C:\WINDOWS\System32\shlwapi.dll
0x75180000 - 0x7518e000 	C:\WINDOWS\System32\kernel.appcore.dll
0x77020000 - 0x77065000 	C:\WINDOWS\System32\powrprof.dll
0x77600000 - 0x77614000 	C:\WINDOWS\System32\profapi.dll
0x69220000 - 0x69952000 	C:\Users\USER\Documents\GitHub\TrackerboxReloaded\build\opencv\opencv_java310.dll
0x75020000 - 0x75117000 	C:\WINDOWS\System32\ole32.dll
0x752f0000 - 0x75383000 	C:\WINDOWS\System32\OLEAUT32.dll
0x6a080000 - 0x6a0a2000 	C:\WINDOWS\SYSTEM32\MSVFW32.dll
0x69200000 - 0x69214000 	C:\WINDOWS\SYSTEM32\AVICAP32.dll
0x691e0000 - 0x691fb000 	C:\WINDOWS\SYSTEM32\AVIFIL32.dll
0x52cb0000 - 0x52cc9000 	C:\WINDOWS\SYSTEM32\MSACM32.dll
0x72bb0000 - 0x72bc3000 	C:\WINDOWS\SYSTEM32\CRYPTSP.dll
0x72b80000 - 0x72baf000 	C:\WINDOWS\system32\rsaenh.dll
0x73ea0000 - 0x73eb9000 	C:\WINDOWS\SYSTEM32\bcrypt.dll
0x74350000 - 0x74372000 	C:\WINDOWS\SYSTEM32\USERENV.dll
0x6a100000 - 0x6a116000 	C:\Program Files (x86)\Java\jdk1.8.0_151\jre\bin\net.dll
0x72d90000 - 0x72de5000 	C:\WINDOWS\system32\mswsock.dll
0x743f0000 - 0x74420000 	C:\WINDOWS\SYSTEM32\IPHLPAPI.DLL
0x77970000 - 0x77977000 	C:\WINDOWS\System32\NSI.dll
0x72e10000 - 0x72e23000 	C:\WINDOWS\SYSTEM32\dhcpcsvc6.DLL
0x72df0000 - 0x72e04000 	C:\WINDOWS\SYSTEM32\dhcpcsvc.DLL
0x6a0f0000 - 0x6a0ff000 	C:\Program Files (x86)\Java\jdk1.8.0_151\jre\bin\nio.dll
0x69130000 - 0x691e0000 	C:\Users\USER\AppData\Local\Temp\NetworkTablesJNI8010971021109641552.dll
0x72ae0000 - 0x72b59000 	C:\WINDOWS\system32\uxtheme.dll
0x769b0000 - 0x76a32000 	C:\WINDOWS\System32\clbcatq.dll
0x52200000 - 0x52215000 	C:\Windows\System32\devenum.dll
0x76ad0000 - 0x76ef6000 	C:\WINDOWS\System32\setupapi.dll
0x72d60000 - 0x72d88000 	C:\WINDOWS\SYSTEM32\ntmarta.dll
0x73070000 - 0x73092000 	C:\WINDOWS\SYSTEM32\DEVOBJ.dll
0x74d80000 - 0x74dc6000 	C:\WINDOWS\System32\WINTRUST.dll
0x75390000 - 0x7539e000 	C:\WINDOWS\System32\MSASN1.dll
0x74540000 - 0x746c2000 	C:\WINDOWS\System32\CRYPT32.dll
0x52ca0000 - 0x52ca9000 	C:\WINDOWS\SYSTEM32\msdmo.dll
0x690f0000 - 0x6912b000 	C:\Windows\System32\qcap.dll
0x68f40000 - 0x690e4000 	C:\Windows\System32\quartz.dll
0x77390000 - 0x774d4000 	C:\WINDOWS\System32\MSCTF.dll
0x723a0000 - 0x723c3000 	C:\WINDOWS\system32\dwmapi.dll
0x51b30000 - 0x51b66000 	C:\Windows\System32\mfksproxy.dll
0x53210000 - 0x53228000 	C:\Windows\System32\ATL.DLL
0x51af0000 - 0x51b21000 	C:\Windows\System32\MFSENSORGROUP.dll
0x5c030000 - 0x5c1a4000 	C:\Windows\System32\MFPlat.DLL
0x5c000000 - 0x5c027000 	C:\Windows\System32\RTWorkQ.DLL
0x69aa0000 - 0x69f07000 	C:\Windows\System32\MFCORE.dll
0x51aa0000 - 0x51aa7000 	C:\Windows\System32\ksuser.dll
0x5bb10000 - 0x5bc17000 	C:\Windows\System32\mfperfhelper.dll
0x69a60000 - 0x69a9f000 	C:\Windows\System32\FSClient.dll
0x719e0000 - 0x71a73000 	C:\Windows\System32\dxgi.dll
0x5fe30000 - 0x6006e000 	C:\Windows\System32\d3d11.dll
0x5e2a0000 - 0x5e2a8000 	C:\Windows\System32\AVRT.dll
0x519b0000 - 0x519bc000 	C:\Windows\System32\vidcap.ax
0x51990000 - 0x519b0000 	C:\Windows\System32\kswdmcap.ax
0x51860000 - 0x5198e000 	C:\Windows\System32\MFC42.dll
0x51a30000 - 0x51a99000 	C:\WINDOWS\SYSTEM32\policymanager.dll
0x519c0000 - 0x51a27000 	C:\Windows\System32\msvcp110_win.dll
0x69960000 - 0x69a5d000 	C:\Windows\System32\MFReadWrite.dll
0x68eb0000 - 0x68f3f000 	C:\Windows\System32\qedit.dll
0x74ca0000 - 0x74d74000 	C:\WINDOWS\System32\COMDLG32.dll
0x6ed30000 - 0x6ee9b000 	C:\WINDOWS\WinSxS\x86_microsoft.windows.gdiplus_6595b64144ccf1df_1.1.16299.192_none_8e60f76b0273650f\gdiplus.dll
0x53110000 - 0x531fa000 	C:\Windows\System32\DDRAW.dll
0x53100000 - 0x53107000 	C:\Windows\System32\DCIMAN32.dll
0x68e40000 - 0x68ead000 	C:\WINDOWS\SYSTEM32\D3DIM700.DLL
0x1c9d0000 - 0x1cb6f000 	C:\Program Files (x86)\Adobe\Elements 9 Organizer\CAHeadless\mc_demux_mp2_ds.ax
0x68e30000 - 0x68e3a000 	C:\WINDOWS\SYSTEM32\msyuv.dll
0x736c0000 - 0x73754000 	C:\WINDOWS\SYSTEM32\DNSAPI.dll
0x68ce0000 - 0x68e25000 	C:\Program Files (x86)\Java\jdk1.8.0_151\jre\bin\awt.dll
0x729d0000 - 0x729d8000 	C:\Windows\System32\rasadhlp.dll
0x68cb0000 - 0x68cd6000 	C:\Program Files (x86)\Java\jdk1.8.0_151\jre\bin\jpeg.dll
0x68bd0000 - 0x68caf000 	C:\WINDOWS\system32\opengl32.dll
0x68ba0000 - 0x68bc5000 	C:\WINDOWS\SYSTEM32\GLU32.dll
0x68b60000 - 0x68b99000 	C:\Program Files (x86)\Java\jdk1.8.0_151\jre\bin\fontmanager.dll
0x52040000 - 0x520b7000 	C:\WINDOWS\System32\TextInputFramework.dll
0x51d70000 - 0x51dfc000 	C:\WINDOWS\System32\CoreMessaging.dll
0x51e00000 - 0x52034000 	C:\WINDOWS\System32\CoreUIComponents.dll
0x67a50000 - 0x67b1b000 	C:\WINDOWS\SYSTEM32\wintypes.dll
0x72e90000 - 0x73011000 	C:\WINDOWS\SYSTEM32\dbghelp.dll

VM Arguments:
jvm_args: -Djava.library.path=C:\Users\USER\Documents\GitHub\TrackerboxReloaded\build/opencv -Dfile.encoding=windows-1252 -Duser.country=CA -Duser.language=en -Duser.variant 
java_command: ca.team2706.vision.trackerboxreloaded.Main
java_class_path (initial): C:\Users\USER\Documents\GitHub\TrackerboxReloaded\build\classes\main;C:\Users\USER\Documents\GitHub\TrackerboxReloaded\build\resources\main;C:\Users\USER\.gradle\caches\modules-2\files-2.1\edu.wpi.first.wpilib.networktables.java\NetworkTables\3.1.7\766d5b571622c87837d76040515eebbf25b53154\NetworkTables-3.1.7-windows2015.jar;C:\Users\USER\.gradle\caches\modules-2\files-2.1\edu.wpi.cscore.java\cscore\1.0.2\4ee6982b312e295f4dad74a001dce1e3c64e51ba\cscore-1.0.2-windows2015.jar;C:\Users\USER\.gradle\caches\modules-2\files-2.1\org.opencv\opencv-java\3.1.0\2a534baab7f01c049ba9768adb645f9b0128f987\opencv-java-3.1.0.jar
Launcher Type: SUN_STANDARD

Environment Variables:
CLASSPATH=C:\Users\USER\Documents\GitHub\TrackerboxReloaded\\gradle\wrapper\gradle-wrapper.jar
PATH=C:\Program Files (x86)\Java\jdk1.8.0_151\bin;C:\Program Files (x86)\Intel\iCLS Client\;C:\Program Files\Intel\iCLS Client\;C:\WINDOWS\system32;C:\WINDOWS;C:\WINDOWS\System32\Wbem;C:\WINDOWS\System32\WindowsPowerShell\v1.0\;C:\Program Files (x86)\Intel\Intel(R) Management Engine Components\DAL;C:\Program Files\Intel\Intel(R) Management Engine Components\DAL;C:\Program Files (x86)\Intel\Intel(R) Management Engine Components\IPT;C:\Program Files\Intel\Intel(R) Management Engine Components\IPT;C:\Program Files\PuTTY\;C:\Program Files (x86)\metasploit-framework\bin\;C:\Program Files\Git\cmd;C:\Users\USER\AppData\Local\Microsoft\WindowsApps;C:\Program Files (x86)\Nmap;C:\Program Files\Docker Toolbox;C:\Users\USER\AppData\Roaming\Dashlane\5.3.2.14186\bin\Firefox_Extension\{442718d9-475e-452a-b3e1-fb1ee16b8e9f}\components;C:\Users\USER\AppData\Roaming\Dashlane\5.3.2.14186\ucrt;C:\Users\USER\AppData\Local\GitHubDesktop\bin
USERNAME=USER
OS=Windows_NT
PROCESSOR_IDENTIFIER=Intel64 Family 6 Model 61 Stepping 4, GenuineIntel



---------------  S Y S T E M  ---------------

OS: Windows 10.0 , 64 bit Build 16299 (10.0.16299.15)

CPU:total 4 (initial active 4) (2 cores per cpu, 2 threads per core) family 6 model 61 stepping 4, cmov, cx8, fxsr, mmx, sse, sse2, sse3, ssse3, sse4.1, sse4.2, popcnt, avx, avx2, aes, clmul, erms, 3dnowpref, lzcnt, ht, tsc, tscinvbit, bmi1, bmi2, adx

Memory: 4k page, physical 8301896k(3874696k free), swap 10333512k(4670088k free)

vm_info: Java HotSpot(TM) Client VM (25.151-b12) for windows-x86 JRE (1.8.0_151-b12), built on Sep  5 2017 19:31:49 by "java_re" with MS VC++ 10.0 (VS2010)

time: Wed Jan 24 18:58:55 2018
elapsed time: 60 seconds (0d 0h 1m 0s)

