#
# A fatal error has been detected by the Java Runtime Environment:
#
#  Internal Error (0xc000000d), pid=10200, tid=0x0000000000003ae4
#
# JRE version: Java(TM) SE Runtime Environment (8.0_111-b14) (build 1.8.0_111-b14)
# Java VM: Java HotSpot(TM) 64-Bit Server VM (25.111-b14 mixed mode windows-amd64 compressed oops)
# Problematic frame:
# C  [ntdll.dll+0x105a50]
#
# Failed to write core dump. Minidumps are not enabled by default on client versions of Windows
#
# If you would like to submit a bug report, please visit:
#   http://bugreport.java.com/bugreport/crash.jsp
#

---------------  T H R E A D  ---------------

Current thread (0x0000000019f08000):  VMThread [stack: 0x000000001af90000,0x000000001b090000] [id=15076]

siginfo: ExceptionCode=0xc000000d

Registers:
RAX=0x00000000777cd79a, RBX=0x000000001c871240, RCX=0x00004dff13550683, RDX=0x00000000777e4e7e
RSP=0x000000001b08e6f0, RBP=0x0000000000000000, RSI=0x000000001c871240, RDI=0x000000001c8b99b0
R8 =0x00000000777e4e7e, R9 =0x000000001b08e5b0, R10=0x00000000777b5695, R11=0x00000000778437e0
R12=0x0000000000000001, R13=0x000000001c8a1b70, R14=0x000000001c889920, R15=0x00000000ffffffff
RIP=0x00007ff80af05a50, EFLAGS=0x0000000000000202

Top of Stack: (sp=0x000000001b08e6f0)
0x000000001b08e6f0:   0000000000000057 000000001c871240
0x000000001b08e700:   000000001c871240 000000001c8b99b0
0x000000001b08e710:   00000000c000000d 0000000000000000
0x000000001b08e720:   00007ff80af05a50 0000000000000000
0x000000001b08e730:   0000000000000000 0000000000000000
0x000000001b08e740:   0000000000000000 0000000000000000
0x000000001b08e750:   0000000000000000 0000000000000000
0x000000001b08e760:   0000000000000000 0000000000000000
0x000000001b08e770:   0000000000000000 0000000000000000
0x000000001b08e780:   0000000000000000 0000000000000000
0x000000001b08e790:   0000000000000000 0000000000000000
0x000000001b08e7a0:   0000000000000000 00007ff80ae3805a
0x000000001b08e7b0:   00004dff13550143 000000001c8b99b0
0x000000001b08e7c0:   000000001c871240 00007ffff9a9577d
0x000000001b08e7d0:   000000001c8b99b0 000000001c871240
0x000000001b08e7e0:   0000000000000000 000000001b08e918 

Instructions: (pc=0x00007ff80af05a50)
0x00007ff80af05a30:   64 fa ff c7 44 24 20 0d 00 00 c0 b9 57 00 00 00
0x00007ff80af05a40:   e8 eb 4b f5 ff 90 48 8d 4c 24 20 e8 f0 fa f0 ff
0x00007ff80af05a50:   eb 00 48 8b 8c 24 c0 00 00 00 48 33 cc e8 1e 05
0x00007ff80af05a60:   f9 ff 48 81 c4 d8 00 00 00 c3 40 55 48 83 ec 20 


Register to memory mapping:

RAX=0x00000000777cd79a is an unknown value
RBX=0x000000001c871240 is an unknown value
RCX=0x00004dff13550683 is an unknown value
RDX=0x00000000777e4e7e is an unknown value
RSP=0x000000001b08e6f0 is an unknown value
RBP=0x0000000000000000 is an unknown value
RSI=0x000000001c871240 is an unknown value
RDI=0x000000001c8b99b0 is an unknown value
R8 =0x00000000777e4e7e is an unknown value
R9 =0x000000001b08e5b0 is an unknown value
R10=0x00000000777b5695 is an unknown value
R11=0x00000000778437e0 is an unknown value
R12=0x0000000000000001 is an unknown value
R13=0x000000001c8a1b70 is an unknown value
R14=0x000000001c889920 is an unknown value
R15=0x00000000ffffffff is an unknown value


Stack: [0x000000001af90000,0x000000001b090000],  sp=0x000000001b08e6f0,  free space=1017k
Native frames: (J=compiled Java code, j=interpreted, Vv=VM code, C=native code)

VM_Operation (0x0000000021ffcfe0): Exit, mode: safepoint, requested by thread 0x0000000020991000


---------------  P R O C E S S  ---------------

Java Threads: ( => current thread )
  0x000000002092c000 JavaThread "Thread-3" [_thread_blocked, id=17688, stack(0x0000000022200000,0x0000000022300000)]
  0x0000000020991000 JavaThread "AWT-EventQueue-0" [_thread_blocked, id=11188, stack(0x0000000021f00000,0x0000000022000000)]
  0x000000001bd71800 JavaThread "AWT-Shutdown" [_thread_blocked, id=21508, stack(0x00000000211f0000,0x00000000212f0000)]
  0x000000001bd6a000 JavaThread "Java2D Disposer" daemon [_thread_blocked, id=16008, stack(0x00000000210f0000,0x00000000211f0000)]
  0x000000001b9a8800 JavaThread "Service Thread" daemon [_thread_blocked, id=14024, stack(0x000000001bd80000,0x000000001be80000)]
  0x0000000019f61000 JavaThread "C1 CompilerThread2" daemon [_thread_blocked, id=13128, stack(0x000000001b880000,0x000000001b980000)]
  0x0000000019f46000 JavaThread "C2 CompilerThread1" daemon [_thread_blocked, id=10332, stack(0x000000001b780000,0x000000001b880000)]
  0x0000000019f3f000 JavaThread "C2 CompilerThread0" daemon [_thread_blocked, id=14304, stack(0x000000001b680000,0x000000001b780000)]
  0x0000000019f3d800 JavaThread "Attach Listener" daemon [_thread_blocked, id=3580, stack(0x000000001b580000,0x000000001b680000)]
  0x0000000019f3c000 JavaThread "Signal Dispatcher" daemon [_thread_blocked, id=7060, stack(0x000000001b480000,0x000000001b580000)]
  0x0000000019f2a800 JavaThread "Finalizer" daemon [_thread_blocked, id=10168, stack(0x000000001b190000,0x000000001b290000)]
  0x00000000032cf000 JavaThread "Reference Handler" daemon [_thread_blocked, id=17820, stack(0x000000001b090000,0x000000001b190000)]
  0x00000000031dd800 JavaThread "main" [_thread_blocked, id=7488, stack(0x0000000003080000,0x0000000003180000)]

Other Threads:
=>0x0000000019f08000 VMThread [stack: 0x000000001af90000,0x000000001b090000] [id=15076]

VM state:at safepoint (shutting down)

VM Mutex/Monitor currently owned by a thread:  ([mutex/lock_event])
[0x00000000031dc7a0] Threads_lock - owner thread: 0x0000000019f08000

Heap:
 PSYoungGen      total 54784K, used 27670K [0x0000000782f00000, 0x0000000789a00000, 0x00000007c0000000)
  eden space 47104K, 42% used [0x0000000782f00000,0x000000078428c2b0,0x0000000785d00000)
  from space 7680K, 99% used [0x0000000785d00000,0x0000000786479858,0x0000000786480000)
  to   space 7680K, 0% used [0x0000000789280000,0x0000000789280000,0x0000000789a00000)
 ParOldGen       total 125952K, used 5077K [0x0000000708c00000, 0x0000000710700000, 0x0000000782f00000)
  object space 125952K, 4% used [0x0000000708c00000,0x00000007090f57b0,0x0000000710700000)
 Metaspace       used 10279K, capacity 10484K, committed 10752K, reserved 1058816K
  class space    used 1202K, capacity 1259K, committed 1280K, reserved 1048576K

Card table byte_map: [0x00000000126a0000,0x0000000012c60000] byte_map_base: 0x000000000ee5a000

Marking Bits: (ParMarkBitMap*) 0x00000000773ea6c0
 Begin Bits: [0x0000000013440000, 0x0000000016210000)
 End Bits:   [0x0000000016210000, 0x0000000018fe0000)

Polling page: 0x0000000003010000

CodeCache: size=245760Kb used=3075Kb max_used=3075Kb free=242684Kb
 bounds [0x00000000032e0000, 0x00000000035f0000, 0x00000000122e0000]
 total_blobs=1551 nmethods=891 adapters=574
 compilation: enabled

Compilation events (10 events):
Event: 5.708 Thread 0x0000000019f61000  885  s    3       com.sun.imageio.plugins.jpeg.JPEGImageReader::setThreadLock (94 bytes)
Event: 5.710 Thread 0x0000000019f61000 nmethod 885 0x00000000035dd410 code [0x00000000035dd6c0, 0x00000000035dec68]
Event: 5.710 Thread 0x0000000019f61000  886  s    3       com.sun.imageio.plugins.jpeg.JPEGImageReader::clearThreadLock (83 bytes)
Event: 5.711 Thread 0x0000000019f61000 nmethod 886 0x00000000035df610 code [0x00000000035df880, 0x00000000035e09d8]
Event: 5.726 Thread 0x0000000019f61000  887       1       sun.awt.image.ByteInterleavedRaster::getPixelStride (5 bytes)
Event: 5.727 Thread 0x0000000019f61000 nmethod 887 0x00000000035daf10 code [0x00000000035db060, 0x00000000035db170]
Event: 5.787 Thread 0x0000000019f61000  888       3       java.lang.AbstractStringBuilder::append (144 bytes)
Event: 5.788 Thread 0x0000000019f61000 nmethod 888 0x00000000035e1190 code [0x00000000035e1460, 0x00000000035e2948]
Event: 6.063 Thread 0x0000000019f61000  891       3       sun.awt.image.SunWritableRaster::stealTrackable (10 bytes)
Event: 6.063 Thread 0x0000000019f61000 nmethod 891 0x00000000035e3390 code [0x00000000035e3500, 0x00000000035e36f0]

GC Heap History (2 events):
Event: 5.297 GC heap before
{Heap before GC invocations=1 (full 0):
 PSYoungGen      total 54784K, used 47104K [0x0000000782f00000, 0x0000000786c00000, 0x00000007c0000000)
  eden space 47104K, 100% used [0x0000000782f00000,0x0000000785d00000,0x0000000785d00000)
  from space 7680K, 0% used [0x0000000786480000,0x0000000786480000,0x0000000786c00000)
  to   space 7680K, 0% used [0x0000000785d00000,0x0000000785d00000,0x0000000786480000)
 ParOldGen       total 125952K, used 0K [0x0000000708c00000, 0x0000000710700000, 0x0000000782f00000)
  object space 125952K, 0% used [0x0000000708c00000,0x0000000708c00000,0x0000000710700000)
 Metaspace       used 10247K, capacity 10420K, committed 10496K, reserved 1058816K
  class space    used 1200K, capacity 1259K, committed 1280K, reserved 1048576K
Event: 5.358 GC heap after
Heap after GC invocations=1 (full 0):
 PSYoungGen      total 54784K, used 7654K [0x0000000782f00000, 0x0000000789a00000, 0x00000007c0000000)
  eden space 47104K, 0% used [0x0000000782f00000,0x0000000782f00000,0x0000000785d00000)
  from space 7680K, 99% used [0x0000000785d00000,0x0000000786479858,0x0000000786480000)
  to   space 7680K, 0% used [0x0000000789280000,0x0000000789280000,0x0000000789a00000)
 ParOldGen       total 125952K, used 5077K [0x0000000708c00000, 0x0000000710700000, 0x0000000782f00000)
  object space 125952K, 4% used [0x0000000708c00000,0x00000007090f57b0,0x0000000710700000)
 Metaspace       used 10247K, capacity 10420K, committed 10496K, reserved 1058816K
  class space    used 1200K, capacity 1259K, committed 1280K, reserved 1048576K
}

Deoptimization events (3 events):
Event: 5.391 Thread 0x00000000032cf000 Uncommon trap: reason=unstable_if action=reinterpret pc=0x00000000035c6934 method=java.lang.ref.Reference.tryHandlePending(Z)Z @ 104
Event: 5.431 Thread 0x000000001bd6a000 Uncommon trap: reason=unstable_if action=reinterpret pc=0x00000000035cc2f4 method=java.lang.ref.ReferenceQueue.reallyPoll()Ljava/lang/ref/Reference; @ 15
Event: 5.431 Thread 0x000000001bd6a000 Uncommon trap: reason=unstable_if action=reinterpret pc=0x00000000035cdd28 method=java.lang.ref.ReferenceQueue.remove(J)Ljava/lang/ref/Reference; @ 31

Internal exceptions (10 events):
Event: 0.051 Thread 0x00000000031dd800 Exception <a 'java/lang/NoSuchMethodError': Method sun.misc.Unsafe.prefetchRead(Ljava/lang/Object;J)V name or signature does not match> (0x0000000782f07f60) thrown at [C:\re\workspace\8-2-build-windows-amd64-cygwin\jdk8u111\7883\hotspot\src\share\vm\prims
Event: 0.211 Thread 0x00000000031dd800 Exception <a 'java/security/PrivilegedActionException'> (0x00000007830e0ee0) thrown at [C:\re\workspace\8-2-build-windows-amd64-cygwin\jdk8u111\7883\hotspot\src\share\vm\prims\jvm.cpp, line 1386]
Event: 0.211 Thread 0x00000000031dd800 Exception <a 'java/security/PrivilegedActionException'> (0x00000007830e10f0) thrown at [C:\re\workspace\8-2-build-windows-amd64-cygwin\jdk8u111\7883\hotspot\src\share\vm\prims\jvm.cpp, line 1386]
Event: 0.212 Thread 0x00000000031dd800 Exception <a 'java/security/PrivilegedActionException'> (0x00000007830e4d38) thrown at [C:\re\workspace\8-2-build-windows-amd64-cygwin\jdk8u111\7883\hotspot\src\share\vm\prims\jvm.cpp, line 1386]
Event: 0.212 Thread 0x00000000031dd800 Exception <a 'java/security/PrivilegedActionException'> (0x00000007830e4f48) thrown at [C:\re\workspace\8-2-build-windows-amd64-cygwin\jdk8u111\7883\hotspot\src\share\vm\prims\jvm.cpp, line 1386]
Event: 2.283 Thread 0x00000000031dd800 Exception <a 'java/io/FileNotFoundException'> (0x0000000783292a88) thrown at [C:\re\workspace\8-2-build-windows-amd64-cygwin\jdk8u111\7883\hotspot\src\share\vm\prims\jni.cpp, line 709]
Event: 2.375 Thread 0x00000000031dd800 Exception <a 'java/lang/NoSuchFieldError': method resolution failed> (0x000000078335fe38) thrown at [C:\re\workspace\8-2-build-windows-amd64-cygwin\jdk8u111\7883\hotspot\src\share\vm\prims\methodHandles.cpp, line 1146]
Event: 2.380 Thread 0x00000000031dd800 Exception <a 'java/lang/NoSuchFieldError': method resolution failed> (0x000000078336d1d8) thrown at [C:\re\workspace\8-2-build-windows-amd64-cygwin\jdk8u111\7883\hotspot\src\share\vm\prims\methodHandles.cpp, line 1146]
Event: 2.559 Thread 0x00000000031dd800 Exception <a 'java/io/FileNotFoundException'> (0x00000007836082c8) thrown at [C:\re\workspace\8-2-build-windows-amd64-cygwin\jdk8u111\7883\hotspot\src\share\vm\prims\jni.cpp, line 709]
Event: 5.431 Thread 0x000000001bd6a000 Implicit null exception at 0x00000000035cda7c to 0x00000000035cdcfd

Events (10 events):
Event: 6.400 Thread 0x0000000020996000 Thread exited: 0x0000000020996000
Event: 6.400 loading class java/util/WeakHashMap$HashIterator
Event: 6.400 loading class java/util/WeakHashMap$HashIterator done
Event: 6.400 loading class java/util/WeakHashMap$KeyIterator done
Event: 6.400 Thread 0x000000001bb51000 Thread exited: 0x000000001bb51000
Event: 6.401 loading class sun/java2d/pipe/hw/AccelDeviceEventNotifier
Event: 6.401 loading class sun/java2d/pipe/hw/AccelDeviceEventNotifier done
Event: 6.434 Thread 0x000000001bd74000 Thread exited: 0x000000001bd74000
Event: 6.501 Thread 0x000000001bb57000 Thread exited: 0x000000001bb57000
Event: 6.504 Executing VM operation: Exit


Dynamic libraries:
0x00007ff6bf9a0000 - 0x00007ff6bf9d7000 	C:\Program Files\Java\jre1.8.0_111\bin\javaw.exe
0x00007ff80ae00000 - 0x00007ff80afdb000 	C:\WINDOWS\SYSTEM32\ntdll.dll
0x00007ff8088a0000 - 0x00007ff80894e000 	C:\WINDOWS\System32\KERNEL32.DLL
0x00007ff807320000 - 0x00007ff807569000 	C:\WINDOWS\System32\KERNELBASE.dll
0x00007ff8083c0000 - 0x00007ff808461000 	C:\WINDOWS\System32\ADVAPI32.dll
0x00007ff8085b0000 - 0x00007ff80864d000 	C:\WINDOWS\System32\msvcrt.dll
0x00007ff808cf0000 - 0x00007ff808d49000 	C:\WINDOWS\System32\sechost.dll
0x00007ff8086c0000 - 0x00007ff8087e5000 	C:\WINDOWS\System32\RPCRT4.dll
0x00007ff808950000 - 0x00007ff808a9a000 	C:\WINDOWS\System32\USER32.dll
0x00007ff8082f0000 - 0x00007ff80830e000 	C:\WINDOWS\System32\win32u.dll
0x00007ff8087f0000 - 0x00007ff808817000 	C:\WINDOWS\System32\GDI32.dll
0x00007ff807820000 - 0x00007ff8079a7000 	C:\WINDOWS\System32\gdi32full.dll
0x00007ff8075d0000 - 0x00007ff80766a000 	C:\WINDOWS\System32\msvcp_win.dll
0x00007ff807670000 - 0x00007ff807766000 	C:\WINDOWS\System32\ucrtbase.dll
0x00007ffffbcb0000 - 0x00007ffffbf17000 	C:\WINDOWS\WinSxS\amd64_microsoft.windows.common-controls_6595b64144ccf1df_6.0.15063.483_none_26002d27e7c744a2\COMCTL32.dll
0x00007ff808f20000 - 0x00007ff809219000 	C:\WINDOWS\System32\combase.dll
0x00007ff8079b0000 - 0x00007ff807a1a000 	C:\WINDOWS\System32\bcryptPrimitives.dll
0x00007ff808470000 - 0x00007ff80849d000 	C:\WINDOWS\System32\IMM32.DLL
0x0000000077790000 - 0x0000000077862000 	C:\Program Files\Java\jre1.8.0_111\bin\msvcr100.dll
0x0000000076bd0000 - 0x000000007746a000 	C:\Program Files\Java\jre1.8.0_111\bin\server\jvm.dll
0x00007ff808aa0000 - 0x00007ff808aa8000 	C:\WINDOWS\System32\PSAPI.DLL
0x00007ffff7e50000 - 0x00007ffff7e59000 	C:\WINDOWS\SYSTEM32\WSOCK32.dll
0x00007ff804e30000 - 0x00007ff804e53000 	C:\WINDOWS\SYSTEM32\WINMM.dll
0x00007ff808c80000 - 0x00007ff808cec000 	C:\WINDOWS\System32\WS2_32.dll
0x00007ff805740000 - 0x00007ff80574a000 	C:\WINDOWS\SYSTEM32\VERSION.dll
0x00007ff804cd0000 - 0x00007ff804cfb000 	C:\WINDOWS\SYSTEM32\WINMMBASE.dll
0x00007ff808310000 - 0x00007ff808359000 	C:\WINDOWS\System32\cfgmgr32.dll
0x0000000076bc0000 - 0x0000000076bcf000 	C:\Program Files\Java\jre1.8.0_111\bin\verify.dll
0x0000000076b90000 - 0x0000000076bb9000 	C:\Program Files\Java\jre1.8.0_111\bin\java.dll
0x0000000076b70000 - 0x0000000076b86000 	C:\Program Files\Java\jre1.8.0_111\bin\zip.dll
0x00007ff8097d0000 - 0x00007ff80ac07000 	C:\WINDOWS\System32\SHELL32.dll
0x00007ff808ab0000 - 0x00007ff808b5a000 	C:\WINDOWS\System32\shcore.dll
0x00007ff807a20000 - 0x00007ff808111000 	C:\WINDOWS\System32\windows.storage.dll
0x00007ff808360000 - 0x00007ff8083b1000 	C:\WINDOWS\System32\shlwapi.dll
0x00007ff8072e0000 - 0x00007ff8072f1000 	C:\WINDOWS\System32\kernel.appcore.dll
0x00007ff807290000 - 0x00007ff8072dc000 	C:\WINDOWS\System32\powrprof.dll
0x00007ff807300000 - 0x00007ff807315000 	C:\WINDOWS\System32\profapi.dll
0x00007fffd91c0000 - 0x00007fffd9b06000 	C:\Users\finma\Documents\GitHub\TrackerboxReloaded\build\opencv\opencv_java310.dll
0x00007ff80ac10000 - 0x00007ff80ad55000 	C:\WINDOWS\System32\ole32.dll
0x00007ff808b60000 - 0x00007ff808c20000 	C:\WINDOWS\System32\OLEAUT32.dll
0x00007ffffd8a0000 - 0x00007ffffd8b8000 	C:\WINDOWS\SYSTEM32\AVICAP32.dll
0x00007ffffb140000 - 0x00007ffffb15f000 	C:\WINDOWS\SYSTEM32\AVIFIL32.dll
0x00007ffff4ba0000 - 0x00007ffff4bc9000 	C:\WINDOWS\SYSTEM32\MSVFW32.dll
0x00007ffff9450000 - 0x00007ffff946c000 	C:\WINDOWS\SYSTEM32\MSACM32.dll
0x00007ff806dd0000 - 0x00007ff806de7000 	C:\WINDOWS\SYSTEM32\CRYPTSP.dll
0x00007ff806410000 - 0x00007ff806444000 	C:\WINDOWS\system32\rsaenh.dll
0x00007ff807140000 - 0x00007ff807165000 	C:\WINDOWS\SYSTEM32\bcrypt.dll
0x00007ff807170000 - 0x00007ff807199000 	C:\WINDOWS\SYSTEM32\USERENV.dll
0x00007ff806990000 - 0x00007ff80699b000 	C:\WINDOWS\SYSTEM32\CRYPTBASE.dll
0x0000000076b50000 - 0x0000000076b6a000 	C:\Program Files\Java\jre1.8.0_111\bin\net.dll
0x00007ff8067f0000 - 0x00007ff80684c000 	C:\WINDOWS\system32\mswsock.dll
0x00007ff806590000 - 0x00007ff8065c7000 	C:\WINDOWS\SYSTEM32\IPHLPAPI.DLL
0x00007ff8086b0000 - 0x00007ff8086b8000 	C:\WINDOWS\System32\NSI.dll
0x00007ffffef70000 - 0x00007ffffef86000 	C:\WINDOWS\SYSTEM32\dhcpcsvc6.DLL
0x00007fffff000000 - 0x00007fffff01a000 	C:\WINDOWS\SYSTEM32\dhcpcsvc.DLL
0x0000000076b30000 - 0x0000000076b41000 	C:\Program Files\Java\jre1.8.0_111\bin\nio.dll
0x00007fffe67b0000 - 0x00007fffe6899000 	C:\Users\finma\AppData\Local\Temp\NetworkTablesJNI3159104544526950152.dll
0x00007fffdbdf0000 - 0x00007fffdc0dc000 	C:\Users\finma\AppData\Local\Temp\CameraServerJNI8094617182005470662.dll
0x00007ff805180000 - 0x00007ff805215000 	C:\WINDOWS\system32\uxtheme.dll
0x00007ff80ad60000 - 0x00007ff80adfe000 	C:\WINDOWS\System32\clbcatq.dll
0x00007ffffb090000 - 0x00007ffffb0a7000 	C:\Windows\System32\devenum.dll
0x00007ff809390000 - 0x00007ff8097cb000 	C:\WINDOWS\System32\setupapi.dll
0x00007ff8060f0000 - 0x00007ff806121000 	C:\WINDOWS\SYSTEM32\ntmarta.dll
0x00007ff8053c0000 - 0x00007ff8053e8000 	C:\WINDOWS\SYSTEM32\DEVOBJ.dll
0x00007ff807570000 - 0x00007ff8075c6000 	C:\WINDOWS\System32\WINTRUST.dll
0x00007ff807270000 - 0x00007ff807281000 	C:\WINDOWS\System32\MSASN1.dll
0x00007ff808120000 - 0x00007ff8082e9000 	C:\WINDOWS\System32\CRYPT32.dll
0x00007ff8016a0000 - 0x00007ff8016ab000 	C:\WINDOWS\SYSTEM32\msdmo.dll
0x00007fffeeb40000 - 0x00007fffeeb72000 	C:\Windows\System32\qcap.dll
0x00007fffe4a50000 - 0x00007fffe4c0c000 	C:\Windows\System32\quartz.dll
0x00007ff809220000 - 0x00007ff809386000 	C:\WINDOWS\System32\MSCTF.dll
0x00007ff803560000 - 0x00007ff80358a000 	C:\WINDOWS\system32\dwmapi.dll
0x00007fffee700000 - 0x00007fffee74d000 	C:\Windows\System32\mfksproxy.dll
0x00007ffff3c90000 - 0x00007ffff3cac000 	C:\Windows\System32\ATL.DLL
0x00007fffef4c0000 - 0x00007fffef4f2000 	C:\Windows\System32\MFSENSORGROUP.dll
0x00007ffff98f0000 - 0x00007ffff9a90000 	C:\Windows\System32\MFPlat.DLL
0x00007ffff9a90000 - 0x00007ffff9ac2000 	C:\Windows\System32\RTWorkQ.DLL
0x00007fffca300000 - 0x00007fffca778000 	C:\Windows\System32\MFCORE.dll
0x00007ffff4a30000 - 0x00007ffff4a39000 	C:\Windows\System32\ksuser.dll
0x00007fffedee0000 - 0x00007fffedf2a000 	C:\Windows\System32\FSClient.dll
0x00007ff804520000 - 0x00007ff8047ff000 	C:\Windows\System32\d3d11.dll
0x00007ff805880000 - 0x00007ff805924000 	C:\Windows\System32\dxgi.dll
0x00007ff8026b0000 - 0x00007ff8026bb000 	C:\Windows\System32\AVRT.dll
0x00007ff803a00000 - 0x00007ff803a0c000 	C:\Windows\System32\vidcap.ax
0x00007ffff4b40000 - 0x00007ffff4b66000 	C:\Windows\System32\kswdmcap.ax
0x00007fffe24c0000 - 0x00007fffe2624000 	C:\Windows\System32\MFC42.dll
0x00007ff803400000 - 0x00007ff803477000 	C:\WINDOWS\SYSTEM32\policymanager.dll
0x00007ff803230000 - 0x00007ff8032bf000 	C:\Windows\System32\msvcp110_win.dll
0x00007fffe42f0000 - 0x00007fffe43e4000 	C:\Windows\System32\MFReadWrite.dll
0x00007fffe2250000 - 0x00007fffe22ef000 	C:\Windows\System32\qedit.dll
0x00007ff8084a0000 - 0x00007ff8085a8000 	C:\WINDOWS\System32\COMDLG32.dll
0x00007ffffbf20000 - 0x00007ffffc0b5000 	C:\WINDOWS\WinSxS\amd64_microsoft.windows.gdiplus_6595b64144ccf1df_1.1.15063.608_none_56f0266b425534e9\gdiplus.dll
0x00007fffdce70000 - 0x00007fffdcf66000 	C:\Windows\System32\DDRAW.dll
0x00007ffffbbf0000 - 0x00007ffffbbf8000 	C:\Windows\System32\DCIMAN32.dll
0x00007ff801420000 - 0x00007ff80142c000 	C:\WINDOWS\SYSTEM32\msyuv.dll
0x0000000075eb0000 - 0x0000000076048000 	C:\Program Files\Java\jre1.8.0_111\bin\awt.dll
0x00007ff805060000 - 0x00007ff8050de000 	C:\WINDOWS\SYSTEM32\apphelp.dll
0x0000000077750000 - 0x0000000077781000 	C:\Program Files\Java\jre1.8.0_111\bin\jpeg.dll
0x0000000077700000 - 0x0000000077747000 	C:\Program Files\Java\jre1.8.0_111\bin\fontmanager.dll
0x00007fffff4a0000 - 0x00007fffff522000 	C:\WINDOWS\System32\TextInputFramework.dll
0x00007fffff070000 - 0x00007fffff342000 	C:\WINDOWS\System32\CoreUIComponents.dll
0x00007ff804830000 - 0x00007ff804913000 	C:\WINDOWS\System32\CoreMessaging.dll
0x00007ff8035d0000 - 0x00007ff803709000 	C:\WINDOWS\SYSTEM32\wintypes.dll
0x00007ff8034a0000 - 0x00007ff8034b5000 	C:\WINDOWS\SYSTEM32\usermgrcli.dll
0x00007ff8065e0000 - 0x00007ff806684000 	C:\WINDOWS\SYSTEM32\DNSAPI.dll
0x0000000077660000 - 0x0000000077686000 	C:\Program Files\Bonjour\mdnsNSP.dll
0x00000000776b0000 - 0x00000000776c9000 	C:\WINDOWS\SYSTEM32\dnssd.dll
0x00007ff806bb0000 - 0x00007ff806d59000 	C:\WINDOWS\SYSTEM32\dbghelp.dll

VM Arguments:
jvm_args: -Djava.library.path=C:\Users\finma\Documents\GitHub\TrackerboxReloaded\build\opencv -Dfile.encoding=Cp1252 
java_command: main.java.Main
java_class_path (initial): C:\Users\finma\Documents\GitHub\TrackerboxReloaded\bin;C:\Users\finma\Documents\GitHub\TrackerboxReloaded\build\libs\CameraVision-all.jar;C:\Users\finma\Documents\GitHub\TrackerboxReloaded\build\libs\CameraVision.jar
Launcher Type: SUN_STANDARD

Environment Variables:
JAVA_HOME=C:\Program Files\Java\jdk1.8.0_111\
CLASSPATH=C:\Program Files\Java\jre7\lib\ext\mysql-connector.jar;C:\Program Files\OpenNI\Bin64\org.OpenNI.jar
PATH=C:/Program Files/Java/jre1.8.0_111/bin/server;C:/Program Files/Java/jre1.8.0_111/bin;C:/Program Files/Java/jre1.8.0_111/lib/amd64;C:\ProgramData\Oracle\Java\javapath;C:\Program Files\Java\jdk1.8.0_111\bin;C:\WINDOWS\system32;C:\WINDOWS;C:\WINDOWS\System32\Wbem;C:\WINDOWS\System32\WindowsPowerShell\v1.0\;C:\Program Files (x86)\Windows Live\Shared;C:\Program Files (x86)\Skype\Phone\;C:\Program Files\Git\cmd;C:\Users\finma\Desktop\ant\bin;C:\Gradle\bin;C:\Program Files\Intel\WiFi\bin\;C:\Program Files\Common Files\Intel\WirelessCommon\;C:\Users\finma\Desktop\BackedUpFiles\maven\bin;C:\Program Files\CMake\bin;C:\Program Files (x86)\Windows Kits\8.1\Windows Performance Toolkit\;C:\Program Files\PrimeSense\NITE\bin64;C:\Program Files\PuTTY\;C:\Program Files\OpenNI\Bin64;C:\Program Files\PCL 1.6.0\bin;C:\Program Files (x86)\OpenNI\Bin;C:\Users\finma\AppData\Local\Programs\Python\Python36\Scripts\;C:\Users\finma\AppData\Local\Programs\Python\Python36\;C:\Users\finma\AppData\Local\Microsoft\WindowsApps;;C:\WINDOWS\system32;
USERNAME=finma
OS=Windows_NT
PROCESSOR_IDENTIFIER=AMD64 Family 21 Model 101 Stepping 1, AuthenticAMD



---------------  S Y S T E M  ---------------

OS: Windows 10.0 , 64 bit Build 15063 (10.0.15063.296)

CPU:total 4 (4 cores per cpu, 1 threads per core) family 21 model 101 stepping 1, cmov, cx8, fxsr, mmx, sse, sse2, sse3, ssse3, sse4.1, sse4.2, popcnt, avx, avx2, aes, clmul, mmxext, 3dnowpref, lzcnt, sse4a, tsc, tscinvbit, tscinv, bmi1

Memory: 4k page, physical 12005684k(6243468k free), swap 15824724k(7002196k free)

vm_info: Java HotSpot(TM) 64-Bit Server VM (25.111-b14) for windows-amd64 JRE (1.8.0_111-b14), built on Sep 22 2016 19:24:05 by "java_re" with MS VC++ 10.0 (VS2010)

time: Sun Jan 14 16:00:11 2018
elapsed time: 7 seconds (0d 0h 0m 7s)

