#
# A fatal error has been detected by the Java Runtime Environment:
#
#  Internal Error (0xc000000d), pid=15976, tid=0x0000000000003c4c
#
# JRE version: Java(TM) SE Runtime Environment (8.0_111-b14) (build 1.8.0_111-b14)
# Java VM: Java HotSpot(TM) 64-Bit Server VM (25.111-b14 mixed mode windows-amd64 compressed oops)
# Problematic frame:
# C  [ntdll.dll+0x105a50]
#
# Failed to write core dump. Minidumps are not enabled by default on client versions of Windows
#
# If you would like to submit a bug report, please visit:
#   http://bugreport.java.com/bugreport/crash.jsp
#

---------------  T H R E A D  ---------------

Current thread (0x0000000019d38000):  VMThread [stack: 0x000000001ae00000,0x000000001af00000] [id=15436]

siginfo: ExceptionCode=0xc000000d

Registers:
RAX=0x0000000075fad79a, RBX=0x000000001c6a2bb0, RCX=0x000021b7f88e2aad, RDX=0x0000000075fc4e7e
RSP=0x000000001aefe800, RBP=0x0000000000000000, RSI=0x000000001c6a2bb0, RDI=0x000000001c6e9cc0
R8 =0x0000000075fc4e7e, R9 =0x000000001aefe6c0, R10=0x0000000075f95695, R11=0x00000000760237e0
R12=0x0000000000000001, R13=0x000000001c6e7d50, R14=0x000000001c6b9920, R15=0x00000000ffffffff
RIP=0x00007ff80af05a50, EFLAGS=0x0000000000000202

Top of Stack: (sp=0x000000001aefe800)
0x000000001aefe800:   0000000000000057 000000001c6a2bb0
0x000000001aefe810:   000000001c6a2bb0 000000001c6e9cc0
0x000000001aefe820:   00000000c000000d 0000000000000000
0x000000001aefe830:   00007ff80af05a50 0000000000000000
0x000000001aefe840:   0000000000000000 0000000000000000
0x000000001aefe850:   0000000000000000 0000000000000000
0x000000001aefe860:   0000000000000000 0000000000000000
0x000000001aefe870:   0000000000000000 0000000000000000
0x000000001aefe880:   0000000000000000 0000000000000000
0x000000001aefe890:   0000000000000000 0000000000000000
0x000000001aefe8a0:   0000000000000000 0000000000000000
0x000000001aefe8b0:   0000000000000000 0000000000000000
0x000000001aefe8c0:   000021b7f88e20ed 000000001c6e9cc0
0x000000001aefe8d0:   000000001c6a2bb0 00007ffff9a9577d
0x000000001aefe8e0:   000000001c6e9cc0 000000001c6a2bb0
0x000000001aefe8f0:   0000000000000000 000000001aefea28 

Instructions: (pc=0x00007ff80af05a50)
0x00007ff80af05a30:   64 fa ff c7 44 24 20 0d 00 00 c0 b9 57 00 00 00
0x00007ff80af05a40:   e8 eb 4b f5 ff 90 48 8d 4c 24 20 e8 f0 fa f0 ff
0x00007ff80af05a50:   eb 00 48 8b 8c 24 c0 00 00 00 48 33 cc e8 1e 05
0x00007ff80af05a60:   f9 ff 48 81 c4 d8 00 00 00 c3 40 55 48 83 ec 20 


Register to memory mapping:

RAX=0x0000000075fad79a is an unknown value
RBX=0x000000001c6a2bb0 is an unknown value
RCX=0x000021b7f88e2aad is an unknown value
RDX=0x0000000075fc4e7e is an unknown value
RSP=0x000000001aefe800 is an unknown value
RBP=0x0000000000000000 is an unknown value
RSI=0x000000001c6a2bb0 is an unknown value
RDI=0x000000001c6e9cc0 is an unknown value
R8 =0x0000000075fc4e7e is an unknown value
R9 =0x000000001aefe6c0 is an unknown value
R10=0x0000000075f95695 is an unknown value
R11=0x00000000760237e0 is an unknown value
R12=0x0000000000000001 is an unknown value
R13=0x000000001c6e7d50 is an unknown value
R14=0x000000001c6b9920 is an unknown value
R15=0x00000000ffffffff is an unknown value


Stack: [0x000000001ae00000,0x000000001af00000],  sp=0x000000001aefe800,  free space=1018k
Native frames: (J=compiled Java code, j=interpreted, Vv=VM code, C=native code)

VM_Operation (0x000000000300f4d0): Exit, mode: safepoint, requested by thread 0x00000000016fd800


---------------  P R O C E S S  ---------------

Java Threads: ( => current thread )
  0x0000000023d7a800 JavaThread "Thread-1" daemon [_thread_in_native, id=9120, stack(0x0000000024db0000,0x0000000024eb0000)]
  0x000000001bb3c000 JavaThread "Thread-0" [_thread_blocked, id=11128, stack(0x0000000024cb0000,0x0000000024db0000)]
  0x00000000209ed000 JavaThread "Thread-3" [_thread_blocked, id=7464, stack(0x0000000022010000,0x0000000022110000)]
  0x000000001bbed800 JavaThread "AWT-EventQueue-0" [_thread_blocked, id=14632, stack(0x0000000021d10000,0x0000000021e10000)]
  0x000000001bbec000 JavaThread "AWT-Windows" daemon [_thread_blocked, id=22332, stack(0x0000000021300000,0x0000000021400000)]
  0x000000001bbeb000 JavaThread "AWT-Shutdown" [_thread_blocked, id=16080, stack(0x0000000021200000,0x0000000021300000)]
  0x000000002095c800 JavaThread "Java2D Disposer" daemon [_thread_blocked, id=1756, stack(0x0000000021100000,0x0000000021200000)]
  0x000000001b811000 JavaThread "Service Thread" daemon [_thread_blocked, id=13460, stack(0x000000001bbf0000,0x000000001bcf0000)]
  0x0000000019d96000 JavaThread "C1 CompilerThread2" daemon [_thread_blocked, id=4148, stack(0x000000001b6f0000,0x000000001b7f0000)]
  0x0000000019d77000 JavaThread "C2 CompilerThread1" daemon [_thread_blocked, id=20812, stack(0x000000001b5f0000,0x000000001b6f0000)]
  0x0000000019d70000 JavaThread "C2 CompilerThread0" daemon [_thread_blocked, id=5776, stack(0x000000001b4f0000,0x000000001b5f0000)]
  0x0000000019d6e800 JavaThread "Attach Listener" daemon [_thread_blocked, id=8212, stack(0x000000001b3f0000,0x000000001b4f0000)]
  0x0000000019d5a800 JavaThread "Finalizer" daemon [_thread_blocked, id=7064, stack(0x000000001b000000,0x000000001b100000)]
  0x00000000030ff000 JavaThread "Reference Handler" daemon [_thread_blocked, id=3064, stack(0x000000001af00000,0x000000001b000000)]
  0x00000000016fd800 JavaThread "main" [_thread_blocked, id=18820, stack(0x0000000002f10000,0x0000000003010000)]

Other Threads:
=>0x0000000019d38000 VMThread [stack: 0x000000001ae00000,0x000000001af00000] [id=15436]

VM state:at safepoint (shutting down)

VM Mutex/Monitor currently owned by a thread:  ([mutex/lock_event])
[0x00000000016fcba0] Threads_lock - owner thread: 0x0000000019d38000

Heap:
 PSYoungGen      total 54784K, used 32954K [0x0000000782f00000, 0x0000000786c00000, 0x00000007c0000000)
  eden space 47104K, 60% used [0x0000000782f00000,0x0000000784aa3d40,0x0000000785d00000)
  from space 7680K, 60% used [0x0000000786480000,0x000000078690ad48,0x0000000786c00000)
  to   space 7680K, 0% used [0x0000000785d00000,0x0000000785d00000,0x0000000786480000)
 ParOldGen       total 125952K, used 811K [0x0000000708c00000, 0x0000000710700000, 0x0000000782f00000)
  object space 125952K, 0% used [0x0000000708c00000,0x0000000708ccadd8,0x0000000710700000)
 Metaspace       used 10528K, capacity 10680K, committed 10752K, reserved 1058816K
  class space    used 1199K, capacity 1259K, committed 1280K, reserved 1048576K

Card table byte_map: [0x00000000124d0000,0x0000000012a90000] byte_map_base: 0x000000000ec8a000

Marking Bits: (ParMarkBitMap*) 0x00000000773ea6c0
 Begin Bits: [0x0000000013270000, 0x0000000016040000)
 End Bits:   [0x0000000016040000, 0x0000000018e10000)

Polling page: 0x00000000016d0000

CodeCache: size=245760Kb used=4254Kb max_used=4273Kb free=241505Kb
 bounds [0x0000000003110000, 0x0000000003550000, 0x0000000012110000]
 total_blobs=1879 nmethods=1219 adapters=574
 compilation: enabled

Compilation events (10 events):
Event: 19.525 Thread 0x0000000019d96000 1217       3       java.util.concurrent.locks.AbstractQueuedSynchronizer$ConditionObject::await (98 bytes)
Event: 19.527 Thread 0x0000000019d96000 nmethod 1217 0x00000000035290d0 code [0x0000000003529380, 0x000000000352a588]
Event: 19.535 Thread 0x0000000019d77000 nmethod 1212 0x000000000352f0d0 code [0x000000000352f2a0, 0x000000000352fd98]
Event: 19.535 Thread 0x0000000019d77000 1215   !   4       sun.java2d.d3d.D3DGraphicsConfig::flip (149 bytes)
Event: 19.577 Thread 0x0000000019d77000 nmethod 1215 0x0000000003533d10 code [0x0000000003533fa0, 0x0000000003535820]
Event: 19.586 Thread 0x0000000019d70000 nmethod 1214 0x000000000353c8d0 code [0x000000000353cc20, 0x000000000353f7a0]
Event: 19.892 Thread 0x0000000019d77000 1218       4       sun.java2d.pipe.DrawImage::copyImage (60 bytes)
Event: 19.895 Thread 0x0000000019d77000 nmethod 1218 0x0000000003528a50 code [0x0000000003528ba0, 0x0000000003528d48]
Event: 19.936 Thread 0x0000000019d96000 1219       1       java.nio.Buffer::limit (5 bytes)
Event: 19.936 Thread 0x0000000019d96000 nmethod 1219 0x0000000003533a50 code [0x0000000003533ba0, 0x0000000003533cb0]

GC Heap History (8 events):
Event: 5.427 GC heap before
{Heap before GC invocations=1 (full 0):
 PSYoungGen      total 54784K, used 47067K [0x0000000782f00000, 0x0000000786c00000, 0x00000007c0000000)
  eden space 47104K, 99% used [0x0000000782f00000,0x0000000785cf6dc0,0x0000000785d00000)
  from space 7680K, 0% used [0x0000000786480000,0x0000000786480000,0x0000000786c00000)
  to   space 7680K, 0% used [0x0000000785d00000,0x0000000785d00000,0x0000000786480000)
 ParOldGen       total 125952K, used 0K [0x0000000708c00000, 0x0000000710700000, 0x0000000782f00000)
  object space 125952K, 0% used [0x0000000708c00000,0x0000000708c00000,0x0000000710700000)
 Metaspace       used 10189K, capacity 10356K, committed 10496K, reserved 1058816K
  class space    used 1197K, capacity 1259K, committed 1280K, reserved 1048576K
Event: 5.434 GC heap after
Heap after GC invocations=1 (full 0):
 PSYoungGen      total 54784K, used 7468K [0x0000000782f00000, 0x0000000786c00000, 0x00000007c0000000)
  eden space 47104K, 0% used [0x0000000782f00000,0x0000000782f00000,0x0000000785d00000)
  from space 7680K, 97% used [0x0000000785d00000,0x000000078644b1c0,0x0000000786480000)
  to   space 7680K, 0% used [0x0000000786480000,0x0000000786480000,0x0000000786c00000)
 ParOldGen       total 125952K, used 16K [0x0000000708c00000, 0x0000000710700000, 0x0000000782f00000)
  object space 125952K, 0% used [0x0000000708c00000,0x0000000708c04000,0x0000000710700000)
 Metaspace       used 10189K, capacity 10356K, committed 10496K, reserved 1058816K
  class space    used 1197K, capacity 1259K, committed 1280K, reserved 1048576K
}
Event: 9.270 GC heap before
{Heap before GC invocations=2 (full 0):
 PSYoungGen      total 54784K, used 54572K [0x0000000782f00000, 0x0000000786c00000, 0x00000007c0000000)
  eden space 47104K, 100% used [0x0000000782f00000,0x0000000785d00000,0x0000000785d00000)
  from space 7680K, 97% used [0x0000000785d00000,0x000000078644b1c0,0x0000000786480000)
  to   space 7680K, 0% used [0x0000000786480000,0x0000000786480000,0x0000000786c00000)
 ParOldGen       total 125952K, used 69K [0x0000000708c00000, 0x0000000710700000, 0x0000000782f00000)
  object space 125952K, 0% used [0x0000000708c00000,0x0000000708c11518,0x0000000710700000)
 Metaspace       used 10248K, capacity 10420K, committed 10496K, reserved 1058816K
  class space    used 1197K, capacity 1259K, committed 1280K, reserved 1048576K
Event: 9.276 GC heap after
Heap after GC invocations=2 (full 0):
 PSYoungGen      total 54784K, used 7203K [0x0000000782f00000, 0x0000000786c00000, 0x00000007c0000000)
  eden space 47104K, 0% used [0x0000000782f00000,0x0000000782f00000,0x0000000785d00000)
  from space 7680K, 93% used [0x0000000786480000,0x0000000786b88ea8,0x0000000786c00000)
  to   space 7680K, 0% used [0x0000000785d00000,0x0000000785d00000,0x0000000786480000)
 ParOldGen       total 125952K, used 77K [0x0000000708c00000, 0x0000000710700000, 0x0000000782f00000)
  object space 125952K, 0% used [0x0000000708c00000,0x0000000708c13518,0x0000000710700000)
 Metaspace       used 10248K, capacity 10420K, committed 10496K, reserved 1058816K
  class space    used 1197K, capacity 1259K, committed 1280K, reserved 1048576K
}
Event: 13.422 GC heap before
{Heap before GC invocations=3 (full 0):
 PSYoungGen      total 54784K, used 54307K [0x0000000782f00000, 0x0000000786c00000, 0x00000007c0000000)
  eden space 47104K, 100% used [0x0000000782f00000,0x0000000785d00000,0x0000000785d00000)
  from space 7680K, 93% used [0x0000000786480000,0x0000000786b88ea8,0x0000000786c00000)
  to   space 7680K, 0% used [0x0000000785d00000,0x0000000785d00000,0x0000000786480000)
 ParOldGen       total 125952K, used 795K [0x0000000708c00000, 0x0000000710700000, 0x0000000782f00000)
  object space 125952K, 0% used [0x0000000708c00000,0x0000000708cc6dd8,0x0000000710700000)
 Metaspace       used 10298K, capacity 10484K, committed 10752K, reserved 1058816K
  class space    used 1197K, capacity 1259K, committed 1280K, reserved 1048576K
Event: 13.427 GC heap after
Heap after GC invocations=3 (full 0):
 PSYoungGen      total 54784K, used 4250K [0x0000000782f00000, 0x0000000786c00000, 0x00000007c0000000)
  eden space 47104K, 0% used [0x0000000782f00000,0x0000000782f00000,0x0000000785d00000)
  from space 7680K, 55% used [0x0000000785d00000,0x0000000786126848,0x0000000786480000)
  to   space 7680K, 0% used [0x0000000786480000,0x0000000786480000,0x0000000786c00000)
 ParOldGen       total 125952K, used 803K [0x0000000708c00000, 0x0000000710700000, 0x0000000782f00000)
  object space 125952K, 0% used [0x0000000708c00000,0x0000000708cc8dd8,0x0000000710700000)
 Metaspace       used 10298K, capacity 10484K, committed 10752K, reserved 1058816K
  class space    used 1197K, capacity 1259K, committed 1280K, reserved 1048576K
}
Event: 17.393 GC heap before
{Heap before GC invocations=4 (full 0):
 PSYoungGen      total 54784K, used 51288K [0x0000000782f00000, 0x0000000786c00000, 0x00000007c0000000)
  eden space 47104K, 99% used [0x0000000782f00000,0x0000000785cefa48,0x0000000785d00000)
  from space 7680K, 55% used [0x0000000785d00000,0x0000000786126848,0x0000000786480000)
  to   space 7680K, 0% used [0x0000000786480000,0x0000000786480000,0x0000000786c00000)
 ParOldGen       total 125952K, used 803K [0x0000000708c00000, 0x0000000710700000, 0x0000000782f00000)
  object space 125952K, 0% used [0x0000000708c00000,0x0000000708cc8dd8,0x0000000710700000)
 Metaspace       used 10371K, capacity 10552K, committed 10752K, reserved 1058816K
  class space    used 1197K, capacity 1259K, committed 1280K, reserved 1048576K
Event: 17.398 GC heap after
Heap after GC invocations=4 (full 0):
 PSYoungGen      total 54784K, used 4651K [0x0000000782f00000, 0x0000000786c00000, 0x00000007c0000000)
  eden space 47104K, 0% used [0x0000000782f00000,0x0000000782f00000,0x0000000785d00000)
  from space 7680K, 60% used [0x0000000786480000,0x000000078690ad48,0x0000000786c00000)
  to   space 7680K, 0% used [0x0000000785d00000,0x0000000785d00000,0x0000000786480000)
 ParOldGen       total 125952K, used 811K [0x0000000708c00000, 0x0000000710700000, 0x0000000782f00000)
  object space 125952K, 0% used [0x0000000708c00000,0x0000000708ccadd8,0x0000000710700000)
 Metaspace       used 10371K, capacity 10552K, committed 10752K, reserved 1058816K
  class space    used 1197K, capacity 1259K, committed 1280K, reserved 1048576K
}

Deoptimization events (3 events):
Event: 16.033 Thread 0x000000001bbed800 Uncommon trap: reason=unstable_if action=reinterpret pc=0x000000000340fe24 method=sun.awt.AWTAutoShutdown.isReadyToShutdown()Z @ 4
Event: 19.935 Thread 0x00000000016fd800 Uncommon trap: reason=unstable_if action=reinterpret pc=0x0000000003473c7c method=javax.imageio.stream.ImageInputStreamImpl.checkClosed()V @ 4
Event: 19.936 Thread 0x00000000209ed000 Uncommon trap: reason=unstable_if action=reinterpret pc=0x000000000353e130 method=sun.java2d.d3d.D3DScreenUpdateManager.createGraphics(Lsun/java2d/SurfaceData;Lsun/awt/windows/WComponentPeer;Ljava/awt/Color;Ljava/awt/Color;Ljava/awt/Font;)Ljava/awt/Graphi

Internal exceptions (10 events):
Event: 0.066 Thread 0x00000000016fd800 Exception <a 'java/lang/NoSuchMethodError': Method sun.misc.Unsafe.defineClass(Ljava/lang/String;[BII)Ljava/lang/Class; name or signature does not match> (0x0000000782f07c78) thrown at [C:\re\workspace\8-2-build-windows-amd64-cygwin\jdk8u111\7883\hotspot\
Event: 0.066 Thread 0x00000000016fd800 Exception <a 'java/lang/NoSuchMethodError': Method sun.misc.Unsafe.prefetchRead(Ljava/lang/Object;J)V name or signature does not match> (0x0000000782f07f60) thrown at [C:\re\workspace\8-2-build-windows-amd64-cygwin\jdk8u111\7883\hotspot\src\share\vm\prims
Event: 0.272 Thread 0x00000000016fd800 Exception <a 'java/security/PrivilegedActionException'> (0x00000007830defb0) thrown at [C:\re\workspace\8-2-build-windows-amd64-cygwin\jdk8u111\7883\hotspot\src\share\vm\prims\jvm.cpp, line 1386]
Event: 0.272 Thread 0x00000000016fd800 Exception <a 'java/security/PrivilegedActionException'> (0x00000007830df1c0) thrown at [C:\re\workspace\8-2-build-windows-amd64-cygwin\jdk8u111\7883\hotspot\src\share\vm\prims\jvm.cpp, line 1386]
Event: 0.273 Thread 0x00000000016fd800 Exception <a 'java/security/PrivilegedActionException'> (0x00000007830e2e08) thrown at [C:\re\workspace\8-2-build-windows-amd64-cygwin\jdk8u111\7883\hotspot\src\share\vm\prims\jvm.cpp, line 1386]
Event: 0.273 Thread 0x00000000016fd800 Exception <a 'java/security/PrivilegedActionException'> (0x00000007830e3018) thrown at [C:\re\workspace\8-2-build-windows-amd64-cygwin\jdk8u111\7883\hotspot\src\share\vm\prims\jvm.cpp, line 1386]
Event: 2.104 Thread 0x00000000016fd800 Exception <a 'java/io/FileNotFoundException'> (0x0000000783291820) thrown at [C:\re\workspace\8-2-build-windows-amd64-cygwin\jdk8u111\7883\hotspot\src\share\vm\prims\jni.cpp, line 709]
Event: 2.159 Thread 0x00000000016fd800 Exception <a 'java/lang/NoSuchFieldError': method resolution failed> (0x000000078335e990) thrown at [C:\re\workspace\8-2-build-windows-amd64-cygwin\jdk8u111\7883\hotspot\src\share\vm\prims\methodHandles.cpp, line 1146]
Event: 2.162 Thread 0x00000000016fd800 Exception <a 'java/lang/NoSuchFieldError': method resolution failed> (0x000000078336bd30) thrown at [C:\re\workspace\8-2-build-windows-amd64-cygwin\jdk8u111\7883\hotspot\src\share\vm\prims\methodHandles.cpp, line 1146]
Event: 2.309 Thread 0x00000000016fd800 Exception <a 'java/io/FileNotFoundException'> (0x0000000783603498) thrown at [C:\re\workspace\8-2-build-windows-amd64-cygwin\jdk8u111\7883\hotspot\src\share\vm\prims\jni.cpp, line 709]

Events (10 events):
Event: 19.935 Thread 0x00000000016fd800 Uncommon trap: trap_request=0xffffff65 fr.pc=0x0000000003473c7c
Event: 19.935 Thread 0x00000000016fd800 DEOPT PACKING pc=0x0000000003473c7c sp=0x000000000300e760
Event: 19.935 Thread 0x00000000016fd800 DEOPT UNPACKING pc=0x000000000315582a sp=0x000000000300e6e0 mode 2
Event: 19.936 loading class sun/java2d/pipe/hw/AccelDeviceEventNotifier
Event: 19.936 loading class sun/java2d/pipe/hw/AccelDeviceEventNotifier done
Event: 19.936 Thread 0x00000000209ed000 Uncommon trap: trap_request=0xffffff65 fr.pc=0x000000000353e130
Event: 19.936 Thread 0x00000000209ed000 DEOPT PACKING pc=0x000000000353e130 sp=0x000000002210f2f0
Event: 19.936 Thread 0x00000000209ed000 DEOPT UNPACKING pc=0x000000000315582a sp=0x000000002210f110 mode 2
Event: 19.937 Thread 0x0000000019d6d000 Thread exited: 0x0000000019d6d000
Event: 19.937 Executing VM operation: Exit


Dynamic libraries:
0x00007ff6bf9a0000 - 0x00007ff6bf9d7000 	C:\Program Files\Java\jre1.8.0_111\bin\javaw.exe
0x00007ff80ae00000 - 0x00007ff80afdb000 	C:\WINDOWS\SYSTEM32\ntdll.dll
0x00007ff8088a0000 - 0x00007ff80894e000 	C:\WINDOWS\System32\KERNEL32.DLL
0x00007ff807320000 - 0x00007ff807569000 	C:\WINDOWS\System32\KERNELBASE.dll
0x00007ff8083c0000 - 0x00007ff808461000 	C:\WINDOWS\System32\ADVAPI32.dll
0x00007ff8085b0000 - 0x00007ff80864d000 	C:\WINDOWS\System32\msvcrt.dll
0x00007ff808cf0000 - 0x00007ff808d49000 	C:\WINDOWS\System32\sechost.dll
0x00007ff8086c0000 - 0x00007ff8087e5000 	C:\WINDOWS\System32\RPCRT4.dll
0x00007ff808950000 - 0x00007ff808a9a000 	C:\WINDOWS\System32\USER32.dll
0x00007ff8082f0000 - 0x00007ff80830e000 	C:\WINDOWS\System32\win32u.dll
0x00007ff8087f0000 - 0x00007ff808817000 	C:\WINDOWS\System32\GDI32.dll
0x00007ff807820000 - 0x00007ff8079a7000 	C:\WINDOWS\System32\gdi32full.dll
0x00007ff8075d0000 - 0x00007ff80766a000 	C:\WINDOWS\System32\msvcp_win.dll
0x00007ff807670000 - 0x00007ff807766000 	C:\WINDOWS\System32\ucrtbase.dll
0x00007ffffbcb0000 - 0x00007ffffbf17000 	C:\WINDOWS\WinSxS\amd64_microsoft.windows.common-controls_6595b64144ccf1df_6.0.15063.483_none_26002d27e7c744a2\COMCTL32.dll
0x00007ff808f20000 - 0x00007ff809219000 	C:\WINDOWS\System32\combase.dll
0x00007ff8079b0000 - 0x00007ff807a1a000 	C:\WINDOWS\System32\bcryptPrimitives.dll
0x00007ff808470000 - 0x00007ff80849d000 	C:\WINDOWS\System32\IMM32.DLL
0x0000000075f70000 - 0x0000000076042000 	C:\Program Files\Java\jre1.8.0_111\bin\msvcr100.dll
0x0000000076bd0000 - 0x000000007746a000 	C:\Program Files\Java\jre1.8.0_111\bin\server\jvm.dll
0x00007ff808aa0000 - 0x00007ff808aa8000 	C:\WINDOWS\System32\PSAPI.DLL
0x00007ffff7e50000 - 0x00007ffff7e59000 	C:\WINDOWS\SYSTEM32\WSOCK32.dll
0x00007ff808c80000 - 0x00007ff808cec000 	C:\WINDOWS\System32\WS2_32.dll
0x00007ff804e30000 - 0x00007ff804e53000 	C:\WINDOWS\SYSTEM32\WINMM.dll
0x00007ff805740000 - 0x00007ff80574a000 	C:\WINDOWS\SYSTEM32\VERSION.dll
0x00007ff804cd0000 - 0x00007ff804cfb000 	C:\WINDOWS\SYSTEM32\WINMMBASE.dll
0x00007ff808310000 - 0x00007ff808359000 	C:\WINDOWS\System32\cfgmgr32.dll
0x0000000076bc0000 - 0x0000000076bcf000 	C:\Program Files\Java\jre1.8.0_111\bin\verify.dll
0x0000000076b90000 - 0x0000000076bb9000 	C:\Program Files\Java\jre1.8.0_111\bin\java.dll
0x0000000076b70000 - 0x0000000076b86000 	C:\Program Files\Java\jre1.8.0_111\bin\zip.dll
0x00007ff8097d0000 - 0x00007ff80ac07000 	C:\WINDOWS\System32\SHELL32.dll
0x00007ff808ab0000 - 0x00007ff808b5a000 	C:\WINDOWS\System32\shcore.dll
0x00007ff807a20000 - 0x00007ff808111000 	C:\WINDOWS\System32\windows.storage.dll
0x00007ff808360000 - 0x00007ff8083b1000 	C:\WINDOWS\System32\shlwapi.dll
0x00007ff8072e0000 - 0x00007ff8072f1000 	C:\WINDOWS\System32\kernel.appcore.dll
0x00007ff807290000 - 0x00007ff8072dc000 	C:\WINDOWS\System32\powrprof.dll
0x00007ff807300000 - 0x00007ff807315000 	C:\WINDOWS\System32\profapi.dll
0x00007fffd91c0000 - 0x00007fffd9b06000 	C:\Users\finma\Documents\GitHub\TrackerboxReloaded\build\opencv\opencv_java310.dll
0x00007ff80ac10000 - 0x00007ff80ad55000 	C:\WINDOWS\System32\ole32.dll
0x00007ff808b60000 - 0x00007ff808c20000 	C:\WINDOWS\System32\OLEAUT32.dll
0x00007ffffb130000 - 0x00007ffffb159000 	C:\WINDOWS\SYSTEM32\MSVFW32.dll
0x00007ffffab50000 - 0x00007ffffab6f000 	C:\WINDOWS\SYSTEM32\AVIFIL32.dll
0x00007ffffd8a0000 - 0x00007ffffd8b8000 	C:\WINDOWS\SYSTEM32\AVICAP32.dll
0x00007ffff9450000 - 0x00007ffff946c000 	C:\WINDOWS\SYSTEM32\MSACM32.dll
0x00007ff806dd0000 - 0x00007ff806de7000 	C:\WINDOWS\SYSTEM32\CRYPTSP.dll
0x00007ff806410000 - 0x00007ff806444000 	C:\WINDOWS\system32\rsaenh.dll
0x00007ff807140000 - 0x00007ff807165000 	C:\WINDOWS\SYSTEM32\bcrypt.dll
0x00007ff807170000 - 0x00007ff807199000 	C:\WINDOWS\SYSTEM32\USERENV.dll
0x00007ff806990000 - 0x00007ff80699b000 	C:\WINDOWS\SYSTEM32\CRYPTBASE.dll
0x0000000076b50000 - 0x0000000076b6a000 	C:\Program Files\Java\jre1.8.0_111\bin\net.dll
0x00007ff8067f0000 - 0x00007ff80684c000 	C:\WINDOWS\system32\mswsock.dll
0x00007ff806590000 - 0x00007ff8065c7000 	C:\WINDOWS\SYSTEM32\IPHLPAPI.DLL
0x00007ff8086b0000 - 0x00007ff8086b8000 	C:\WINDOWS\System32\NSI.dll
0x00007ffffef70000 - 0x00007ffffef86000 	C:\WINDOWS\SYSTEM32\dhcpcsvc6.DLL
0x00007fffff000000 - 0x00007fffff01a000 	C:\WINDOWS\SYSTEM32\dhcpcsvc.DLL
0x0000000076b30000 - 0x0000000076b41000 	C:\Program Files\Java\jre1.8.0_111\bin\nio.dll
0x00007fffe67b0000 - 0x00007fffe6899000 	C:\Users\finma\AppData\Local\Temp\NetworkTablesJNI6227301307709253642.dll
0x00007fffdc3e0000 - 0x00007fffdc6cc000 	C:\Users\finma\AppData\Local\Temp\CameraServerJNI7541438349353660318.dll
0x00007ff805180000 - 0x00007ff805215000 	C:\WINDOWS\system32\uxtheme.dll
0x00007ff80ad60000 - 0x00007ff80adfe000 	C:\WINDOWS\System32\clbcatq.dll
0x00007ffff9870000 - 0x00007ffff9887000 	C:\Windows\System32\devenum.dll
0x00007ff809390000 - 0x00007ff8097cb000 	C:\WINDOWS\System32\setupapi.dll
0x00007ff8060f0000 - 0x00007ff806121000 	C:\WINDOWS\SYSTEM32\ntmarta.dll
0x00007ff8053c0000 - 0x00007ff8053e8000 	C:\WINDOWS\SYSTEM32\DEVOBJ.dll
0x00007ff807570000 - 0x00007ff8075c6000 	C:\WINDOWS\System32\WINTRUST.dll
0x00007ff807270000 - 0x00007ff807281000 	C:\WINDOWS\System32\MSASN1.dll
0x00007ff808120000 - 0x00007ff8082e9000 	C:\WINDOWS\System32\CRYPT32.dll
0x00007ff8016a0000 - 0x00007ff8016ab000 	C:\WINDOWS\SYSTEM32\msdmo.dll
0x00007ffff4b90000 - 0x00007ffff4bc2000 	C:\Windows\System32\qcap.dll
0x00007fffe4a50000 - 0x00007fffe4c0c000 	C:\Windows\System32\quartz.dll
0x00007ff809220000 - 0x00007ff809386000 	C:\WINDOWS\System32\MSCTF.dll
0x00007ff803560000 - 0x00007ff80358a000 	C:\WINDOWS\system32\dwmapi.dll
0x00007fffee700000 - 0x00007fffee74d000 	C:\Windows\System32\mfksproxy.dll
0x00007ffff3c90000 - 0x00007ffff3cac000 	C:\Windows\System32\ATL.DLL
0x00007fffef4c0000 - 0x00007fffef4f2000 	C:\Windows\System32\MFSENSORGROUP.dll
0x00007ffff98f0000 - 0x00007ffff9a90000 	C:\Windows\System32\MFPlat.DLL
0x00007ffff9a90000 - 0x00007ffff9ac2000 	C:\Windows\System32\RTWorkQ.DLL
0x00007fffca300000 - 0x00007fffca778000 	C:\Windows\System32\MFCORE.dll
0x00007ffff4a30000 - 0x00007ffff4a39000 	C:\Windows\System32\ksuser.dll
0x00007fffedee0000 - 0x00007fffedf2a000 	C:\Windows\System32\FSClient.dll
0x00007ff804520000 - 0x00007ff8047ff000 	C:\Windows\System32\d3d11.dll
0x00007ff805880000 - 0x00007ff805924000 	C:\Windows\System32\dxgi.dll
0x00007ff8026b0000 - 0x00007ff8026bb000 	C:\Windows\System32\AVRT.dll
0x00007ff803a00000 - 0x00007ff803a0c000 	C:\Windows\System32\vidcap.ax
0x00007ffff4b40000 - 0x00007ffff4b66000 	C:\Windows\System32\kswdmcap.ax
0x00007fffe24c0000 - 0x00007fffe2624000 	C:\Windows\System32\MFC42.dll
0x00007ff803400000 - 0x00007ff803477000 	C:\WINDOWS\SYSTEM32\policymanager.dll
0x00007ff803230000 - 0x00007ff8032bf000 	C:\Windows\System32\msvcp110_win.dll
0x00007fffe4520000 - 0x00007fffe4614000 	C:\Windows\System32\MFReadWrite.dll
0x00007fffe59c0000 - 0x00007fffe5a5f000 	C:\Windows\System32\qedit.dll
0x00007ff8084a0000 - 0x00007ff8085a8000 	C:\WINDOWS\System32\COMDLG32.dll
0x00007ffffbf20000 - 0x00007ffffc0b5000 	C:\WINDOWS\WinSxS\amd64_microsoft.windows.gdiplus_6595b64144ccf1df_1.1.15063.608_none_56f0266b425534e9\gdiplus.dll
0x00007fffdce70000 - 0x00007fffdcf66000 	C:\Windows\System32\DDRAW.dll
0x00007ffffbbf0000 - 0x00007ffffbbf8000 	C:\Windows\System32\DCIMAN32.dll
0x00007ff801420000 - 0x00007ff80142c000 	C:\WINDOWS\SYSTEM32\msyuv.dll
0x0000000075430000 - 0x00000000755c8000 	C:\Program Files\Java\jre1.8.0_111\bin\awt.dll
0x00007ff805060000 - 0x00007ff8050de000 	C:\WINDOWS\SYSTEM32\apphelp.dll
0x0000000075f30000 - 0x0000000075f61000 	C:\Program Files\Java\jre1.8.0_111\bin\jpeg.dll
0x0000000075ee0000 - 0x0000000075f27000 	C:\Program Files\Java\jre1.8.0_111\bin\fontmanager.dll
0x00007fffff4a0000 - 0x00007fffff522000 	C:\WINDOWS\System32\TextInputFramework.dll
0x00007fffff070000 - 0x00007fffff342000 	C:\WINDOWS\System32\CoreUIComponents.dll
0x00007ff804830000 - 0x00007ff804913000 	C:\WINDOWS\System32\CoreMessaging.dll
0x00007ff8035d0000 - 0x00007ff803709000 	C:\WINDOWS\SYSTEM32\wintypes.dll
0x00007ff8034a0000 - 0x00007ff8034b5000 	C:\WINDOWS\SYSTEM32\usermgrcli.dll
0x00007ff8065e0000 - 0x00007ff806684000 	C:\WINDOWS\SYSTEM32\DNSAPI.dll
0x0000000077660000 - 0x0000000077686000 	C:\Program Files\Bonjour\mdnsNSP.dll
0x00000000776b0000 - 0x00000000776c9000 	C:\WINDOWS\SYSTEM32\dnssd.dll
0x00007ffff57f0000 - 0x00007ffff57fa000 	C:\Windows\System32\rasadhlp.dll
0x00007ff806bb0000 - 0x00007ff806d59000 	C:\WINDOWS\SYSTEM32\dbghelp.dll

VM Arguments:
jvm_args: -Djava.library.path=C:\Users\finma\Documents\GitHub\TrackerboxReloaded\build\opencv -Dfile.encoding=Cp1252 
java_command: main.java.Main
java_class_path (initial): C:\Users\finma\Documents\GitHub\TrackerboxReloaded\bin;C:\Users\finma\Documents\GitHub\TrackerboxReloaded\build\libs\CameraVision-all.jar;C:\Users\finma\Documents\GitHub\TrackerboxReloaded\build\libs\CameraVision.jar
Launcher Type: SUN_STANDARD

Environment Variables:
JAVA_HOME=C:\Program Files\Java\jdk1.8.0_111\
CLASSPATH=C:\Program Files\Java\jre7\lib\ext\mysql-connector.jar;C:\Program Files\OpenNI\Bin64\org.OpenNI.jar
PATH=C:/Program Files/Java/jre1.8.0_111/bin/server;C:/Program Files/Java/jre1.8.0_111/bin;C:/Program Files/Java/jre1.8.0_111/lib/amd64;C:\ProgramData\Oracle\Java\javapath;C:\Program Files\Java\jdk1.8.0_111\bin;C:\WINDOWS\system32;C:\WINDOWS;C:\WINDOWS\System32\Wbem;C:\WINDOWS\System32\WindowsPowerShell\v1.0\;C:\Program Files (x86)\Windows Live\Shared;C:\Program Files (x86)\Skype\Phone\;C:\Program Files\Git\cmd;C:\Users\finma\Desktop\ant\bin;C:\Gradle\bin;C:\Program Files\Intel\WiFi\bin\;C:\Program Files\Common Files\Intel\WirelessCommon\;C:\Users\finma\Desktop\BackedUpFiles\maven\bin;C:\Program Files\CMake\bin;C:\Program Files (x86)\Windows Kits\8.1\Windows Performance Toolkit\;C:\Program Files\PrimeSense\NITE\bin64;C:\Program Files\PuTTY\;C:\Program Files\OpenNI\Bin64;C:\Program Files\PCL 1.6.0\bin;C:\Program Files (x86)\OpenNI\Bin;C:\Users\finma\AppData\Local\Programs\Python\Python36\Scripts\;C:\Users\finma\AppData\Local\Programs\Python\Python36\;C:\Users\finma\AppData\Local\Microsoft\WindowsApps;;C:\WINDOWS\system32;
USERNAME=finma
OS=Windows_NT
PROCESSOR_IDENTIFIER=AMD64 Family 21 Model 101 Stepping 1, AuthenticAMD



---------------  S Y S T E M  ---------------

OS: Windows 10.0 , 64 bit Build 15063 (10.0.15063.296)

CPU:total 4 (4 cores per cpu, 1 threads per core) family 21 model 101 stepping 1, cmov, cx8, fxsr, mmx, sse, sse2, sse3, ssse3, sse4.1, sse4.2, popcnt, avx, avx2, aes, clmul, mmxext, 3dnowpref, lzcnt, sse4a, tsc, tscinvbit, tscinv, bmi1

Memory: 4k page, physical 12005684k(6064016k free), swap 15824724k(6917236k free)

vm_info: Java HotSpot(TM) 64-Bit Server VM (25.111-b14) for windows-amd64 JRE (1.8.0_111-b14), built on Sep 22 2016 19:24:05 by "java_re" with MS VC++ 10.0 (VS2010)

time: Sun Jan 14 15:37:26 2018
elapsed time: 21 seconds (0d 0h 0m 21s)

