#
# A fatal error has been detected by the Java Runtime Environment:
#
#  Internal Error (0xc000000d), pid=22208, tid=0x000000000000163c
#
# JRE version: Java(TM) SE Runtime Environment (8.0_111-b14) (build 1.8.0_111-b14)
# Java VM: Java HotSpot(TM) 64-Bit Server VM (25.111-b14 mixed mode windows-amd64 compressed oops)
# Problematic frame:
# C  [ntdll.dll+0x105a50]
#
# Failed to write core dump. Minidumps are not enabled by default on client versions of Windows
#
# If you would like to submit a bug report, please visit:
#   http://bugreport.java.com/bugreport/crash.jsp
#

---------------  T H R E A D  ---------------

Current thread (0x00000000194e8000):  VMThread [stack: 0x000000001a580000,0x000000001a680000] [id=5692]

siginfo: ExceptionCode=0xc000000d

Registers:
RAX=0x000000007552d79a, RBX=0x000000001bdc2a50, RCX=0x00000ec0f2e0a7a6, RDX=0x0000000075544e7e
RSP=0x000000001a67e810, RBP=0x0000000000000000, RSI=0x000000001bdc2a50, RDI=0x000000001be22af0
R8 =0x0000000075544e7e, R9 =0x000000001a67e6d0, R10=0x0000000075515695, R11=0x00000000755a37e0
R12=0x0000000000000001, R13=0x000000001be01a30, R14=0x000000001bdd9920, R15=0x00000000ffffffff
RIP=0x00007ff80af05a50, EFLAGS=0x0000000000000202

Top of Stack: (sp=0x000000001a67e810)
0x000000001a67e810:   0000000000000057 000000001bdc2a50
0x000000001a67e820:   000000001bdc2a50 000000001be22af0
0x000000001a67e830:   00000000c000000d 0000000000000000
0x000000001a67e840:   00007ff80af05a50 0000000000000000
0x000000001a67e850:   0000000000000000 0000000000000000
0x000000001a67e860:   0000000000000000 0000000000000000
0x000000001a67e870:   0000000000000000 0000000000000000
0x000000001a67e880:   0000000000000000 0000000000000000
0x000000001a67e890:   0000000000000000 0000000000000000
0x000000001a67e8a0:   0000000000000000 0000000000000000
0x000000001a67e8b0:   0000000000000000 0000000000000000
0x000000001a67e8c0:   0000000000000000 00007ff80ae3805a
0x000000001a67e8d0:   00000ec0f2e0ade6 000000001be22af0
0x000000001a67e8e0:   000000001bdc2a50 00007ffff9a9577d
0x000000001a67e8f0:   000000001be22af0 000000001bdc2a50
0x000000001a67e900:   0000000000000000 000000001a67ea38 

Instructions: (pc=0x00007ff80af05a50)
0x00007ff80af05a30:   64 fa ff c7 44 24 20 0d 00 00 c0 b9 57 00 00 00
0x00007ff80af05a40:   e8 eb 4b f5 ff 90 48 8d 4c 24 20 e8 f0 fa f0 ff
0x00007ff80af05a50:   eb 00 48 8b 8c 24 c0 00 00 00 48 33 cc e8 1e 05
0x00007ff80af05a60:   f9 ff 48 81 c4 d8 00 00 00 c3 40 55 48 83 ec 20 


Register to memory mapping:

RAX=0x000000007552d79a is an unknown value
RBX=0x000000001bdc2a50 is an unknown value
RCX=0x00000ec0f2e0a7a6 is an unknown value
RDX=0x0000000075544e7e is an unknown value
RSP=0x000000001a67e810 is an unknown value
RBP=0x0000000000000000 is an unknown value
RSI=0x000000001bdc2a50 is an unknown value
RDI=0x000000001be22af0 is an unknown value
R8 =0x0000000075544e7e is an unknown value
R9 =0x000000001a67e6d0 is an unknown value
R10=0x0000000075515695 is an unknown value
R11=0x00000000755a37e0 is an unknown value
R12=0x0000000000000001 is an unknown value
R13=0x000000001be01a30 is an unknown value
R14=0x000000001bdd9920 is an unknown value
R15=0x00000000ffffffff is an unknown value


Stack: [0x000000001a580000,0x000000001a680000],  sp=0x000000001a67e810,  free space=1018k
Native frames: (J=compiled Java code, j=interpreted, Vv=VM code, C=native code)

VM_Operation (0x000000002150d220): Exit, mode: safepoint, requested by thread 0x000000001fe61000


---------------  P R O C E S S  ---------------

Java Threads: ( => current thread )
  0x000000001fe8c000 JavaThread "Thread-3" [_thread_blocked, id=16272, stack(0x0000000021710000,0x0000000021810000)]
  0x000000001fe61000 JavaThread "AWT-EventQueue-0" [_thread_blocked, id=22416, stack(0x0000000021410000,0x0000000021510000)]
  0x000000001fe4c800 JavaThread "AWT-Shutdown" [_thread_blocked, id=19952, stack(0x0000000020700000,0x0000000020800000)]
  0x000000001fe41000 JavaThread "Java2D Disposer" daemon [_thread_blocked, id=10408, stack(0x0000000020600000,0x0000000020700000)]
  0x000000001957d800 JavaThread "Service Thread" daemon [_thread_blocked, id=19112, stack(0x000000001b370000,0x000000001b470000)]
  0x000000001954d000 JavaThread "C1 CompilerThread2" daemon [_thread_blocked, id=572, stack(0x000000001ae70000,0x000000001af70000)]
  0x0000000019522000 JavaThread "C2 CompilerThread1" daemon [_thread_blocked, id=6004, stack(0x000000001ad70000,0x000000001ae70000)]
  0x000000001951e800 JavaThread "C2 CompilerThread0" daemon [_thread_blocked, id=5628, stack(0x000000001ac70000,0x000000001ad70000)]
  0x000000001951d000 JavaThread "Attach Listener" daemon [_thread_blocked, id=4288, stack(0x000000001ab70000,0x000000001ac70000)]
  0x000000001951c000 JavaThread "Signal Dispatcher" daemon [_thread_blocked, id=21804, stack(0x000000001aa70000,0x000000001ab70000)]
  0x000000001950a800 JavaThread "Finalizer" daemon [_thread_blocked, id=628, stack(0x000000001a780000,0x000000001a880000)]
  0x00000000028af000 JavaThread "Reference Handler" daemon [_thread_blocked, id=12020, stack(0x000000001a680000,0x000000001a780000)]
  0x000000000270d800 JavaThread "main" [_thread_blocked, id=2600, stack(0x00000000025c0000,0x00000000026c0000)]

Other Threads:
=>0x00000000194e8000 VMThread [stack: 0x000000001a580000,0x000000001a680000] [id=5692]

VM state:at safepoint (shutting down)

VM Mutex/Monitor currently owned by a thread:  ([mutex/lock_event])
[0x000000000270d3a0] Threads_lock - owner thread: 0x00000000194e8000

Heap:
 PSYoungGen      total 36864K, used 8764K [0x0000000782f00000, 0x0000000785880000, 0x00000007c0000000)
  eden space 33280K, 24% used [0x0000000782f00000,0x00000007836fc858,0x0000000784f80000)
  from space 3584K, 16% used [0x0000000785500000,0x00000007855927d8,0x0000000785880000)
  to   space 4608K, 0% used [0x0000000784f80000,0x0000000784f80000,0x0000000785400000)
 ParOldGen       total 125952K, used 10965K [0x0000000708c00000, 0x0000000710700000, 0x0000000782f00000)
  object space 125952K, 8% used [0x0000000708c00000,0x00000007096b5420,0x0000000710700000)
 Metaspace       used 10516K, capacity 10708K, committed 10880K, reserved 1058816K
  class space    used 1219K, capacity 1291K, committed 1408K, reserved 1048576K

Card table byte_map: [0x0000000011c80000,0x0000000012240000] byte_map_base: 0x000000000e43a000

Marking Bits: (ParMarkBitMap*) 0x00000000773ea6c0
 Begin Bits: [0x0000000012a20000, 0x00000000157f0000)
 End Bits:   [0x00000000157f0000, 0x00000000185c0000)

Polling page: 0x0000000000d40000

CodeCache: size=245760Kb used=4265Kb max_used=4309Kb free=241494Kb
 bounds [0x00000000028c0000, 0x0000000002d00000, 0x00000000118c0000]
 total_blobs=1916 nmethods=1256 adapters=574
 compilation: enabled

Compilation events (10 events):
Event: 95.477 Thread 0x000000001954d000 1292       1       java.beans.PropertyChangeEvent::getNewValue (5 bytes)
Event: 95.477 Thread 0x000000001954d000 nmethod 1292 0x0000000002b234d0 code [0x0000000002b23620, 0x0000000002b23730]
Event: 95.479 Thread 0x000000001954d000 1293       3       sun.util.locale.LocaleUtils::toLower (17 bytes)
Event: 95.479 Thread 0x000000001954d000 nmethod 1293 0x0000000002cef6d0 code [0x0000000002cef840, 0x0000000002cefab0]
Event: 96.094 Thread 0x0000000019522000 1294       4       java.io.File::isInvalid (47 bytes)
Event: 96.099 Thread 0x0000000019522000 nmethod 1294 0x0000000002a96a90 code [0x0000000002a96be0, 0x0000000002a96d78]
Event: 96.673 Thread 0x000000001954d000 1295       1       java.beans.PropertyChangeEvent::getOldValue (5 bytes)
Event: 96.673 Thread 0x000000001954d000 nmethod 1295 0x0000000002b28150 code [0x0000000002b282a0, 0x0000000002b283b0]
Event: 97.267 Thread 0x000000001951e800 1296   !   4       java.util.WeakHashMap::expungeStaleEntries (139 bytes)
Event: 97.268 Thread 0x000000001951e800 nmethod 1296 0x0000000002b33950 code [0x0000000002b33a80, 0x0000000002b33b18]

GC Heap History (10 events):
Event: 82.038 GC heap before
{Heap before GC invocations=22 (full 0):
 PSYoungGen      total 36864K, used 36765K [0x0000000782f00000, 0x0000000785e00000, 0x00000007c0000000)
  eden space 35840K, 100% used [0x0000000782f00000,0x0000000785200000,0x0000000785200000)
  from space 1024K, 90% used [0x0000000785280000,0x00000007853675f0,0x0000000785380000)
  to   space 6144K, 0% used [0x0000000785800000,0x0000000785800000,0x0000000785e00000)
 ParOldGen       total 125952K, used 9340K [0x0000000708c00000, 0x0000000710700000, 0x0000000782f00000)
  object space 125952K, 7% used [0x0000000708c00000,0x000000070951f3d0,0x0000000710700000)
 Metaspace       used 10497K, capacity 10644K, committed 10880K, reserved 1058816K
  class space    used 1217K, capacity 1291K, committed 1408K, reserved 1048576K
Event: 82.058 GC heap after
Heap after GC invocations=22 (full 0):
 PSYoungGen      total 39936K, used 1026K [0x0000000782f00000, 0x0000000785c80000, 0x00000007c0000000)
  eden space 35328K, 0% used [0x0000000782f00000,0x0000000782f00000,0x0000000785180000)
  from space 4608K, 22% used [0x0000000785800000,0x0000000785900860,0x0000000785c80000)
  to   space 5632K, 0% used [0x0000000785180000,0x0000000785180000,0x0000000785700000)
 ParOldGen       total 125952K, used 9372K [0x0000000708c00000, 0x0000000710700000, 0x0000000782f00000)
  object space 125952K, 7% used [0x0000000708c00000,0x00000007095273d0,0x0000000710700000)
 Metaspace       used 10497K, capacity 10644K, committed 10880K, reserved 1058816K
  class space    used 1217K, capacity 1291K, committed 1408K, reserved 1048576K
}
Event: 86.007 GC heap before
{Heap before GC invocations=23 (full 0):
 PSYoungGen      total 39936K, used 36354K [0x0000000782f00000, 0x0000000785c80000, 0x00000007c0000000)
  eden space 35328K, 100% used [0x0000000782f00000,0x0000000785180000,0x0000000785180000)
  from space 4608K, 22% used [0x0000000785800000,0x0000000785900860,0x0000000785c80000)
  to   space 5632K, 0% used [0x0000000785180000,0x0000000785180000,0x0000000785700000)
 ParOldGen       total 125952K, used 9372K [0x0000000708c00000, 0x0000000710700000, 0x0000000782f00000)
  object space 125952K, 7% used [0x0000000708c00000,0x00000007095273d0,0x0000000710700000)
 Metaspace       used 10497K, capacity 10644K, committed 10880K, reserved 1058816K
  class space    used 1217K, capacity 1291K, committed 1408K, reserved 1048576K
Event: 86.009 GC heap after
Heap after GC invocations=23 (full 0):
 PSYoungGen      total 35840K, used 907K [0x0000000782f00000, 0x0000000785c00000, 0x00000007c0000000)
  eden space 34816K, 0% used [0x0000000782f00000,0x0000000782f00000,0x0000000785100000)
  from space 1024K, 88% used [0x0000000785180000,0x0000000785262f88,0x0000000785280000)
  to   space 5632K, 0% used [0x0000000785680000,0x0000000785680000,0x0000000785c00000)
 ParOldGen       total 125952K, used 9404K [0x0000000708c00000, 0x0000000710700000, 0x0000000782f00000)
  object space 125952K, 7% used [0x0000000708c00000,0x000000070952f3d0,0x0000000710700000)
 Metaspace       used 10497K, capacity 10644K, committed 10880K, reserved 1058816K
  class space    used 1217K, capacity 1291K, committed 1408K, reserved 1048576K
}
Event: 89.328 GC heap before
{Heap before GC invocations=24 (full 0):
 PSYoungGen      total 35840K, used 35516K [0x0000000782f00000, 0x0000000785c00000, 0x00000007c0000000)
  eden space 34816K, 99% used [0x0000000782f00000,0x00000007850cc1a8,0x0000000785100000)
  from space 1024K, 88% used [0x0000000785180000,0x0000000785262f88,0x0000000785280000)
  to   space 5632K, 0% used [0x0000000785680000,0x0000000785680000,0x0000000785c00000)
 ParOldGen       total 125952K, used 9704K [0x0000000708c00000, 0x0000000710700000, 0x0000000782f00000)
  object space 125952K, 7% used [0x0000000708c00000,0x000000070957a3e0,0x0000000710700000)
 Metaspace       used 10501K, capacity 10644K, committed 10880K, reserved 1058816K
  class space    used 1217K, capacity 1291K, committed 1408K, reserved 1048576K
Event: 89.330 GC heap after
Heap after GC invocations=24 (full 0):
 PSYoungGen      total 38400K, used 852K [0x0000000782f00000, 0x0000000785a80000, 0x00000007c0000000)
  eden space 34304K, 0% used [0x0000000782f00000,0x0000000782f00000,0x0000000785080000)
  from space 4096K, 20% used [0x0000000785680000,0x0000000785755240,0x0000000785a80000)
  to   space 5120K, 0% used [0x0000000785080000,0x0000000785080000,0x0000000785580000)
 ParOldGen       total 125952K, used 9736K [0x0000000708c00000, 0x0000000710700000, 0x0000000782f00000)
  object space 125952K, 7% used [0x0000000708c00000,0x00000007095823e0,0x0000000710700000)
 Metaspace       used 10501K, capacity 10644K, committed 10880K, reserved 1058816K
  class space    used 1217K, capacity 1291K, committed 1408K, reserved 1048576K
}
Event: 93.534 GC heap before
{Heap before GC invocations=25 (full 0):
 PSYoungGen      total 38400K, used 35156K [0x0000000782f00000, 0x0000000785a80000, 0x00000007c0000000)
  eden space 34304K, 100% used [0x0000000782f00000,0x0000000785080000,0x0000000785080000)
  from space 4096K, 20% used [0x0000000785680000,0x0000000785755240,0x0000000785a80000)
  to   space 5120K, 0% used [0x0000000785080000,0x0000000785080000,0x0000000785580000)
 ParOldGen       total 125952K, used 10941K [0x0000000708c00000, 0x0000000710700000, 0x0000000782f00000)
  object space 125952K, 8% used [0x0000000708c00000,0x00000007096af420,0x0000000710700000)
 Metaspace       used 10501K, capacity 10644K, committed 10880K, reserved 1058816K
  class space    used 1217K, capacity 1291K, committed 1408K, reserved 1048576K
Event: 93.563 GC heap after
Heap after GC invocations=25 (full 0):
 PSYoungGen      total 34304K, used 253K [0x0000000782f00000, 0x0000000785a00000, 0x00000007c0000000)
  eden space 33792K, 0% used [0x0000000782f00000,0x0000000782f00000,0x0000000785000000)
  from space 512K, 49% used [0x0000000785080000,0x00000007850bf488,0x0000000785100000)
  to   space 5120K, 0% used [0x0000000785500000,0x0000000785500000,0x0000000785a00000)
 ParOldGen       total 125952K, used 10957K [0x0000000708c00000, 0x0000000710700000, 0x0000000782f00000)
  object space 125952K, 8% used [0x0000000708c00000,0x00000007096b3420,0x0000000710700000)
 Metaspace       used 10501K, capacity 10644K, committed 10880K, reserved 1058816K
  class space    used 1217K, capacity 1291K, committed 1408K, reserved 1048576K
}
Event: 97.741 GC heap before
{Heap before GC invocations=26 (full 0):
 PSYoungGen      total 34304K, used 33778K [0x0000000782f00000, 0x0000000785a00000, 0x00000007c0000000)
  eden space 33792K, 99% used [0x0000000782f00000,0x0000000784fbd728,0x0000000785000000)
  from space 512K, 49% used [0x0000000785080000,0x00000007850bf488,0x0000000785100000)
  to   space 5120K, 0% used [0x0000000785500000,0x0000000785500000,0x0000000785a00000)
 ParOldGen       total 125952K, used 10957K [0x0000000708c00000, 0x0000000710700000, 0x0000000782f00000)
  object space 125952K, 8% used [0x0000000708c00000,0x00000007096b3420,0x0000000710700000)
 Metaspace       used 10504K, capacity 10708K, committed 10880K, reserved 1058816K
  class space    used 1217K, capacity 1291K, committed 1408K, reserved 1048576K
Event: 97.744 GC heap after
Heap after GC invocations=26 (full 0):
 PSYoungGen      total 36864K, used 585K [0x0000000782f00000, 0x0000000785880000, 0x00000007c0000000)
  eden space 33280K, 0% used [0x0000000782f00000,0x0000000782f00000,0x0000000784f80000)
  from space 3584K, 16% used [0x0000000785500000,0x00000007855927d8,0x0000000785880000)
  to   space 4608K, 0% used [0x0000000784f80000,0x0000000784f80000,0x0000000785400000)
 ParOldGen       total 125952K, used 10965K [0x0000000708c00000, 0x0000000710700000, 0x0000000782f00000)
  object space 125952K, 8% used [0x0000000708c00000,0x00000007096b5420,0x0000000710700000)
 Metaspace       used 10504K, capacity 10708K, committed 10880K, reserved 1058816K
  class space    used 1217K, capacity 1291K, committed 1408K, reserved 1048576K
}

Deoptimization events (6 events):
Event: 49.924 Thread 0x000000001fe61000 Uncommon trap: reason=unstable_if action=reinterpret pc=0x0000000002bba024 method=sun.awt.AWTAutoShutdown.isReadyToShutdown()Z @ 4
Event: 49.941 Thread 0x000000000270d800 Uncommon trap: reason=unstable_if action=reinterpret pc=0x0000000002c14820 method=java.util.HashMap.clear()V @ 23
Event: 77.339 Thread 0x000000001fe4d000 Uncommon trap: reason=unstable_if action=reinterpret pc=0x0000000002c888ec method=java.lang.Long.valueOf(J)Ljava/lang/Long; @ 13
Event: 84.608 Thread 0x000000000270d800 Uncommon trap: reason=unstable_if action=reinterpret pc=0x0000000002c1b92c method=javax.imageio.stream.FileCacheImageInputStream.readUntil(J)J @ 15
Event: 98.473 Thread 0x000000001fe8c000 Uncommon trap: reason=unstable_if action=reinterpret pc=0x0000000002c659ec method=sun.java2d.d3d.D3DScreenUpdateManager.createGraphics(Lsun/java2d/SurfaceData;Lsun/awt/windows/WComponentPeer;Ljava/awt/Color;Ljava/awt/Color;Ljava/awt/Font;)Ljava/awt/Graphi
Event: 98.574 Thread 0x000000001fe61000 Uncommon trap: reason=class_check action=maybe_recompile pc=0x0000000002cb0b3c method=java.util.HashSet.iterator()Ljava/util/Iterator; @ 4

Internal exceptions (10 events):
Event: 0.049 Thread 0x000000000270d800 Exception <a 'java/lang/NoSuchMethodError': Method sun.misc.Unsafe.defineClass(Ljava/lang/String;[BII)Ljava/lang/Class; name or signature does not match> (0x0000000782f07c78) thrown at [C:\re\workspace\8-2-build-windows-amd64-cygwin\jdk8u111\7883\hotspot\
Event: 0.049 Thread 0x000000000270d800 Exception <a 'java/lang/NoSuchMethodError': Method sun.misc.Unsafe.prefetchRead(Ljava/lang/Object;J)V name or signature does not match> (0x0000000782f07f60) thrown at [C:\re\workspace\8-2-build-windows-amd64-cygwin\jdk8u111\7883\hotspot\src\share\vm\prims
Event: 0.232 Thread 0x000000000270d800 Exception <a 'java/security/PrivilegedActionException'> (0x00000007830df0d0) thrown at [C:\re\workspace\8-2-build-windows-amd64-cygwin\jdk8u111\7883\hotspot\src\share\vm\prims\jvm.cpp, line 1386]
Event: 0.232 Thread 0x000000000270d800 Exception <a 'java/security/PrivilegedActionException'> (0x00000007830df2e0) thrown at [C:\re\workspace\8-2-build-windows-amd64-cygwin\jdk8u111\7883\hotspot\src\share\vm\prims\jvm.cpp, line 1386]
Event: 0.233 Thread 0x000000000270d800 Exception <a 'java/security/PrivilegedActionException'> (0x00000007830e2f28) thrown at [C:\re\workspace\8-2-build-windows-amd64-cygwin\jdk8u111\7883\hotspot\src\share\vm\prims\jvm.cpp, line 1386]
Event: 0.233 Thread 0x000000000270d800 Exception <a 'java/security/PrivilegedActionException'> (0x00000007830e3138) thrown at [C:\re\workspace\8-2-build-windows-amd64-cygwin\jdk8u111\7883\hotspot\src\share\vm\prims\jvm.cpp, line 1386]
Event: 2.020 Thread 0x000000000270d800 Exception <a 'java/io/FileNotFoundException'> (0x0000000783290200) thrown at [C:\re\workspace\8-2-build-windows-amd64-cygwin\jdk8u111\7883\hotspot\src\share\vm\prims\jni.cpp, line 709]
Event: 2.077 Thread 0x000000000270d800 Exception <a 'java/lang/NoSuchFieldError': method resolution failed> (0x000000078335d308) thrown at [C:\re\workspace\8-2-build-windows-amd64-cygwin\jdk8u111\7883\hotspot\src\share\vm\prims\methodHandles.cpp, line 1146]
Event: 2.080 Thread 0x000000000270d800 Exception <a 'java/lang/NoSuchFieldError': method resolution failed> (0x000000078336a6a8) thrown at [C:\re\workspace\8-2-build-windows-amd64-cygwin\jdk8u111\7883\hotspot\src\share\vm\prims\methodHandles.cpp, line 1146]
Event: 2.321 Thread 0x000000000270d800 Exception <a 'java/io/FileNotFoundException'> (0x00000007836042c0) thrown at [C:\re\workspace\8-2-build-windows-amd64-cygwin\jdk8u111\7883\hotspot\src\share\vm\prims\jni.cpp, line 709]

Events (10 events):
Event: 98.473 loading class java/util/WeakHashMap$KeyIterator done
Event: 98.474 loading class sun/java2d/pipe/hw/AccelDeviceEventNotifier
Event: 98.474 Thread 0x000000001fe7a000 Thread exited: 0x000000001fe7a000
Event: 98.474 loading class sun/java2d/pipe/hw/AccelDeviceEventNotifier done
Event: 98.522 Thread 0x000000001fe4d000 Thread exited: 0x000000001fe4d000
Event: 98.574 Thread 0x000000001ff72000 Thread exited: 0x000000001ff72000
Event: 98.574 Thread 0x000000001fe61000 Uncommon trap: trap_request=0xffffffde fr.pc=0x0000000002cb0b3c
Event: 98.574 Thread 0x000000001fe61000 DEOPT PACKING pc=0x0000000002cb0b3c sp=0x000000002150d0a0
Event: 98.574 Thread 0x000000001fe61000 DEOPT UNPACKING pc=0x000000000290582a sp=0x000000002150d058 mode 2
Event: 98.576 Executing VM operation: Exit


Dynamic libraries:
0x00007ff6bf9a0000 - 0x00007ff6bf9d7000 	C:\Program Files\Java\jre1.8.0_111\bin\javaw.exe
0x00007ff80ae00000 - 0x00007ff80afdb000 	C:\WINDOWS\SYSTEM32\ntdll.dll
0x00007ff8088a0000 - 0x00007ff80894e000 	C:\WINDOWS\System32\KERNEL32.DLL
0x00007ff807320000 - 0x00007ff807569000 	C:\WINDOWS\System32\KERNELBASE.dll
0x00007ff8083c0000 - 0x00007ff808461000 	C:\WINDOWS\System32\ADVAPI32.dll
0x00007ff8085b0000 - 0x00007ff80864d000 	C:\WINDOWS\System32\msvcrt.dll
0x00007ff808cf0000 - 0x00007ff808d49000 	C:\WINDOWS\System32\sechost.dll
0x00007ff8086c0000 - 0x00007ff8087e5000 	C:\WINDOWS\System32\RPCRT4.dll
0x00007ff808950000 - 0x00007ff808a9a000 	C:\WINDOWS\System32\USER32.dll
0x00007ff8082f0000 - 0x00007ff80830e000 	C:\WINDOWS\System32\win32u.dll
0x00007ff8087f0000 - 0x00007ff808817000 	C:\WINDOWS\System32\GDI32.dll
0x00007ff807820000 - 0x00007ff8079a7000 	C:\WINDOWS\System32\gdi32full.dll
0x00007ff8075d0000 - 0x00007ff80766a000 	C:\WINDOWS\System32\msvcp_win.dll
0x00007ff807670000 - 0x00007ff807766000 	C:\WINDOWS\System32\ucrtbase.dll
0x00007ffffbcb0000 - 0x00007ffffbf17000 	C:\WINDOWS\WinSxS\amd64_microsoft.windows.common-controls_6595b64144ccf1df_6.0.15063.483_none_26002d27e7c744a2\COMCTL32.dll
0x00007ff808f20000 - 0x00007ff809219000 	C:\WINDOWS\System32\combase.dll
0x00007ff8079b0000 - 0x00007ff807a1a000 	C:\WINDOWS\System32\bcryptPrimitives.dll
0x00007ff808470000 - 0x00007ff80849d000 	C:\WINDOWS\System32\IMM32.DLL
0x00000000754f0000 - 0x00000000755c2000 	C:\Program Files\Java\jre1.8.0_111\bin\msvcr100.dll
0x0000000076bd0000 - 0x000000007746a000 	C:\Program Files\Java\jre1.8.0_111\bin\server\jvm.dll
0x00007ff808aa0000 - 0x00007ff808aa8000 	C:\WINDOWS\System32\PSAPI.DLL
0x00007ff804e30000 - 0x00007ff804e53000 	C:\WINDOWS\SYSTEM32\WINMM.dll
0x00007ffff7e50000 - 0x00007ffff7e59000 	C:\WINDOWS\SYSTEM32\WSOCK32.dll
0x00007ff808c80000 - 0x00007ff808cec000 	C:\WINDOWS\System32\WS2_32.dll
0x00007ff805740000 - 0x00007ff80574a000 	C:\WINDOWS\SYSTEM32\VERSION.dll
0x00007ff804cd0000 - 0x00007ff804cfb000 	C:\WINDOWS\SYSTEM32\WINMMBASE.dll
0x00007ff808310000 - 0x00007ff808359000 	C:\WINDOWS\System32\cfgmgr32.dll
0x0000000076bc0000 - 0x0000000076bcf000 	C:\Program Files\Java\jre1.8.0_111\bin\verify.dll
0x0000000076b90000 - 0x0000000076bb9000 	C:\Program Files\Java\jre1.8.0_111\bin\java.dll
0x0000000076b70000 - 0x0000000076b86000 	C:\Program Files\Java\jre1.8.0_111\bin\zip.dll
0x00007ff8097d0000 - 0x00007ff80ac07000 	C:\WINDOWS\System32\SHELL32.dll
0x00007ff808ab0000 - 0x00007ff808b5a000 	C:\WINDOWS\System32\shcore.dll
0x00007ff807a20000 - 0x00007ff808111000 	C:\WINDOWS\System32\windows.storage.dll
0x00007ff808360000 - 0x00007ff8083b1000 	C:\WINDOWS\System32\shlwapi.dll
0x00007ff8072e0000 - 0x00007ff8072f1000 	C:\WINDOWS\System32\kernel.appcore.dll
0x00007ff807290000 - 0x00007ff8072dc000 	C:\WINDOWS\System32\powrprof.dll
0x00007ff807300000 - 0x00007ff807315000 	C:\WINDOWS\System32\profapi.dll
0x00007fffd91c0000 - 0x00007fffd9b06000 	C:\Users\finma\Documents\GitHub\TrackerboxReloaded\build\opencv\opencv_java310.dll
0x00007ff80ac10000 - 0x00007ff80ad55000 	C:\WINDOWS\System32\ole32.dll
0x00007ff808b60000 - 0x00007ff808c20000 	C:\WINDOWS\System32\OLEAUT32.dll
0x00007ffffb130000 - 0x00007ffffb159000 	C:\WINDOWS\SYSTEM32\MSVFW32.dll
0x00007ffffd8a0000 - 0x00007ffffd8bf000 	C:\WINDOWS\SYSTEM32\AVIFIL32.dll
0x00007ffff9870000 - 0x00007ffff9888000 	C:\WINDOWS\SYSTEM32\AVICAP32.dll
0x00007ffff9450000 - 0x00007ffff946c000 	C:\WINDOWS\SYSTEM32\MSACM32.dll
0x00007ff806dd0000 - 0x00007ff806de7000 	C:\WINDOWS\SYSTEM32\CRYPTSP.dll
0x00007ff806410000 - 0x00007ff806444000 	C:\WINDOWS\system32\rsaenh.dll
0x00007ff807140000 - 0x00007ff807165000 	C:\WINDOWS\SYSTEM32\bcrypt.dll
0x00007ff807170000 - 0x00007ff807199000 	C:\WINDOWS\SYSTEM32\USERENV.dll
0x00007ff806990000 - 0x00007ff80699b000 	C:\WINDOWS\SYSTEM32\CRYPTBASE.dll
0x0000000076b50000 - 0x0000000076b6a000 	C:\Program Files\Java\jre1.8.0_111\bin\net.dll
0x00007ff8067f0000 - 0x00007ff80684c000 	C:\WINDOWS\system32\mswsock.dll
0x00007ff806590000 - 0x00007ff8065c7000 	C:\WINDOWS\SYSTEM32\IPHLPAPI.DLL
0x00007ff8086b0000 - 0x00007ff8086b8000 	C:\WINDOWS\System32\NSI.dll
0x00007ffffef70000 - 0x00007ffffef86000 	C:\WINDOWS\SYSTEM32\dhcpcsvc6.DLL
0x00007fffff000000 - 0x00007fffff01a000 	C:\WINDOWS\SYSTEM32\dhcpcsvc.DLL
0x0000000076b30000 - 0x0000000076b41000 	C:\Program Files\Java\jre1.8.0_111\bin\nio.dll
0x00007fffe4530000 - 0x00007fffe4619000 	C:\Users\finma\AppData\Local\Temp\NetworkTablesJNI5534326368495136944.dll
0x00007fffdc3e0000 - 0x00007fffdc6cc000 	C:\Users\finma\AppData\Local\Temp\CameraServerJNI2316960131076849967.dll
0x00007ff805180000 - 0x00007ff805215000 	C:\WINDOWS\system32\uxtheme.dll
0x00007ff80ad60000 - 0x00007ff80adfe000 	C:\WINDOWS\System32\clbcatq.dll
0x00007ffff96f0000 - 0x00007ffff9707000 	C:\Windows\System32\devenum.dll
0x00007ff809390000 - 0x00007ff8097cb000 	C:\WINDOWS\System32\setupapi.dll
0x00007ff8060f0000 - 0x00007ff806121000 	C:\WINDOWS\SYSTEM32\ntmarta.dll
0x00007ff8053c0000 - 0x00007ff8053e8000 	C:\WINDOWS\SYSTEM32\DEVOBJ.dll
0x00007ff807570000 - 0x00007ff8075c6000 	C:\WINDOWS\System32\WINTRUST.dll
0x00007ff807270000 - 0x00007ff807281000 	C:\WINDOWS\System32\MSASN1.dll
0x00007ff808120000 - 0x00007ff8082e9000 	C:\WINDOWS\System32\CRYPT32.dll
0x00007ff8016a0000 - 0x00007ff8016ab000 	C:\WINDOWS\SYSTEM32\msdmo.dll
0x00007ffff4b90000 - 0x00007ffff4bc2000 	C:\Windows\System32\qcap.dll
0x00007fffde410000 - 0x00007fffde5cc000 	C:\Windows\System32\quartz.dll
0x00007ff809220000 - 0x00007ff809386000 	C:\WINDOWS\System32\MSCTF.dll
0x00007ff803560000 - 0x00007ff80358a000 	C:\WINDOWS\system32\dwmapi.dll
0x00007fffee700000 - 0x00007fffee74d000 	C:\Windows\System32\mfksproxy.dll
0x00007ffff3c90000 - 0x00007ffff3cac000 	C:\Windows\System32\ATL.DLL
0x00007fffef4c0000 - 0x00007fffef4f2000 	C:\Windows\System32\MFSENSORGROUP.dll
0x00007ffff98f0000 - 0x00007ffff9a90000 	C:\Windows\System32\MFPlat.DLL
0x00007ffff9a90000 - 0x00007ffff9ac2000 	C:\Windows\System32\RTWorkQ.DLL
0x00007fffca300000 - 0x00007fffca778000 	C:\Windows\System32\MFCORE.dll
0x00007ffff4a30000 - 0x00007ffff4a39000 	C:\Windows\System32\ksuser.dll
0x00007fffe7ac0000 - 0x00007fffe7b0a000 	C:\Windows\System32\FSClient.dll
0x00007ff804520000 - 0x00007ff8047ff000 	C:\Windows\System32\d3d11.dll
0x00007ff805880000 - 0x00007ff805924000 	C:\Windows\System32\dxgi.dll
0x00007ff8026b0000 - 0x00007ff8026bb000 	C:\Windows\System32\AVRT.dll
0x00007ff803a00000 - 0x00007ff803a0c000 	C:\Windows\System32\vidcap.ax
0x00007ffff4b40000 - 0x00007ffff4b66000 	C:\Windows\System32\kswdmcap.ax
0x00007fffdf650000 - 0x00007fffdf7b4000 	C:\Windows\System32\MFC42.dll
0x00007ff803400000 - 0x00007ff803477000 	C:\WINDOWS\SYSTEM32\policymanager.dll
0x00007ff803230000 - 0x00007ff8032bf000 	C:\Windows\System32\msvcp110_win.dll
0x00007fffe21f0000 - 0x00007fffe22e4000 	C:\Windows\System32\MFReadWrite.dll
0x00007fffe33d0000 - 0x00007fffe346f000 	C:\Windows\System32\qedit.dll
0x00007ff8084a0000 - 0x00007ff8085a8000 	C:\WINDOWS\System32\COMDLG32.dll
0x00007ffffbf20000 - 0x00007ffffc0b5000 	C:\WINDOWS\WinSxS\amd64_microsoft.windows.gdiplus_6595b64144ccf1df_1.1.15063.608_none_56f0266b425534e9\gdiplus.dll
0x00007fffdce70000 - 0x00007fffdcf66000 	C:\Windows\System32\DDRAW.dll
0x00007ffffbbf0000 - 0x00007ffffbbf8000 	C:\Windows\System32\DCIMAN32.dll
0x00007ff801420000 - 0x00007ff80142c000 	C:\WINDOWS\SYSTEM32\msyuv.dll
0x0000000075350000 - 0x00000000754e8000 	C:\Program Files\Java\jre1.8.0_111\bin\awt.dll
0x00007ff805060000 - 0x00007ff8050de000 	C:\WINDOWS\SYSTEM32\apphelp.dll
0x0000000075310000 - 0x0000000075341000 	C:\Program Files\Java\jre1.8.0_111\bin\jpeg.dll
0x00000000752c0000 - 0x0000000075307000 	C:\Program Files\Java\jre1.8.0_111\bin\fontmanager.dll
0x00007fffff4a0000 - 0x00007fffff522000 	C:\WINDOWS\System32\TextInputFramework.dll
0x00007fffff070000 - 0x00007fffff342000 	C:\WINDOWS\System32\CoreUIComponents.dll
0x00007ff804830000 - 0x00007ff804913000 	C:\WINDOWS\System32\CoreMessaging.dll
0x00007ff8035d0000 - 0x00007ff803709000 	C:\WINDOWS\SYSTEM32\wintypes.dll
0x00007ff8034a0000 - 0x00007ff8034b5000 	C:\WINDOWS\SYSTEM32\usermgrcli.dll
0x00007ff8065e0000 - 0x00007ff806684000 	C:\WINDOWS\SYSTEM32\DNSAPI.dll
0x0000000077660000 - 0x0000000077686000 	C:\Program Files\Bonjour\mdnsNSP.dll
0x00000000776b0000 - 0x00000000776c9000 	C:\WINDOWS\SYSTEM32\dnssd.dll
0x00007ffff57f0000 - 0x00007ffff57fa000 	C:\Windows\System32\rasadhlp.dll
0x00007ff806bb0000 - 0x00007ff806d59000 	C:\WINDOWS\SYSTEM32\dbghelp.dll

VM Arguments:
jvm_args: -Djava.library.path=C:\Users\finma\Documents\GitHub\TrackerboxReloaded\build\opencv -Dfile.encoding=Cp1252 
java_command: main.java.Main
java_class_path (initial): C:\Users\finma\Documents\GitHub\TrackerboxReloaded\bin;C:\Users\finma\Documents\GitHub\TrackerboxReloaded\build\libs\CameraVision-all.jar;C:\Users\finma\Documents\GitHub\TrackerboxReloaded\build\libs\CameraVision.jar
Launcher Type: SUN_STANDARD

Environment Variables:
JAVA_HOME=C:\Program Files\Java\jdk1.8.0_111\
CLASSPATH=C:\Program Files\Java\jre7\lib\ext\mysql-connector.jar;C:\Program Files\OpenNI\Bin64\org.OpenNI.jar
PATH=C:/Program Files/Java/jre1.8.0_111/bin/server;C:/Program Files/Java/jre1.8.0_111/bin;C:/Program Files/Java/jre1.8.0_111/lib/amd64;C:\ProgramData\Oracle\Java\javapath;C:\Program Files\Java\jdk1.8.0_111\bin;C:\WINDOWS\system32;C:\WINDOWS;C:\WINDOWS\System32\Wbem;C:\WINDOWS\System32\WindowsPowerShell\v1.0\;C:\Program Files (x86)\Windows Live\Shared;C:\Program Files (x86)\Skype\Phone\;C:\Program Files\Git\cmd;C:\Users\finma\Desktop\ant\bin;C:\Gradle\bin;C:\Program Files\Intel\WiFi\bin\;C:\Program Files\Common Files\Intel\WirelessCommon\;C:\Users\finma\Desktop\BackedUpFiles\maven\bin;C:\Program Files\CMake\bin;C:\Program Files (x86)\Windows Kits\8.1\Windows Performance Toolkit\;C:\Program Files\PrimeSense\NITE\bin64;C:\Program Files\PuTTY\;C:\Program Files\OpenNI\Bin64;C:\Program Files\PCL 1.6.0\bin;C:\Program Files (x86)\OpenNI\Bin;C:\Users\finma\AppData\Local\Programs\Python\Python36\Scripts\;C:\Users\finma\AppData\Local\Programs\Python\Python36\;C:\Users\finma\AppData\Local\Microsoft\WindowsApps;;C:\WINDOWS\system32;
USERNAME=finma
OS=Windows_NT
PROCESSOR_IDENTIFIER=AMD64 Family 21 Model 101 Stepping 1, AuthenticAMD



---------------  S Y S T E M  ---------------

OS: Windows 10.0 , 64 bit Build 15063 (10.0.15063.296)

CPU:total 4 (4 cores per cpu, 1 threads per core) family 21 model 101 stepping 1, cmov, cx8, fxsr, mmx, sse, sse2, sse3, ssse3, sse4.1, sse4.2, popcnt, avx, avx2, aes, clmul, mmxext, 3dnowpref, lzcnt, sse4a, tsc, tscinvbit, tscinv, bmi1

Memory: 4k page, physical 12005684k(6145164k free), swap 15824724k(6904404k free)

vm_info: Java HotSpot(TM) 64-Bit Server VM (25.111-b14) for windows-amd64 JRE (1.8.0_111-b14), built on Sep 22 2016 19:24:05 by "java_re" with MS VC++ 10.0 (VS2010)

time: Sun Jan 14 15:46:03 2018
elapsed time: 100 seconds (0d 0h 1m 40s)

