#
# A fatal error has been detected by the Java Runtime Environment:
#
#  Internal Error (0xc000000d), pid=20864, tid=0x00000000000056fc
#
# JRE version: Java(TM) SE Runtime Environment (8.0_111-b14) (build 1.8.0_111-b14)
# Java VM: Java HotSpot(TM) 64-Bit Server VM (25.111-b14 mixed mode windows-amd64 compressed oops)
# Problematic frame:
# C  [ntdll.dll+0x105a50]
#
# Failed to write core dump. Minidumps are not enabled by default on client versions of Windows
#
# If you would like to submit a bug report, please visit:
#   http://bugreport.java.com/bugreport/crash.jsp
#

---------------  T H R E A D  ---------------

Current thread (0x0000000019128000):  VMThread [stack: 0x000000001a1b0000,0x000000001a2b0000] [id=22268]

siginfo: ExceptionCode=0xc000000d

Registers:
RAX=0x00000000777cd79a, RBX=0x000000001ba52dc0, RCX=0x0000dc313ee5e1ff, RDX=0x00000000777e4e7e
RSP=0x000000001a2aec40, RBP=0x0000000000000000, RSI=0x000000001ba52dc0, RDI=0x000000001ba9a3c0
R8 =0x00000000777e4e7e, R9 =0x000000001a2aeb00, R10=0x00000000777b5695, R11=0x00000000778437e0
R12=0x0000000000000001, R13=0x000000001ba81b70, R14=0x000000001ba69920, R15=0x00000000ffffffff
RIP=0x00007ff80af05a50, EFLAGS=0x0000000000000206

Top of Stack: (sp=0x000000001a2aec40)
0x000000001a2aec40:   0000000000000057 000000001ba52dc0
0x000000001a2aec50:   000000001ba52dc0 000000001ba9a3c0
0x000000001a2aec60:   00000000c000000d 0000000000000000
0x000000001a2aec70:   00007ff80af05a50 0000000000000000
0x000000001a2aec80:   0000000000000000 0000000000000000
0x000000001a2aec90:   0000000000000000 0000000000000000
0x000000001a2aeca0:   0000000000000000 0000000000000000
0x000000001a2aecb0:   0000000000000000 0000000000000000
0x000000001a2aecc0:   0000000000000000 0000000000000000
0x000000001a2aecd0:   0000000000000000 0000000000000000
0x000000001a2aece0:   0000000000000000 0000000000000000
0x000000001a2aecf0:   0000000000000000 00007ff80ae3805a
0x000000001a2aed00:   0000dc313ee5eb3f 000000001ba9a3c0
0x000000001a2aed10:   000000001ba52dc0 00007ffff9a9577d
0x000000001a2aed20:   000000001ba9a3c0 000000001ba52dc0
0x000000001a2aed30:   0000000000000000 000000001a2aee68 

Instructions: (pc=0x00007ff80af05a50)
0x00007ff80af05a30:   64 fa ff c7 44 24 20 0d 00 00 c0 b9 57 00 00 00
0x00007ff80af05a40:   e8 eb 4b f5 ff 90 48 8d 4c 24 20 e8 f0 fa f0 ff
0x00007ff80af05a50:   eb 00 48 8b 8c 24 c0 00 00 00 48 33 cc e8 1e 05
0x00007ff80af05a60:   f9 ff 48 81 c4 d8 00 00 00 c3 40 55 48 83 ec 20 


Register to memory mapping:

RAX=0x00000000777cd79a is an unknown value
RBX=0x000000001ba52dc0 is an unknown value
RCX=0x0000dc313ee5e1ff is an unknown value
RDX=0x00000000777e4e7e is an unknown value
RSP=0x000000001a2aec40 is an unknown value
RBP=0x0000000000000000 is an unknown value
RSI=0x000000001ba52dc0 is an unknown value
RDI=0x000000001ba9a3c0 is an unknown value
R8 =0x00000000777e4e7e is an unknown value
R9 =0x000000001a2aeb00 is an unknown value
R10=0x00000000777b5695 is an unknown value
R11=0x00000000778437e0 is an unknown value
R12=0x0000000000000001 is an unknown value
R13=0x000000001ba81b70 is an unknown value
R14=0x000000001ba69920 is an unknown value
R15=0x00000000ffffffff is an unknown value


Stack: [0x000000001a1b0000,0x000000001a2b0000],  sp=0x000000001a2aec40,  free space=1019k
Native frames: (J=compiled Java code, j=interpreted, Vv=VM code, C=native code)

VM_Operation (0x00000000212cd0c0): Exit, mode: safepoint, requested by thread 0x000000001fc01800


---------------  P R O C E S S  ---------------

Java Threads: ( => current thread )
  0x000000001fc27800 JavaThread "Thread-3" [_thread_blocked, id=8448, stack(0x00000000214d0000,0x00000000215d0000)]
  0x000000001fc01800 JavaThread "AWT-EventQueue-0" [_thread_blocked, id=12692, stack(0x00000000211d0000,0x00000000212d0000)]
  0x000000001fbf8800 JavaThread "AWT-Shutdown" [_thread_blocked, id=17304, stack(0x00000000204c0000,0x00000000205c0000)]
  0x000000001fbed800 JavaThread "Java2D Disposer" daemon [_thread_blocked, id=19652, stack(0x00000000203c0000,0x00000000204c0000)]
  0x000000001abc0800 JavaThread "Service Thread" daemon [_thread_blocked, id=8392, stack(0x000000001afa0000,0x000000001b0a0000)]
  0x0000000019164000 JavaThread "C1 CompilerThread2" daemon [_thread_blocked, id=16832, stack(0x000000001aaa0000,0x000000001aba0000)]
  0x0000000019160000 JavaThread "C2 CompilerThread1" daemon [_thread_blocked, id=18380, stack(0x000000001a9a0000,0x000000001aaa0000)]
  0x000000001915d000 JavaThread "C2 CompilerThread0" daemon [_thread_blocked, id=12340, stack(0x000000001a8a0000,0x000000001a9a0000)]
  0x000000001915c800 JavaThread "Attach Listener" daemon [_thread_blocked, id=13540, stack(0x000000001a7a0000,0x000000001a8a0000)]
  0x000000001914a800 JavaThread "Finalizer" daemon [_thread_blocked, id=16812, stack(0x000000001a3b0000,0x000000001a4b0000)]
  0x00000000024ef000 JavaThread "Reference Handler" daemon [_thread_blocked, id=20708, stack(0x000000001a2b0000,0x000000001a3b0000)]
  0x000000000227d800 JavaThread "main" [_thread_blocked, id=20716, stack(0x0000000002300000,0x0000000002400000)]

Other Threads:
=>0x0000000019128000 VMThread [stack: 0x000000001a1b0000,0x000000001a2b0000] [id=22268]

VM state:at safepoint (shutting down)

VM Mutex/Monitor currently owned by a thread:  ([mutex/lock_event])
[0x000000000227c920] Threads_lock - owner thread: 0x0000000019128000

Heap:
 PSYoungGen      total 54784K, used 51229K [0x0000000782f00000, 0x0000000786c00000, 0x00000007c0000000)
  eden space 47104K, 92% used [0x0000000782f00000,0x0000000785989ce0,0x0000000785d00000)
  from space 7680K, 99% used [0x0000000785d00000,0x000000078647d7b0,0x0000000786480000)
  to   space 7680K, 0% used [0x0000000786480000,0x0000000786480000,0x0000000786c00000)
 ParOldGen       total 125952K, used 384K [0x0000000708c00000, 0x0000000710700000, 0x0000000782f00000)
  object space 125952K, 0% used [0x0000000708c00000,0x0000000708c60000,0x0000000710700000)
 Metaspace       used 10247K, capacity 10420K, committed 10496K, reserved 1058816K
  class space    used 1201K, capacity 1259K, committed 1280K, reserved 1048576K

Card table byte_map: [0x00000000118c0000,0x0000000011e80000] byte_map_base: 0x000000000e07a000

Marking Bits: (ParMarkBitMap*) 0x00000000773ea6c0
 Begin Bits: [0x0000000012660000, 0x0000000015430000)
 End Bits:   [0x0000000015430000, 0x0000000018200000)

Polling page: 0x0000000002210000

CodeCache: size=245760Kb used=2947Kb max_used=2953Kb free=242812Kb
 bounds [0x0000000002500000, 0x00000000027f0000, 0x0000000011500000]
 total_blobs=1503 nmethods=843 adapters=574
 compilation: enabled

Compilation events (10 events):
Event: 4.487 Thread 0x000000001915d000 nmethod 838 0x00000000027e0a50 code [0x00000000027e0be0, 0x00000000027e1128]
Event: 4.497 Thread 0x0000000019164000  839   !   3       com.sun.imageio.plugins.jpeg.JPEGImageReader::readInputData (43 bytes)
Event: 4.497 Thread 0x0000000019164000 nmethod 839 0x00000000027e0050 code [0x00000000027e0200, 0x00000000027e0728]
Event: 4.506 Thread 0x0000000019164000  840       3       sun.java2d.pipe.DrawImage::copyImage (105 bytes)
Event: 4.507 Thread 0x0000000019164000 nmethod 840 0x00000000027e2b90 code [0x00000000027e2d60, 0x00000000027e3598]
Event: 4.507 Thread 0x0000000019160000 nmethod 837 0x00000000027e3890 code [0x00000000027e3aa0, 0x00000000027e45a0]
Event: 4.513 Thread 0x0000000019164000  841       3       sun.java2d.pipe.DrawImage::copyImage (74 bytes)
Event: 4.514 Thread 0x0000000019164000 nmethod 841 0x00000000027e2390 code [0x00000000027e2520, 0x00000000027e2a18]
Event: 4.655 Thread 0x0000000019164000  843       3       java.util.AbstractCollection::isEmpty (13 bytes)
Event: 4.655 Thread 0x0000000019164000 nmethod 843 0x00000000027e1b50 code [0x00000000027e1cc0, 0x00000000027e1f28]

GC Heap History (2 events):
Event: 3.683 GC heap before
{Heap before GC invocations=1 (full 0):
 PSYoungGen      total 54784K, used 47104K [0x0000000782f00000, 0x0000000786c00000, 0x00000007c0000000)
  eden space 47104K, 100% used [0x0000000782f00000,0x0000000785d00000,0x0000000785d00000)
  from space 7680K, 0% used [0x0000000786480000,0x0000000786480000,0x0000000786c00000)
  to   space 7680K, 0% used [0x0000000785d00000,0x0000000785d00000,0x0000000786480000)
 ParOldGen       total 125952K, used 0K [0x0000000708c00000, 0x0000000710700000, 0x0000000782f00000)
  object space 125952K, 0% used [0x0000000708c00000,0x0000000708c00000,0x0000000710700000)
 Metaspace       used 10165K, capacity 10356K, committed 10496K, reserved 1058816K
  class space    used 1196K, capacity 1259K, committed 1280K, reserved 1048576K
Event: 3.699 GC heap after
Heap after GC invocations=1 (full 0):
 PSYoungGen      total 54784K, used 7669K [0x0000000782f00000, 0x0000000786c00000, 0x00000007c0000000)
  eden space 47104K, 0% used [0x0000000782f00000,0x0000000782f00000,0x0000000785d00000)
  from space 7680K, 99% used [0x0000000785d00000,0x000000078647d7b0,0x0000000786480000)
  to   space 7680K, 0% used [0x0000000786480000,0x0000000786480000,0x0000000786c00000)
 ParOldGen       total 125952K, used 384K [0x0000000708c00000, 0x0000000710700000, 0x0000000782f00000)
  object space 125952K, 0% used [0x0000000708c00000,0x0000000708c60000,0x0000000710700000)
 Metaspace       used 10165K, capacity 10356K, committed 10496K, reserved 1058816K
  class space    used 1196K, capacity 1259K, committed 1280K, reserved 1048576K
}

Deoptimization events (8 events):
Event: 3.716 Thread 0x00000000024ef000 Uncommon trap: reason=unstable_if action=reinterpret pc=0x00000000027a8374 method=java.lang.ref.ReferenceQueue.enqueue(Ljava/lang/ref/Reference;)Z @ 61
Event: 3.717 Thread 0x00000000024ef000 Uncommon trap: reason=class_check action=maybe_recompile pc=0x00000000027aa2d0 method=java.lang.ref.ReferenceQueue.enqueue(Ljava/lang/ref/Reference;)Z @ 91
Event: 3.717 Thread 0x00000000024ef000 Uncommon trap: reason=class_check action=maybe_recompile pc=0x00000000027aa2d0 method=java.lang.ref.ReferenceQueue.enqueue(Ljava/lang/ref/Reference;)Z @ 91
Event: 3.717 Thread 0x00000000024ef000 Uncommon trap: reason=class_check action=maybe_recompile pc=0x00000000027aa2d0 method=java.lang.ref.ReferenceQueue.enqueue(Ljava/lang/ref/Reference;)Z @ 91
Event: 3.717 Thread 0x00000000024ef000 Uncommon trap: reason=class_check action=maybe_recompile pc=0x00000000027aa2d0 method=java.lang.ref.ReferenceQueue.enqueue(Ljava/lang/ref/Reference;)Z @ 91
Event: 3.744 Thread 0x000000001914a800 Uncommon trap: reason=unstable_if action=reinterpret pc=0x00000000027ab3f4 method=java.lang.ref.ReferenceQueue.reallyPoll()Ljava/lang/ref/Reference; @ 15
Event: 3.745 Thread 0x000000001914a800 Uncommon trap: reason=unstable_if action=reinterpret pc=0x00000000027a8d28 method=java.lang.ref.ReferenceQueue.remove(J)Ljava/lang/ref/Reference; @ 31
Event: 3.772 Thread 0x000000001fbed800 Uncommon trap: reason=unstable_if action=reinterpret pc=0x00000000027a6efc method=java.lang.ref.ReferenceQueue.reallyPoll()Ljava/lang/ref/Reference; @ 15

Internal exceptions (10 events):
Event: 0.050 Thread 0x000000000227d800 Exception <a 'java/lang/NoSuchMethodError': Method sun.misc.Unsafe.prefetchRead(Ljava/lang/Object;J)V name or signature does not match> (0x0000000782f07f60) thrown at [C:\re\workspace\8-2-build-windows-amd64-cygwin\jdk8u111\7883\hotspot\src\share\vm\prims
Event: 0.209 Thread 0x000000000227d800 Exception <a 'java/security/PrivilegedActionException'> (0x00000007830e0ee0) thrown at [C:\re\workspace\8-2-build-windows-amd64-cygwin\jdk8u111\7883\hotspot\src\share\vm\prims\jvm.cpp, line 1386]
Event: 0.209 Thread 0x000000000227d800 Exception <a 'java/security/PrivilegedActionException'> (0x00000007830e10f0) thrown at [C:\re\workspace\8-2-build-windows-amd64-cygwin\jdk8u111\7883\hotspot\src\share\vm\prims\jvm.cpp, line 1386]
Event: 0.210 Thread 0x000000000227d800 Exception <a 'java/security/PrivilegedActionException'> (0x00000007830e4d38) thrown at [C:\re\workspace\8-2-build-windows-amd64-cygwin\jdk8u111\7883\hotspot\src\share\vm\prims\jvm.cpp, line 1386]
Event: 0.210 Thread 0x000000000227d800 Exception <a 'java/security/PrivilegedActionException'> (0x00000007830e4f48) thrown at [C:\re\workspace\8-2-build-windows-amd64-cygwin\jdk8u111\7883\hotspot\src\share\vm\prims\jvm.cpp, line 1386]
Event: 2.228 Thread 0x000000000227d800 Exception <a 'java/io/FileNotFoundException'> (0x0000000783293288) thrown at [C:\re\workspace\8-2-build-windows-amd64-cygwin\jdk8u111\7883\hotspot\src\share\vm\prims\jni.cpp, line 709]
Event: 2.304 Thread 0x000000000227d800 Exception <a 'java/lang/NoSuchFieldError': method resolution failed> (0x0000000783360860) thrown at [C:\re\workspace\8-2-build-windows-amd64-cygwin\jdk8u111\7883\hotspot\src\share\vm\prims\methodHandles.cpp, line 1146]
Event: 2.307 Thread 0x000000000227d800 Exception <a 'java/lang/NoSuchFieldError': method resolution failed> (0x000000078336dc00) thrown at [C:\re\workspace\8-2-build-windows-amd64-cygwin\jdk8u111\7883\hotspot\src\share\vm\prims\methodHandles.cpp, line 1146]
Event: 2.476 Thread 0x000000000227d800 Exception <a 'java/io/FileNotFoundException'> (0x0000000783607470) thrown at [C:\re\workspace\8-2-build-windows-amd64-cygwin\jdk8u111\7883\hotspot\src\share\vm\prims\jni.cpp, line 709]
Event: 3.745 Thread 0x000000001914a800 Implicit null exception at 0x00000000027a8a7c to 0x00000000027a8cfd

Events (10 events):
Event: 4.583 loading class java/util/WeakHashMap$HashIterator
Event: 4.583 loading class java/util/WeakHashMap$HashIterator done
Event: 4.583 loading class java/util/WeakHashMap$KeyIterator done
Event: 4.583 loading class sun/java2d/pipe/hw/AccelDeviceEventNotifier
Event: 4.583 Thread 0x000000001fcf1000 Thread exited: 0x000000001fcf1000
Event: 4.583 loading class sun/java2d/pipe/hw/AccelDeviceEventNotifier done
Event: 4.635 Thread 0x000000001fbfb800 Thread exited: 0x000000001fbfb800
Event: 4.683 Thread 0x000000001fcf1800 Thread exited: 0x000000001fcf1800
Event: 4.688 Thread 0x0000000019166800 Thread exited: 0x0000000019166800
Event: 4.688 Executing VM operation: Exit


Dynamic libraries:
0x00007ff6bf9a0000 - 0x00007ff6bf9d7000 	C:\Program Files\Java\jre1.8.0_111\bin\javaw.exe
0x00007ff80ae00000 - 0x00007ff80afdb000 	C:\WINDOWS\SYSTEM32\ntdll.dll
0x00007ff8088a0000 - 0x00007ff80894e000 	C:\WINDOWS\System32\KERNEL32.DLL
0x00007ff807320000 - 0x00007ff807569000 	C:\WINDOWS\System32\KERNELBASE.dll
0x00007ff8083c0000 - 0x00007ff808461000 	C:\WINDOWS\System32\ADVAPI32.dll
0x00007ff8085b0000 - 0x00007ff80864d000 	C:\WINDOWS\System32\msvcrt.dll
0x00007ff808cf0000 - 0x00007ff808d49000 	C:\WINDOWS\System32\sechost.dll
0x00007ff8086c0000 - 0x00007ff8087e5000 	C:\WINDOWS\System32\RPCRT4.dll
0x00007ff808950000 - 0x00007ff808a9a000 	C:\WINDOWS\System32\USER32.dll
0x00007ff8082f0000 - 0x00007ff80830e000 	C:\WINDOWS\System32\win32u.dll
0x00007ff8087f0000 - 0x00007ff808817000 	C:\WINDOWS\System32\GDI32.dll
0x00007ff807820000 - 0x00007ff8079a7000 	C:\WINDOWS\System32\gdi32full.dll
0x00007ff8075d0000 - 0x00007ff80766a000 	C:\WINDOWS\System32\msvcp_win.dll
0x00007ff807670000 - 0x00007ff807766000 	C:\WINDOWS\System32\ucrtbase.dll
0x00007ffffbcb0000 - 0x00007ffffbf17000 	C:\WINDOWS\WinSxS\amd64_microsoft.windows.common-controls_6595b64144ccf1df_6.0.15063.483_none_26002d27e7c744a2\COMCTL32.dll
0x00007ff808f20000 - 0x00007ff809219000 	C:\WINDOWS\System32\combase.dll
0x00007ff8079b0000 - 0x00007ff807a1a000 	C:\WINDOWS\System32\bcryptPrimitives.dll
0x00007ff808470000 - 0x00007ff80849d000 	C:\WINDOWS\System32\IMM32.DLL
0x0000000077790000 - 0x0000000077862000 	C:\Program Files\Java\jre1.8.0_111\bin\msvcr100.dll
0x0000000076bd0000 - 0x000000007746a000 	C:\Program Files\Java\jre1.8.0_111\bin\server\jvm.dll
0x00007ff808aa0000 - 0x00007ff808aa8000 	C:\WINDOWS\System32\PSAPI.DLL
0x00007ffff7e50000 - 0x00007ffff7e59000 	C:\WINDOWS\SYSTEM32\WSOCK32.dll
0x00007ff804e30000 - 0x00007ff804e53000 	C:\WINDOWS\SYSTEM32\WINMM.dll
0x00007ff805740000 - 0x00007ff80574a000 	C:\WINDOWS\SYSTEM32\VERSION.dll
0x00007ff808c80000 - 0x00007ff808cec000 	C:\WINDOWS\System32\WS2_32.dll
0x00007ff804cd0000 - 0x00007ff804cfb000 	C:\WINDOWS\SYSTEM32\winmmbase.dll
0x00007ff808310000 - 0x00007ff808359000 	C:\WINDOWS\System32\cfgmgr32.dll
0x0000000076bc0000 - 0x0000000076bcf000 	C:\Program Files\Java\jre1.8.0_111\bin\verify.dll
0x0000000076b90000 - 0x0000000076bb9000 	C:\Program Files\Java\jre1.8.0_111\bin\java.dll
0x0000000076b70000 - 0x0000000076b86000 	C:\Program Files\Java\jre1.8.0_111\bin\zip.dll
0x00007ff8097d0000 - 0x00007ff80ac07000 	C:\WINDOWS\System32\SHELL32.dll
0x00007ff808ab0000 - 0x00007ff808b5a000 	C:\WINDOWS\System32\shcore.dll
0x00007ff807a20000 - 0x00007ff808111000 	C:\WINDOWS\System32\windows.storage.dll
0x00007ff808360000 - 0x00007ff8083b1000 	C:\WINDOWS\System32\shlwapi.dll
0x00007ff8072e0000 - 0x00007ff8072f1000 	C:\WINDOWS\System32\kernel.appcore.dll
0x00007ff807290000 - 0x00007ff8072dc000 	C:\WINDOWS\System32\powrprof.dll
0x00007ff807300000 - 0x00007ff807315000 	C:\WINDOWS\System32\profapi.dll
0x00007fffd91c0000 - 0x00007fffd9b06000 	C:\Users\finma\Documents\GitHub\TrackerboxReloaded\build\opencv\opencv_java310.dll
0x00007ff80ac10000 - 0x00007ff80ad55000 	C:\WINDOWS\System32\ole32.dll
0x00007ff808b60000 - 0x00007ff808c20000 	C:\WINDOWS\System32\OLEAUT32.dll
0x00007ffff4ba0000 - 0x00007ffff4bc9000 	C:\WINDOWS\SYSTEM32\MSVFW32.dll
0x00007ffffb140000 - 0x00007ffffb158000 	C:\WINDOWS\SYSTEM32\AVICAP32.dll
0x00007ffffd8a0000 - 0x00007ffffd8bf000 	C:\WINDOWS\SYSTEM32\AVIFIL32.dll
0x00007ffff9450000 - 0x00007ffff946c000 	C:\WINDOWS\SYSTEM32\MSACM32.dll
0x00007ff806dd0000 - 0x00007ff806de7000 	C:\WINDOWS\SYSTEM32\CRYPTSP.dll
0x00007ff806410000 - 0x00007ff806444000 	C:\WINDOWS\system32\rsaenh.dll
0x00007ff807140000 - 0x00007ff807165000 	C:\WINDOWS\SYSTEM32\bcrypt.dll
0x00007ff807170000 - 0x00007ff807199000 	C:\WINDOWS\SYSTEM32\USERENV.dll
0x00007ff806990000 - 0x00007ff80699b000 	C:\WINDOWS\SYSTEM32\CRYPTBASE.dll
0x0000000076b50000 - 0x0000000076b6a000 	C:\Program Files\Java\jre1.8.0_111\bin\net.dll
0x00007ff8067f0000 - 0x00007ff80684c000 	C:\WINDOWS\system32\mswsock.dll
0x00007ff806590000 - 0x00007ff8065c7000 	C:\WINDOWS\SYSTEM32\IPHLPAPI.DLL
0x00007ff8086b0000 - 0x00007ff8086b8000 	C:\WINDOWS\System32\NSI.dll
0x00007ffffef70000 - 0x00007ffffef86000 	C:\WINDOWS\SYSTEM32\dhcpcsvc6.DLL
0x00007fffff000000 - 0x00007fffff01a000 	C:\WINDOWS\SYSTEM32\dhcpcsvc.DLL
0x0000000076b30000 - 0x0000000076b41000 	C:\Program Files\Java\jre1.8.0_111\bin\nio.dll
0x00007fffe67b0000 - 0x00007fffe6899000 	C:\Users\finma\AppData\Local\Temp\NetworkTablesJNI6577703431926587058.dll
0x00007fffdbdf0000 - 0x00007fffdc0dc000 	C:\Users\finma\AppData\Local\Temp\CameraServerJNI6283145414459086061.dll
0x00007ff805180000 - 0x00007ff805215000 	C:\WINDOWS\system32\uxtheme.dll
0x00007ff80ad60000 - 0x00007ff80adfe000 	C:\WINDOWS\System32\clbcatq.dll
0x00007ffffb090000 - 0x00007ffffb0a7000 	C:\Windows\System32\devenum.dll
0x00007ff809390000 - 0x00007ff8097cb000 	C:\WINDOWS\System32\setupapi.dll
0x00007ff8060f0000 - 0x00007ff806121000 	C:\WINDOWS\SYSTEM32\ntmarta.dll
0x00007ff8053c0000 - 0x00007ff8053e8000 	C:\WINDOWS\SYSTEM32\DEVOBJ.dll
0x00007ff807570000 - 0x00007ff8075c6000 	C:\WINDOWS\System32\WINTRUST.dll
0x00007ff807270000 - 0x00007ff807281000 	C:\WINDOWS\System32\MSASN1.dll
0x00007ff808120000 - 0x00007ff8082e9000 	C:\WINDOWS\System32\CRYPT32.dll
0x00007ff8016a0000 - 0x00007ff8016ab000 	C:\WINDOWS\SYSTEM32\msdmo.dll
0x00007fffeeb40000 - 0x00007fffeeb72000 	C:\Windows\System32\qcap.dll
0x00007fffe4a50000 - 0x00007fffe4c0c000 	C:\Windows\System32\quartz.dll
0x00007ff809220000 - 0x00007ff809386000 	C:\WINDOWS\System32\MSCTF.dll
0x00007ff803560000 - 0x00007ff80358a000 	C:\WINDOWS\system32\dwmapi.dll
0x00007fffee700000 - 0x00007fffee74d000 	C:\Windows\System32\mfksproxy.dll
0x00007ffff3c90000 - 0x00007ffff3cac000 	C:\Windows\System32\ATL.DLL
0x00007fffef4c0000 - 0x00007fffef4f2000 	C:\Windows\System32\MFSENSORGROUP.dll
0x00007ffff98f0000 - 0x00007ffff9a90000 	C:\Windows\System32\MFPlat.DLL
0x00007ffff9a90000 - 0x00007ffff9ac2000 	C:\Windows\System32\RTWorkQ.DLL
0x00007fffca300000 - 0x00007fffca778000 	C:\Windows\System32\MFCORE.dll
0x00007ffff4a30000 - 0x00007ffff4a39000 	C:\Windows\System32\ksuser.dll
0x00007fffedee0000 - 0x00007fffedf2a000 	C:\Windows\System32\FSClient.dll
0x00007ff805880000 - 0x00007ff805924000 	C:\Windows\System32\dxgi.dll
0x00007ff804520000 - 0x00007ff8047ff000 	C:\Windows\System32\d3d11.dll
0x00007ff8026b0000 - 0x00007ff8026bb000 	C:\Windows\System32\AVRT.dll
0x00007ff803a00000 - 0x00007ff803a0c000 	C:\Windows\System32\vidcap.ax
0x00007ffff4b40000 - 0x00007ffff4b66000 	C:\Windows\System32\kswdmcap.ax
0x00007fffe24c0000 - 0x00007fffe2624000 	C:\Windows\System32\MFC42.dll
0x00007ff803400000 - 0x00007ff803477000 	C:\WINDOWS\SYSTEM32\policymanager.dll
0x00007ff803230000 - 0x00007ff8032bf000 	C:\Windows\System32\msvcp110_win.dll
0x00007fffe42f0000 - 0x00007fffe43e4000 	C:\Windows\System32\MFReadWrite.dll
0x00007fffe2250000 - 0x00007fffe22ef000 	C:\Windows\System32\qedit.dll
0x00007ff8084a0000 - 0x00007ff8085a8000 	C:\WINDOWS\System32\COMDLG32.dll
0x00007ffffbf20000 - 0x00007ffffc0b5000 	C:\WINDOWS\WinSxS\amd64_microsoft.windows.gdiplus_6595b64144ccf1df_1.1.15063.608_none_56f0266b425534e9\gdiplus.dll
0x00007fffdce70000 - 0x00007fffdcf66000 	C:\Windows\System32\DDRAW.dll
0x00007ffffbbf0000 - 0x00007ffffbbf8000 	C:\Windows\System32\DCIMAN32.dll
0x00007ff801420000 - 0x00007ff80142c000 	C:\WINDOWS\SYSTEM32\msyuv.dll
0x0000000075eb0000 - 0x0000000076048000 	C:\Program Files\Java\jre1.8.0_111\bin\awt.dll
0x00007ff805060000 - 0x00007ff8050de000 	C:\WINDOWS\SYSTEM32\apphelp.dll
0x0000000077750000 - 0x0000000077781000 	C:\Program Files\Java\jre1.8.0_111\bin\jpeg.dll
0x0000000077700000 - 0x0000000077747000 	C:\Program Files\Java\jre1.8.0_111\bin\fontmanager.dll
0x00007fffff4a0000 - 0x00007fffff522000 	C:\WINDOWS\System32\TextInputFramework.dll
0x00007ff804830000 - 0x00007ff804913000 	C:\WINDOWS\System32\CoreMessaging.dll
0x00007fffff070000 - 0x00007fffff342000 	C:\WINDOWS\System32\CoreUIComponents.dll
0x00007ff8035d0000 - 0x00007ff803709000 	C:\WINDOWS\SYSTEM32\wintypes.dll
0x00007ff8034a0000 - 0x00007ff8034b5000 	C:\WINDOWS\SYSTEM32\usermgrcli.dll
0x00007ff8065e0000 - 0x00007ff806684000 	C:\WINDOWS\SYSTEM32\DNSAPI.dll
0x0000000077660000 - 0x0000000077686000 	C:\Program Files\Bonjour\mdnsNSP.dll
0x00000000776b0000 - 0x00000000776c9000 	C:\WINDOWS\SYSTEM32\dnssd.dll
0x00007ff806bb0000 - 0x00007ff806d59000 	C:\WINDOWS\SYSTEM32\dbghelp.dll

VM Arguments:
jvm_args: -Djava.library.path=C:\Users\finma\Documents\GitHub\TrackerboxReloaded\build\opencv -Dfile.encoding=Cp1252 
java_command: main.java.Main
java_class_path (initial): C:\Users\finma\Documents\GitHub\TrackerboxReloaded\bin;C:\Users\finma\Documents\GitHub\TrackerboxReloaded\build\libs\CameraVision-all.jar;C:\Users\finma\Documents\GitHub\TrackerboxReloaded\build\libs\CameraVision.jar
Launcher Type: SUN_STANDARD

Environment Variables:
JAVA_HOME=C:\Program Files\Java\jdk1.8.0_111\
CLASSPATH=C:\Program Files\Java\jre7\lib\ext\mysql-connector.jar;C:\Program Files\OpenNI\Bin64\org.OpenNI.jar
PATH=C:/Program Files/Java/jre1.8.0_111/bin/server;C:/Program Files/Java/jre1.8.0_111/bin;C:/Program Files/Java/jre1.8.0_111/lib/amd64;C:\ProgramData\Oracle\Java\javapath;C:\Program Files\Java\jdk1.8.0_111\bin;C:\WINDOWS\system32;C:\WINDOWS;C:\WINDOWS\System32\Wbem;C:\WINDOWS\System32\WindowsPowerShell\v1.0\;C:\Program Files (x86)\Windows Live\Shared;C:\Program Files (x86)\Skype\Phone\;C:\Program Files\Git\cmd;C:\Users\finma\Desktop\ant\bin;C:\Gradle\bin;C:\Program Files\Intel\WiFi\bin\;C:\Program Files\Common Files\Intel\WirelessCommon\;C:\Users\finma\Desktop\BackedUpFiles\maven\bin;C:\Program Files\CMake\bin;C:\Program Files (x86)\Windows Kits\8.1\Windows Performance Toolkit\;C:\Program Files\PrimeSense\NITE\bin64;C:\Program Files\PuTTY\;C:\Program Files\OpenNI\Bin64;C:\Program Files\PCL 1.6.0\bin;C:\Program Files (x86)\OpenNI\Bin;C:\Users\finma\AppData\Local\Programs\Python\Python36\Scripts\;C:\Users\finma\AppData\Local\Programs\Python\Python36\;C:\Users\finma\AppData\Local\Microsoft\WindowsApps;;C:\WINDOWS\system32;
USERNAME=finma
OS=Windows_NT
PROCESSOR_IDENTIFIER=AMD64 Family 21 Model 101 Stepping 1, AuthenticAMD



---------------  S Y S T E M  ---------------

OS: Windows 10.0 , 64 bit Build 15063 (10.0.15063.296)

CPU:total 4 (4 cores per cpu, 1 threads per core) family 21 model 101 stepping 1, cmov, cx8, fxsr, mmx, sse, sse2, sse3, ssse3, sse4.1, sse4.2, popcnt, avx, avx2, aes, clmul, mmxext, 3dnowpref, lzcnt, sse4a, tsc, tscinvbit, tscinv, bmi1

Memory: 4k page, physical 12005684k(6212844k free), swap 15824724k(7001464k free)

vm_info: Java HotSpot(TM) 64-Bit Server VM (25.111-b14) for windows-amd64 JRE (1.8.0_111-b14), built on Sep 22 2016 19:24:05 by "java_re" with MS VC++ 10.0 (VS2010)

time: Sun Jan 14 16:02:38 2018
elapsed time: 6 seconds (0d 0h 0m 6s)

