#
# A fatal error has been detected by the Java Runtime Environment:
#
#  Internal Error (0xc000000d), pid=5460, tid=0x00000000000040b0
#
# JRE version: Java(TM) SE Runtime Environment (8.0_111-b14) (build 1.8.0_111-b14)
# Java VM: Java HotSpot(TM) 64-Bit Server VM (25.111-b14 mixed mode windows-amd64 compressed oops)
# Problematic frame:
# C  [ntdll.dll+0x105a50]
#
# Failed to write core dump. Minidumps are not enabled by default on client versions of Windows
#
# If you would like to submit a bug report, please visit:
#   http://bugreport.java.com/bugreport/crash.jsp
#

---------------  T H R E A D  ---------------

Current thread (0x0000000018fe8000):  VMThread [stack: 0x000000001a080000,0x000000001a180000] [id=16560]

siginfo: ExceptionCode=0xc000000d

Registers:
RAX=0x000000007552d79a, RBX=0x000000001ba81920, RCX=0x00003691e4c768e3, RDX=0x0000000075544e7e
RSP=0x000000001a17eb70, RBP=0x0000000000000000, RSI=0x000000001ba81920, RDI=0x000000001bac98d0
R8 =0x0000000075544e7e, R9 =0x000000001a17ea30, R10=0x0000000075515695, R11=0x00000000755a37e0
R12=0x0000000000000001, R13=0x000000001bab1b70, R14=0x000000001ba99920, R15=0x00000000ffffffff
RIP=0x00007ff80af05a50, EFLAGS=0x0000000000000202

Top of Stack: (sp=0x000000001a17eb70)
0x000000001a17eb70:   0000000000000057 000000001ba81920
0x000000001a17eb80:   000000001ba81920 000000001bac98d0
0x000000001a17eb90:   00000000c000000d 0000000000000000
0x000000001a17eba0:   00007ff80af05a50 0000000000000000
0x000000001a17ebb0:   0000000000000000 0000000000000000
0x000000001a17ebc0:   0000000000000000 0000000000000000
0x000000001a17ebd0:   0000000000000000 0000000000000000
0x000000001a17ebe0:   0000000000000000 0000000000000000
0x000000001a17ebf0:   0000000000000000 0000000000000000
0x000000001a17ec00:   0000000000000000 0000000000000000
0x000000001a17ec10:   0000000000000000 0000000000000000
0x000000001a17ec20:   0000000000000000 0000000000000000
0x000000001a17ec30:   00003691e4c76623 000000001bac98d0
0x000000001a17ec40:   000000001ba81920 00007ffff9a9577d
0x000000001a17ec50:   000000001bac98d0 000000001ba81920
0x000000001a17ec60:   0000000000000000 000000001a17ed98 

Instructions: (pc=0x00007ff80af05a50)
0x00007ff80af05a30:   64 fa ff c7 44 24 20 0d 00 00 c0 b9 57 00 00 00
0x00007ff80af05a40:   e8 eb 4b f5 ff 90 48 8d 4c 24 20 e8 f0 fa f0 ff
0x00007ff80af05a50:   eb 00 48 8b 8c 24 c0 00 00 00 48 33 cc e8 1e 05
0x00007ff80af05a60:   f9 ff 48 81 c4 d8 00 00 00 c3 40 55 48 83 ec 20 


Register to memory mapping:

RAX=0x000000007552d79a is an unknown value
RBX=0x000000001ba81920 is an unknown value
RCX=0x00003691e4c768e3 is an unknown value
RDX=0x0000000075544e7e is an unknown value
RSP=0x000000001a17eb70 is an unknown value
RBP=0x0000000000000000 is an unknown value
RSI=0x000000001ba81920 is an unknown value
RDI=0x000000001bac98d0 is an unknown value
R8 =0x0000000075544e7e is an unknown value
R9 =0x000000001a17ea30 is an unknown value
R10=0x0000000075515695 is an unknown value
R11=0x00000000755a37e0 is an unknown value
R12=0x0000000000000001 is an unknown value
R13=0x000000001bab1b70 is an unknown value
R14=0x000000001ba99920 is an unknown value
R15=0x00000000ffffffff is an unknown value


Stack: [0x000000001a080000,0x000000001a180000],  sp=0x000000001a17eb70,  free space=1018k
Native frames: (J=compiled Java code, j=interpreted, Vv=VM code, C=native code)

VM_Operation (0x000000002124d2a0): Exit, mode: safepoint, requested by thread 0x000000001fba3000


---------------  P R O C E S S  ---------------

Java Threads: ( => current thread )
  0x000000001fbdd800 JavaThread "Thread-3" [_thread_blocked, id=14092, stack(0x0000000021450000,0x0000000021550000)]
  0x000000001fba3000 JavaThread "AWT-EventQueue-0" [_thread_blocked, id=16644, stack(0x0000000021150000,0x0000000021250000)]
  0x000000001ae5f000 JavaThread "AWT-Shutdown" [_thread_blocked, id=12244, stack(0x0000000020440000,0x0000000020540000)]
  0x000000001ae5c000 JavaThread "Java2D Disposer" daemon [_thread_blocked, id=2336, stack(0x0000000020340000,0x0000000020440000)]
  0x000000001aa91000 JavaThread "Service Thread" daemon [_thread_blocked, id=17340, stack(0x000000001ae70000,0x000000001af70000)]
  0x0000000019036800 JavaThread "C1 CompilerThread2" daemon [_thread_blocked, id=13104, stack(0x000000001a970000,0x000000001aa70000)]
  0x0000000019026000 JavaThread "C2 CompilerThread1" daemon [_thread_blocked, id=6408, stack(0x000000001a870000,0x000000001a970000)]
  0x000000001901d000 JavaThread "C2 CompilerThread0" daemon [_thread_blocked, id=21000, stack(0x000000001a770000,0x000000001a870000)]
  0x000000001901b800 JavaThread "Attach Listener" daemon [_thread_blocked, id=21792, stack(0x000000001a670000,0x000000001a770000)]
  0x000000001900a000 JavaThread "Finalizer" daemon [_thread_blocked, id=14532, stack(0x000000001a280000,0x000000001a380000)]
  0x00000000023af000 JavaThread "Reference Handler" daemon [_thread_blocked, id=4304, stack(0x000000001a180000,0x000000001a280000)]
  0x000000000051d800 JavaThread "main" [_thread_blocked, id=16888, stack(0x0000000002120000,0x0000000002220000)]

Other Threads:
=>0x0000000018fe8000 VMThread [stack: 0x000000001a080000,0x000000001a180000] [id=16560]

VM state:at safepoint (shutting down)

VM Mutex/Monitor currently owned by a thread:  ([mutex/lock_event])
[0x000000000051c8a0] Threads_lock - owner thread: 0x0000000018fe8000

Heap:
 PSYoungGen      total 54784K, used 14023K [0x0000000782f00000, 0x0000000786c00000, 0x00000007c0000000)
  eden space 47104K, 20% used [0x0000000782f00000,0x00000007838344b8,0x0000000785d00000)
  from space 7680K, 59% used [0x0000000786480000,0x00000007868fd848,0x0000000786c00000)
  to   space 7680K, 0% used [0x0000000785d00000,0x0000000785d00000,0x0000000786480000)
 ParOldGen       total 125952K, used 24K [0x0000000708c00000, 0x0000000710700000, 0x0000000782f00000)
  object space 125952K, 0% used [0x0000000708c00000,0x0000000708c06000,0x0000000710700000)
 Metaspace       used 10269K, capacity 10420K, committed 10496K, reserved 1058816K
  class space    used 1199K, capacity 1259K, committed 1280K, reserved 1048576K

Card table byte_map: [0x0000000011780000,0x0000000011d40000] byte_map_base: 0x000000000df3a000

Marking Bits: (ParMarkBitMap*) 0x00000000773ea6c0
 Begin Bits: [0x0000000012520000, 0x00000000152f0000)
 End Bits:   [0x00000000152f0000, 0x00000000180c0000)

Polling page: 0x0000000002220000

CodeCache: size=245760Kb used=3161Kb max_used=3173Kb free=242598Kb
 bounds [0x00000000023c0000, 0x00000000026e0000, 0x00000000113c0000]
 total_blobs=1570 nmethods=910 adapters=574
 compilation: enabled

Compilation events (10 events):
Event: 9.931 Thread 0x0000000019036800  906       3       java.util.concurrent.locks.ReentrantLock$Sync::nonfairTryAcquire (67 bytes)
Event: 9.932 Thread 0x0000000019036800 nmethod 906 0x00000000026d6050 code [0x00000000026d61e0, 0x00000000026d6928]
Event: 9.955 Thread 0x0000000019036800  907       3       java.util.concurrent.locks.AbstractQueuedSynchronizer$Node::predecessor (19 bytes)
Event: 9.955 Thread 0x0000000019036800 nmethod 907 0x00000000026d6ad0 code [0x00000000026d6c40, 0x00000000026d6e88]
Event: 9.970 Thread 0x0000000019036800  908       3       java.util.concurrent.locks.AbstractQueuedSynchronizer::compareAndSetWaitStatus (13 bytes)
Event: 9.971 Thread 0x0000000019036800 nmethod 908 0x00000000026d6f50 code [0x00000000026d70a0, 0x00000000026d71f0]
Event: 10.193 Thread 0x0000000019036800  909       3       java.lang.Boolean::valueOf (14 bytes)
Event: 10.193 Thread 0x0000000019036800 nmethod 909 0x00000000026d7250 code [0x00000000026d73a0, 0x00000000026d7530]
Event: 10.464 Thread 0x000000001901d000  910  s    4       java.util.Vector::elementAt (48 bytes)
Event: 10.466 Thread 0x000000001901d000 nmethod 910 0x00000000026da410 code [0x00000000026da560, 0x00000000026da7d8]

GC Heap History (4 events):
Event: 5.825 GC heap before
{Heap before GC invocations=1 (full 0):
 PSYoungGen      total 54784K, used 47000K [0x0000000782f00000, 0x0000000786c00000, 0x00000007c0000000)
  eden space 47104K, 99% used [0x0000000782f00000,0x0000000785ce6050,0x0000000785d00000)
  from space 7680K, 0% used [0x0000000786480000,0x0000000786480000,0x0000000786c00000)
  to   space 7680K, 0% used [0x0000000785d00000,0x0000000785d00000,0x0000000786480000)
 ParOldGen       total 125952K, used 0K [0x0000000708c00000, 0x0000000710700000, 0x0000000782f00000)
  object space 125952K, 0% used [0x0000000708c00000,0x0000000708c00000,0x0000000710700000)
 Metaspace       used 10195K, capacity 10356K, committed 10496K, reserved 1058816K
  class space    used 1197K, capacity 1259K, committed 1280K, reserved 1048576K
Event: 5.833 GC heap after
Heap after GC invocations=1 (full 0):
 PSYoungGen      total 54784K, used 7431K [0x0000000782f00000, 0x0000000786c00000, 0x00000007c0000000)
  eden space 47104K, 0% used [0x0000000782f00000,0x0000000782f00000,0x0000000785d00000)
  from space 7680K, 96% used [0x0000000785d00000,0x0000000786441dc0,0x0000000786480000)
  to   space 7680K, 0% used [0x0000000786480000,0x0000000786480000,0x0000000786c00000)
 ParOldGen       total 125952K, used 16K [0x0000000708c00000, 0x0000000710700000, 0x0000000782f00000)
  object space 125952K, 0% used [0x0000000708c00000,0x0000000708c04000,0x0000000710700000)
 Metaspace       used 10195K, capacity 10356K, committed 10496K, reserved 1058816K
  class space    used 1197K, capacity 1259K, committed 1280K, reserved 1048576K
}
Event: 9.885 GC heap before
{Heap before GC invocations=2 (full 0):
 PSYoungGen      total 54784K, used 54535K [0x0000000782f00000, 0x0000000786c00000, 0x00000007c0000000)
  eden space 47104K, 100% used [0x0000000782f00000,0x0000000785d00000,0x0000000785d00000)
  from space 7680K, 96% used [0x0000000785d00000,0x0000000786441dc0,0x0000000786480000)
  to   space 7680K, 0% used [0x0000000786480000,0x0000000786480000,0x0000000786c00000)
 ParOldGen       total 125952K, used 16K [0x0000000708c00000, 0x0000000710700000, 0x0000000782f00000)
  object space 125952K, 0% used [0x0000000708c00000,0x0000000708c04000,0x0000000710700000)
 Metaspace       used 10255K, capacity 10420K, committed 10496K, reserved 1058816K
  class space    used 1197K, capacity 1259K, committed 1280K, reserved 1048576K
Event: 9.891 GC heap after
Heap after GC invocations=2 (full 0):
 PSYoungGen      total 54784K, used 4598K [0x0000000782f00000, 0x0000000786c00000, 0x00000007c0000000)
  eden space 47104K, 0% used [0x0000000782f00000,0x0000000782f00000,0x0000000785d00000)
  from space 7680K, 59% used [0x0000000786480000,0x00000007868fd848,0x0000000786c00000)
  to   space 7680K, 0% used [0x0000000785d00000,0x0000000785d00000,0x0000000786480000)
 ParOldGen       total 125952K, used 24K [0x0000000708c00000, 0x0000000710700000, 0x0000000782f00000)
  object space 125952K, 0% used [0x0000000708c00000,0x0000000708c06000,0x0000000710700000)
 Metaspace       used 10255K, capacity 10420K, committed 10496K, reserved 1058816K
  class space    used 1197K, capacity 1259K, committed 1280K, reserved 1048576K
}

Deoptimization events (0 events):
No events

Internal exceptions (10 events):
Event: 0.077 Thread 0x000000000051d800 Exception <a 'java/lang/NoSuchMethodError': Method sun.misc.Unsafe.defineClass(Ljava/lang/String;[BII)Ljava/lang/Class; name or signature does not match> (0x0000000782f07c78) thrown at [C:\re\workspace\8-2-build-windows-amd64-cygwin\jdk8u111\7883\hotspot\
Event: 0.077 Thread 0x000000000051d800 Exception <a 'java/lang/NoSuchMethodError': Method sun.misc.Unsafe.prefetchRead(Ljava/lang/Object;J)V name or signature does not match> (0x0000000782f07f60) thrown at [C:\re\workspace\8-2-build-windows-amd64-cygwin\jdk8u111\7883\hotspot\src\share\vm\prims
Event: 0.260 Thread 0x000000000051d800 Exception <a 'java/security/PrivilegedActionException'> (0x00000007830df0d0) thrown at [C:\re\workspace\8-2-build-windows-amd64-cygwin\jdk8u111\7883\hotspot\src\share\vm\prims\jvm.cpp, line 1386]
Event: 0.260 Thread 0x000000000051d800 Exception <a 'java/security/PrivilegedActionException'> (0x00000007830df2e0) thrown at [C:\re\workspace\8-2-build-windows-amd64-cygwin\jdk8u111\7883\hotspot\src\share\vm\prims\jvm.cpp, line 1386]
Event: 0.261 Thread 0x000000000051d800 Exception <a 'java/security/PrivilegedActionException'> (0x00000007830e2f28) thrown at [C:\re\workspace\8-2-build-windows-amd64-cygwin\jdk8u111\7883\hotspot\src\share\vm\prims\jvm.cpp, line 1386]
Event: 0.261 Thread 0x000000000051d800 Exception <a 'java/security/PrivilegedActionException'> (0x00000007830e3138) thrown at [C:\re\workspace\8-2-build-windows-amd64-cygwin\jdk8u111\7883\hotspot\src\share\vm\prims\jvm.cpp, line 1386]
Event: 2.374 Thread 0x000000000051d800 Exception <a 'java/io/FileNotFoundException'> (0x0000000783290f58) thrown at [C:\re\workspace\8-2-build-windows-amd64-cygwin\jdk8u111\7883\hotspot\src\share\vm\prims\jni.cpp, line 709]
Event: 2.427 Thread 0x000000000051d800 Exception <a 'java/lang/NoSuchFieldError': method resolution failed> (0x000000078335e300) thrown at [C:\re\workspace\8-2-build-windows-amd64-cygwin\jdk8u111\7883\hotspot\src\share\vm\prims\methodHandles.cpp, line 1146]
Event: 2.429 Thread 0x000000000051d800 Exception <a 'java/lang/NoSuchFieldError': method resolution failed> (0x000000078336b6a0) thrown at [C:\re\workspace\8-2-build-windows-amd64-cygwin\jdk8u111\7883\hotspot\src\share\vm\prims\methodHandles.cpp, line 1146]
Event: 2.568 Thread 0x000000000051d800 Exception <a 'java/io/FileNotFoundException'> (0x0000000783603838) thrown at [C:\re\workspace\8-2-build-windows-amd64-cygwin\jdk8u111\7883\hotspot\src\share\vm\prims\jni.cpp, line 709]

Events (10 events):
Event: 10.509 loading class java/util/WeakHashMap$HashIterator
Event: 10.509 loading class java/util/WeakHashMap$HashIterator done
Event: 10.510 loading class java/util/WeakHashMap$KeyIterator done
Event: 10.510 Thread 0x000000001ae1e800 Thread exited: 0x000000001ae1e800
Event: 10.510 loading class sun/java2d/pipe/hw/AccelDeviceEventNotifier
Event: 10.511 loading class sun/java2d/pipe/hw/AccelDeviceEventNotifier done
Event: 10.557 Thread 0x000000001ae5f800 Thread exited: 0x000000001ae5f800
Event: 10.610 Thread 0x000000001ad15800 Thread exited: 0x000000001ad15800
Event: 10.615 Thread 0x000000001901a800 Thread exited: 0x000000001901a800
Event: 10.615 Executing VM operation: Exit


Dynamic libraries:
0x00007ff6bf9a0000 - 0x00007ff6bf9d7000 	C:\Program Files\Java\jre1.8.0_111\bin\javaw.exe
0x00007ff80ae00000 - 0x00007ff80afdb000 	C:\WINDOWS\SYSTEM32\ntdll.dll
0x00007ff8088a0000 - 0x00007ff80894e000 	C:\WINDOWS\System32\KERNEL32.DLL
0x00007ff807320000 - 0x00007ff807569000 	C:\WINDOWS\System32\KERNELBASE.dll
0x00007ff8083c0000 - 0x00007ff808461000 	C:\WINDOWS\System32\ADVAPI32.dll
0x00007ff8085b0000 - 0x00007ff80864d000 	C:\WINDOWS\System32\msvcrt.dll
0x00007ff808cf0000 - 0x00007ff808d49000 	C:\WINDOWS\System32\sechost.dll
0x00007ff8086c0000 - 0x00007ff8087e5000 	C:\WINDOWS\System32\RPCRT4.dll
0x00007ff808950000 - 0x00007ff808a9a000 	C:\WINDOWS\System32\USER32.dll
0x00007ff8082f0000 - 0x00007ff80830e000 	C:\WINDOWS\System32\win32u.dll
0x00007ff8087f0000 - 0x00007ff808817000 	C:\WINDOWS\System32\GDI32.dll
0x00007ff807820000 - 0x00007ff8079a7000 	C:\WINDOWS\System32\gdi32full.dll
0x00007ff8075d0000 - 0x00007ff80766a000 	C:\WINDOWS\System32\msvcp_win.dll
0x00007ff807670000 - 0x00007ff807766000 	C:\WINDOWS\System32\ucrtbase.dll
0x00007ffffbcb0000 - 0x00007ffffbf17000 	C:\WINDOWS\WinSxS\amd64_microsoft.windows.common-controls_6595b64144ccf1df_6.0.15063.483_none_26002d27e7c744a2\COMCTL32.dll
0x00007ff808f20000 - 0x00007ff809219000 	C:\WINDOWS\System32\combase.dll
0x00007ff8079b0000 - 0x00007ff807a1a000 	C:\WINDOWS\System32\bcryptPrimitives.dll
0x00007ff808470000 - 0x00007ff80849d000 	C:\WINDOWS\System32\IMM32.DLL
0x00000000754f0000 - 0x00000000755c2000 	C:\Program Files\Java\jre1.8.0_111\bin\msvcr100.dll
0x0000000076bd0000 - 0x000000007746a000 	C:\Program Files\Java\jre1.8.0_111\bin\server\jvm.dll
0x00007ff808aa0000 - 0x00007ff808aa8000 	C:\WINDOWS\System32\PSAPI.DLL
0x00007ffff7e50000 - 0x00007ffff7e59000 	C:\WINDOWS\SYSTEM32\WSOCK32.dll
0x00007ff808c80000 - 0x00007ff808cec000 	C:\WINDOWS\System32\WS2_32.dll
0x00007ff804e30000 - 0x00007ff804e53000 	C:\WINDOWS\SYSTEM32\WINMM.dll
0x00007ff805740000 - 0x00007ff80574a000 	C:\WINDOWS\SYSTEM32\VERSION.dll
0x00007ff804cd0000 - 0x00007ff804cfb000 	C:\WINDOWS\SYSTEM32\WINMMBASE.dll
0x00007ff808310000 - 0x00007ff808359000 	C:\WINDOWS\System32\cfgmgr32.dll
0x0000000076bc0000 - 0x0000000076bcf000 	C:\Program Files\Java\jre1.8.0_111\bin\verify.dll
0x0000000076b90000 - 0x0000000076bb9000 	C:\Program Files\Java\jre1.8.0_111\bin\java.dll
0x0000000076b70000 - 0x0000000076b86000 	C:\Program Files\Java\jre1.8.0_111\bin\zip.dll
0x00007ff8097d0000 - 0x00007ff80ac07000 	C:\WINDOWS\System32\SHELL32.dll
0x00007ff808ab0000 - 0x00007ff808b5a000 	C:\WINDOWS\System32\shcore.dll
0x00007ff807a20000 - 0x00007ff808111000 	C:\WINDOWS\System32\windows.storage.dll
0x00007ff808360000 - 0x00007ff8083b1000 	C:\WINDOWS\System32\shlwapi.dll
0x00007ff8072e0000 - 0x00007ff8072f1000 	C:\WINDOWS\System32\kernel.appcore.dll
0x00007ff807290000 - 0x00007ff8072dc000 	C:\WINDOWS\System32\powrprof.dll
0x00007ff807300000 - 0x00007ff807315000 	C:\WINDOWS\System32\profapi.dll
0x00007fffd91c0000 - 0x00007fffd9b06000 	C:\Users\finma\Documents\GitHub\TrackerboxReloaded\build\opencv\opencv_java310.dll
0x00007ff80ac10000 - 0x00007ff80ad55000 	C:\WINDOWS\System32\ole32.dll
0x00007ff808b60000 - 0x00007ff808c20000 	C:\WINDOWS\System32\OLEAUT32.dll
0x00007ffff4ba0000 - 0x00007ffff4bc9000 	C:\WINDOWS\SYSTEM32\MSVFW32.dll
0x00007ffff9870000 - 0x00007ffff988f000 	C:\WINDOWS\SYSTEM32\AVIFIL32.dll
0x00007ffff96f0000 - 0x00007ffff9708000 	C:\WINDOWS\SYSTEM32\AVICAP32.dll
0x00007ffff9450000 - 0x00007ffff946c000 	C:\WINDOWS\SYSTEM32\MSACM32.dll
0x00007ff806dd0000 - 0x00007ff806de7000 	C:\WINDOWS\SYSTEM32\CRYPTSP.dll
0x00007ff806410000 - 0x00007ff806444000 	C:\WINDOWS\system32\rsaenh.dll
0x00007ff807140000 - 0x00007ff807165000 	C:\WINDOWS\SYSTEM32\bcrypt.dll
0x00007ff807170000 - 0x00007ff807199000 	C:\WINDOWS\SYSTEM32\USERENV.dll
0x00007ff806990000 - 0x00007ff80699b000 	C:\WINDOWS\SYSTEM32\CRYPTBASE.dll
0x0000000076b50000 - 0x0000000076b6a000 	C:\Program Files\Java\jre1.8.0_111\bin\net.dll
0x00007ff8067f0000 - 0x00007ff80684c000 	C:\WINDOWS\system32\mswsock.dll
0x00007ff806590000 - 0x00007ff8065c7000 	C:\WINDOWS\SYSTEM32\IPHLPAPI.DLL
0x00007ff8086b0000 - 0x00007ff8086b8000 	C:\WINDOWS\System32\NSI.dll
0x00007ffffef70000 - 0x00007ffffef86000 	C:\WINDOWS\SYSTEM32\dhcpcsvc6.DLL
0x00007fffff000000 - 0x00007fffff01a000 	C:\WINDOWS\SYSTEM32\dhcpcsvc.DLL
0x0000000076b30000 - 0x0000000076b41000 	C:\Program Files\Java\jre1.8.0_111\bin\nio.dll
0x00007fffe4530000 - 0x00007fffe4619000 	C:\Users\finma\AppData\Local\Temp\NetworkTablesJNI3029636121137110650.dll
0x00007fffdc3e0000 - 0x00007fffdc6cc000 	C:\Users\finma\AppData\Local\Temp\CameraServerJNI4289820859478362118.dll
0x00007ff805180000 - 0x00007ff805215000 	C:\WINDOWS\system32\uxtheme.dll
0x00007ff80ad60000 - 0x00007ff80adfe000 	C:\WINDOWS\System32\clbcatq.dll
0x00007ffff78e0000 - 0x00007ffff78f7000 	C:\Windows\System32\devenum.dll
0x00007ff809390000 - 0x00007ff8097cb000 	C:\WINDOWS\System32\setupapi.dll
0x00007ff8060f0000 - 0x00007ff806121000 	C:\WINDOWS\SYSTEM32\ntmarta.dll
0x00007ff8053c0000 - 0x00007ff8053e8000 	C:\WINDOWS\SYSTEM32\DEVOBJ.dll
0x00007ff807570000 - 0x00007ff8075c6000 	C:\WINDOWS\System32\WINTRUST.dll
0x00007ff807270000 - 0x00007ff807281000 	C:\WINDOWS\System32\MSASN1.dll
0x00007ff808120000 - 0x00007ff8082e9000 	C:\WINDOWS\System32\CRYPT32.dll
0x00007ff8016a0000 - 0x00007ff8016ab000 	C:\WINDOWS\SYSTEM32\msdmo.dll
0x00007fffeeb40000 - 0x00007fffeeb72000 	C:\Windows\System32\qcap.dll
0x00007fffde410000 - 0x00007fffde5cc000 	C:\Windows\System32\quartz.dll
0x00007ff809220000 - 0x00007ff809386000 	C:\WINDOWS\System32\MSCTF.dll
0x00007ff803560000 - 0x00007ff80358a000 	C:\WINDOWS\system32\dwmapi.dll
0x00007fffee700000 - 0x00007fffee74d000 	C:\Windows\System32\mfksproxy.dll
0x00007fffef4c0000 - 0x00007fffef4f2000 	C:\Windows\System32\MFSENSORGROUP.dll
0x00007ffff3c90000 - 0x00007ffff3cac000 	C:\Windows\System32\ATL.DLL
0x00007ffff98f0000 - 0x00007ffff9a90000 	C:\Windows\System32\MFPlat.DLL
0x00007ffff9a90000 - 0x00007ffff9ac2000 	C:\Windows\System32\RTWorkQ.DLL
0x00007fffca300000 - 0x00007fffca778000 	C:\Windows\System32\MFCORE.dll
0x00007ffff4a30000 - 0x00007ffff4a39000 	C:\Windows\System32\ksuser.dll
0x00007fffe7ac0000 - 0x00007fffe7b0a000 	C:\Windows\System32\FSClient.dll
0x00007ff805880000 - 0x00007ff805924000 	C:\Windows\System32\dxgi.dll
0x00007ff804520000 - 0x00007ff8047ff000 	C:\Windows\System32\d3d11.dll
0x00007ff8026b0000 - 0x00007ff8026bb000 	C:\Windows\System32\AVRT.dll
0x00007ff803a00000 - 0x00007ff803a0c000 	C:\Windows\System32\vidcap.ax
0x00007ffff4b40000 - 0x00007ffff4b66000 	C:\Windows\System32\kswdmcap.ax
0x00007fffdf650000 - 0x00007fffdf7b4000 	C:\Windows\System32\MFC42.dll
0x00007ff803400000 - 0x00007ff803477000 	C:\WINDOWS\SYSTEM32\policymanager.dll
0x00007ff803230000 - 0x00007ff8032bf000 	C:\Windows\System32\msvcp110_win.dll
0x00007fffe21f0000 - 0x00007fffe22e4000 	C:\Windows\System32\MFReadWrite.dll
0x00007fffe33d0000 - 0x00007fffe346f000 	C:\Windows\System32\qedit.dll
0x00007ff8084a0000 - 0x00007ff8085a8000 	C:\WINDOWS\System32\COMDLG32.dll
0x00007ffffbf20000 - 0x00007ffffc0b5000 	C:\WINDOWS\WinSxS\amd64_microsoft.windows.gdiplus_6595b64144ccf1df_1.1.15063.608_none_56f0266b425534e9\gdiplus.dll
0x00007fffdce70000 - 0x00007fffdcf66000 	C:\Windows\System32\DDRAW.dll
0x00007ffffbbf0000 - 0x00007ffffbbf8000 	C:\Windows\System32\DCIMAN32.dll
0x00007ff801420000 - 0x00007ff80142c000 	C:\WINDOWS\SYSTEM32\msyuv.dll
0x0000000075350000 - 0x00000000754e8000 	C:\Program Files\Java\jre1.8.0_111\bin\awt.dll
0x00007ff805060000 - 0x00007ff8050de000 	C:\WINDOWS\SYSTEM32\apphelp.dll
0x0000000075310000 - 0x0000000075341000 	C:\Program Files\Java\jre1.8.0_111\bin\jpeg.dll
0x00000000752c0000 - 0x0000000075307000 	C:\Program Files\Java\jre1.8.0_111\bin\fontmanager.dll
0x00007fffff4a0000 - 0x00007fffff522000 	C:\WINDOWS\System32\TextInputFramework.dll
0x00007fffff070000 - 0x00007fffff342000 	C:\WINDOWS\System32\CoreUIComponents.dll
0x00007ff804830000 - 0x00007ff804913000 	C:\WINDOWS\System32\CoreMessaging.dll
0x00007ff8035d0000 - 0x00007ff803709000 	C:\WINDOWS\SYSTEM32\wintypes.dll
0x00007ff8034a0000 - 0x00007ff8034b5000 	C:\WINDOWS\SYSTEM32\usermgrcli.dll
0x00007ff8065e0000 - 0x00007ff806684000 	C:\WINDOWS\SYSTEM32\DNSAPI.dll
0x0000000077660000 - 0x0000000077686000 	C:\Program Files\Bonjour\mdnsNSP.dll
0x00000000776b0000 - 0x00000000776c9000 	C:\WINDOWS\SYSTEM32\dnssd.dll
0x00007ffff57f0000 - 0x00007ffff57fa000 	C:\Windows\System32\rasadhlp.dll
0x00007ff806bb0000 - 0x00007ff806d59000 	C:\WINDOWS\SYSTEM32\dbghelp.dll

VM Arguments:
jvm_args: -Djava.library.path=C:\Users\finma\Documents\GitHub\TrackerboxReloaded\build\opencv -Dfile.encoding=Cp1252 
java_command: main.java.Main
java_class_path (initial): C:\Users\finma\Documents\GitHub\TrackerboxReloaded\bin;C:\Users\finma\Documents\GitHub\TrackerboxReloaded\build\libs\CameraVision-all.jar;C:\Users\finma\Documents\GitHub\TrackerboxReloaded\build\libs\CameraVision.jar
Launcher Type: SUN_STANDARD

Environment Variables:
JAVA_HOME=C:\Program Files\Java\jdk1.8.0_111\
CLASSPATH=C:\Program Files\Java\jre7\lib\ext\mysql-connector.jar;C:\Program Files\OpenNI\Bin64\org.OpenNI.jar
PATH=C:/Program Files/Java/jre1.8.0_111/bin/server;C:/Program Files/Java/jre1.8.0_111/bin;C:/Program Files/Java/jre1.8.0_111/lib/amd64;C:\ProgramData\Oracle\Java\javapath;C:\Program Files\Java\jdk1.8.0_111\bin;C:\WINDOWS\system32;C:\WINDOWS;C:\WINDOWS\System32\Wbem;C:\WINDOWS\System32\WindowsPowerShell\v1.0\;C:\Program Files (x86)\Windows Live\Shared;C:\Program Files (x86)\Skype\Phone\;C:\Program Files\Git\cmd;C:\Users\finma\Desktop\ant\bin;C:\Gradle\bin;C:\Program Files\Intel\WiFi\bin\;C:\Program Files\Common Files\Intel\WirelessCommon\;C:\Users\finma\Desktop\BackedUpFiles\maven\bin;C:\Program Files\CMake\bin;C:\Program Files (x86)\Windows Kits\8.1\Windows Performance Toolkit\;C:\Program Files\PrimeSense\NITE\bin64;C:\Program Files\PuTTY\;C:\Program Files\OpenNI\Bin64;C:\Program Files\PCL 1.6.0\bin;C:\Program Files (x86)\OpenNI\Bin;C:\Users\finma\AppData\Local\Programs\Python\Python36\Scripts\;C:\Users\finma\AppData\Local\Programs\Python\Python36\;C:\Users\finma\AppData\Local\Microsoft\WindowsApps;;C:\WINDOWS\system32;
USERNAME=finma
OS=Windows_NT
PROCESSOR_IDENTIFIER=AMD64 Family 21 Model 101 Stepping 1, AuthenticAMD



---------------  S Y S T E M  ---------------

OS: Windows 10.0 , 64 bit Build 15063 (10.0.15063.296)

CPU:total 4 (4 cores per cpu, 1 threads per core) family 21 model 101 stepping 1, cmov, cx8, fxsr, mmx, sse, sse2, sse3, ssse3, sse4.1, sse4.2, popcnt, avx, avx2, aes, clmul, mmxext, 3dnowpref, lzcnt, sse4a, tsc, tscinvbit, tscinv, bmi1

Memory: 4k page, physical 12005684k(5966548k free), swap 15824724k(6832864k free)

vm_info: Java HotSpot(TM) 64-Bit Server VM (25.111-b14) for windows-amd64 JRE (1.8.0_111-b14), built on Sep 22 2016 19:24:05 by "java_re" with MS VC++ 10.0 (VS2010)

time: Sun Jan 14 15:41:38 2018
elapsed time: 12 seconds (0d 0h 0m 12s)

